#
# There is insufficient memory for the Java Runtime Environment to continue.
# Native memory allocation (mmap) failed to map 304087040 bytes for Failed to commit area from 0x000000008ce00000 to 0x000000009f000000 of length 304087040.
# Possible reasons:
#   The system is out of physical RAM or swap space
#   The process is running with CompressedOops enabled, and the Java Heap may be blocking the growth of the native heap
# Possible solutions:
#   Reduce memory load on the system
#   Increase physical memory or swap space
#   Check if swap backing store is full
#   Decrease Java heap size (-Xmx/-Xms)
#   Decrease number of Java threads
#   Decrease Java thread stack sizes (-Xss)
#   Set larger code cache with -XX:ReservedCodeCacheSize=
#   JVM is running with Unscaled Compressed Oops mode in which the Java heap is
#     placed in the first 4GB address space. The Java Heap base address is the
#     maximum limit for the native heap growth. Please use -XX:HeapBaseMinAddress
#     to set the Java Heap base and to place the Java Heap above 4GB virtual address.
# This output file may be truncated or incomplete.
#
#  Out of Memory Error (t:/workspace/open/src/hotspot/os/windows/os_windows.cpp:3301), pid=19588, tid=12704
#
# JRE version: Java(TM) SE Runtime Environment (13.0+33) (build 13+33)
# Java VM: Java HotSpot(TM) 64-Bit Server VM (13+33, mixed mode, sharing, tiered, compressed oops, g1 gc, windows-amd64)
# No core dump will be written. Minidumps are not enabled by default on client versions of Windows
#

---------------  S U M M A R Y ------------

Command Line: --module-path=C:\Users\Alusik\Desktop\javafx-sdk-11.0.2\lib --add-modules=javafx.controls,javafx.fxml --add-modules=javafx.base,javafx.graphics --add-reads=javafx.base=ALL-UNNAMED --add-reads=javafx.graphics=ALL-UNNAMED -javaagent:C:\Program Files\JetBrains\IntelliJ IDEA 2020.1.1\lib\idea_rt.jar=50127:C:\Program Files\JetBrains\IntelliJ IDEA 2020.1.1\bin -Dfile.encoding=UTF-8 sample.Main

Host: Intel(R) Core(TM) i3-4030U CPU @ 1.90GHz, 4 cores, 7G,  Windows 10 , 64 bit Build 18362 (10.0.18362.778)
Time: Thu Jun  4 19:50:11 2020 Oeieyiaey (eaoi) elapsed time: 15 seconds (0d 0h 0m 15s)

---------------  T H R E A D  ---------------

Current thread (0x0000026946bc7800):  VMThread "VM Thread" [stack: 0x00000076aeb00000,0x00000076aec00000] [id=12704]

Stack: [0x00000076aeb00000,0x00000076aec00000]
[error occurred during error reporting (printing stack bounds), id 0xc0000005, EXCEPTION_ACCESS_VIOLATION (0xc0000005) at pc=0x00000269302b10ad]

Native frames: (J=compiled Java code, j=interpreted, Vv=VM code, C=native code)
V  [jvm.dll+0x626eaa]
V  [jvm.dll+0x772c4a]
V  [jvm.dll+0x7743ff]
V  [jvm.dll+0x774965]
V  [jvm.dll+0x77491b]
V  [jvm.dll+0x6266df]
C  [ntdll.dll+0x785b6]
C  [ntdll.dll+0x6a056]
C  [ntdll.dll+0x9fe3e]
C  0x00000269302b10ad

VM_Operation (0x00000076afafc050): G1CollectForAllocation, mode: safepoint, requested by thread 0x0000026947e52800


---------------  P R O C E S S  ---------------

Threads class SMR info:
_java_thread_list=0x00000269490a3b80, length=18, elements={
0x00000269265a0800, 0x0000026946bcc800, 0x0000026946bd0000, 0x0000026946bef000,
0x0000026946bf0000, 0x0000026946bf1000, 0x0000026946bf4000, 0x0000026946c2a800,
0x0000026947620800, 0x000002694806c000, 0x0000026947b0a800, 0x0000026948b58000,
0x0000026948182800, 0x0000026947e52800, 0x00000269481e3800, 0x00000269481de000,
0x0000026948f59800, 0x0000026948371800
}

Java Threads: ( => current thread )
  0x00000269265a0800 JavaThread "main" [_thread_blocked, id=16136, stack(0x00000076ae500000,0x00000076ae600000)]
  0x0000026946bcc800 JavaThread "Reference Handler" daemon [_thread_blocked, id=20456, stack(0x00000076aec00000,0x00000076aed00000)]
  0x0000026946bd0000 JavaThread "Finalizer" daemon [_thread_blocked, id=21472, stack(0x00000076aed00000,0x00000076aee00000)]
  0x0000026946bef000 JavaThread "Signal Dispatcher" daemon [_thread_blocked, id=8752, stack(0x00000076aee00000,0x00000076aef00000)]
  0x0000026946bf0000 JavaThread "Attach Listener" daemon [_thread_blocked, id=8264, stack(0x00000076aef00000,0x00000076af000000)]
  0x0000026946bf1000 JavaThread "C2 CompilerThread0" daemon [_thread_blocked, id=12036, stack(0x00000076af000000,0x00000076af100000)]
  0x0000026946bf4000 JavaThread "C1 CompilerThread0" daemon [_thread_blocked, id=7104, stack(0x00000076af100000,0x00000076af200000)]
  0x0000026946c2a800 JavaThread "Sweeper thread" daemon [_thread_blocked, id=20920, stack(0x00000076af200000,0x00000076af300000)]
  0x0000026947620800 JavaThread "Common-Cleaner" daemon [_thread_blocked, id=11472, stack(0x00000076af300000,0x00000076af400000)]
  0x000002694806c000 JavaThread "Monitor Ctrl-Break" daemon [_thread_in_native, id=2144, stack(0x00000076af500000,0x00000076af600000)]
  0x0000026947b0a800 JavaThread "Service Thread" daemon [_thread_blocked, id=6976, stack(0x00000076af600000,0x00000076af700000)]
  0x0000026948b58000 JavaThread "QuantumRenderer-0" daemon [_thread_blocked, id=17980, stack(0x00000076af800000,0x00000076af900000)]
  0x0000026948182800 JavaThread "InvokeLaterDispatcher" daemon [_thread_blocked, id=17340, stack(0x00000076af900000,0x00000076afa00000)]
  0x0000026947e52800 JavaThread "JavaFX Application Thread" [_thread_blocked, id=10908, stack(0x00000076afa00000,0x00000076afb00000)]
  0x00000269481e3800 JavaThread "Thread-1" daemon [_thread_blocked, id=16392, stack(0x00000076af400000,0x00000076af500000)]
  0x00000269481de000 JavaThread "JavaFX-Launcher" [_thread_blocked, id=19576, stack(0x00000076b0100000,0x00000076b0200000)]
  0x0000026948f59800 JavaThread "Prism Font Disposer" daemon [_thread_blocked, id=18628, stack(0x00000076b0600000,0x00000076b0700000)]
  0x0000026948371800 JavaThread "Cleaner-0" daemon [_thread_blocked, id=16848, stack(0x00000076b0800000,0x00000076b0900000)]

Other Threads:
=>0x0000026946bc7800 VMThread "VM Thread" [stack: 0x00000076aeb00000,0x00000076aec00000] [id=12704]
  0x0000026947dc1000 WatcherThread [stack: 0x00000076af700000,0x00000076af800000] [id=17636]
  0x00000269265e3800 GCTaskThread "GC Thread#0" [stack: 0x00000076ae600000,0x00000076ae700000] [id=10536]
  0x0000026947e53000 GCTaskThread "GC Thread#1" [stack: 0x00000076afb00000,0x00000076afc00000] [id=9416]
  0x0000026947e54000 GCTaskThread "GC Thread#2" [stack: 0x00000076afc00000,0x00000076afd00000] [id=21224]
  0x0000026947e54800 GCTaskThread "GC Thread#3" [stack: 0x00000076afd00000,0x00000076afe00000] [id=16316]
  0x00000269265f5000 ConcurrentGCThread "G1 Main Marker" [stack: 0x00000076ae700000,0x00000076ae800000] [id=20396]
  0x00000269265f6000 ConcurrentGCThread "G1 Conc#0" [stack: 0x00000076ae800000,0x00000076ae900000] [id=12664]
  0x0000026946a44800 ConcurrentGCThread "G1 Refine#0" [stack: 0x00000076ae900000,0x00000076aea00000] [id=17960]
  0x000002694826d000 ConcurrentGCThread "G1 Refine#1" [stack: 0x00000076b0a00000,0x00000076b0b00000] [id=12232]
  0x0000026947939800 ConcurrentGCThread "G1 Refine#2" [stack: 0x00000076b0b00000,0x00000076b0c00000] [id=4216]
  0x000002694793a000 ConcurrentGCThread "G1 Refine#3" [stack: 0x00000076b0c00000,0x00000076b0d00000] [id=17348]
  0x0000026946a46000 ConcurrentGCThread "G1 Young RemSet Sampling" [stack: 0x00000076aea00000,0x00000076aeb00000] [id=14224]

Threads with active compile tasks:
C1 CompilerThread0    15555 3183       3       sample.Main::lambda$start$7 (1642 bytes)

VM state:at safepoint (normal execution)

VM Mutex/Monitor currently owned by a thread:  ([mutex/lock_event])
[0x000002692659c770] Threads_lock - owner thread: 0x0000026946bc7800
[0x000002692659ddf0] Heap_lock - owner thread: 0x0000026947e52800

Heap address: 0x0000000081600000, size: 2026 MB, Compressed Oops mode: 32-bit
Narrow klass base: 0x0000000800000000, Narrow klass shift: 3
Compressed class space size: 1073741824 Address: 0x0000000800b40000

Heap:
 garbage-first heap   total 485376K, used 147456K [0x0000000081600000, 0x0000000100000000)
  region size 1024K, 2 young (2048K), 2 survivors (2048K)
 Metaspace       used 15943K, capacity 17603K, committed 17792K, reserved 1064960K
  class space    used 2204K, capacity 2581K, committed 2688K, reserved 1048576K
Heap Regions: E=young(eden), S=young(survivor), O=old, HS=humongous(starts), HC=humongous(continues), CS=collection set, F=free, A=archive, TAMS=top-at-mark-start (previous, next)
|   0|0x0000000081600000, 0x0000000081700000, 0x0000000081700000|100%| O|  |TAMS 0x0000000081700000, 0x0000000081700000| Untracked 
|   1|0x0000000081700000, 0x0000000081800000, 0x0000000081800000|100%| O|  |TAMS 0x0000000081800000, 0x0000000081800000| Untracked 
|   2|0x0000000081800000, 0x0000000081900000, 0x0000000081900000|100%| O|  |TAMS 0x0000000081900000, 0x0000000081900000| Untracked 
|   3|0x0000000081900000, 0x0000000081a00000, 0x0000000081a00000|100%| O|  |TAMS 0x0000000081a00000, 0x0000000081a00000| Untracked 
|   4|0x0000000081a00000, 0x0000000081b00000, 0x0000000081b00000|100%| O|  |TAMS 0x0000000081b00000, 0x0000000081b00000| Untracked 
|   5|0x0000000081b00000, 0x0000000081c00000, 0x0000000081c00000|100%| O|  |TAMS 0x0000000081c00000, 0x0000000081c00000| Untracked 
|   6|0x0000000081c00000, 0x0000000081d00000, 0x0000000081d00000|100%|HS|  |TAMS 0x0000000081d00000, 0x0000000081d00000| Complete 
|   7|0x0000000081d00000, 0x0000000081e00000, 0x0000000081e00000|100%|HC|  |TAMS 0x0000000081e00000, 0x0000000081e00000| Complete 
|   8|0x0000000081e00000, 0x0000000081f00000, 0x0000000081f00000|100%| O|  |TAMS 0x0000000081f00000, 0x0000000081f00000| Untracked 
|   9|0x0000000081f00000, 0x0000000082000000, 0x0000000082000000|100%| O|  |TAMS 0x0000000082000000, 0x0000000082000000| Untracked 
|  10|0x0000000082000000, 0x0000000082100000, 0x0000000082100000|100%| O|  |TAMS 0x0000000082100000, 0x0000000082100000| Untracked 
|  11|0x0000000082100000, 0x0000000082200000, 0x0000000082200000|100%| O|  |TAMS 0x0000000082200000, 0x0000000082200000| Untracked 
|  12|0x0000000082200000, 0x0000000082300000, 0x0000000082300000|100%| O|  |TAMS 0x0000000082300000, 0x0000000082300000| Untracked 
|  13|0x0000000082300000, 0x0000000082400000, 0x0000000082400000|100%| O|  |TAMS 0x0000000082400000, 0x0000000082400000| Untracked 
|  14|0x0000000082400000, 0x0000000082500000, 0x0000000082500000|100%| O|  |TAMS 0x0000000082500000, 0x0000000082500000| Untracked 
|  15|0x0000000082500000, 0x0000000082600000, 0x0000000082600000|100%| O|  |TAMS 0x0000000082600000, 0x0000000082600000| Untracked 
|  16|0x0000000082600000, 0x0000000082700000, 0x0000000082700000|100%| O|  |TAMS 0x0000000082700000, 0x0000000082700000| Untracked 
|  17|0x0000000082700000, 0x0000000082800000, 0x0000000082800000|100%| O|  |TAMS 0x0000000082800000, 0x0000000082800000| Untracked 
|  18|0x0000000082800000, 0x0000000082900000, 0x0000000082900000|100%| O|  |TAMS 0x0000000082900000, 0x0000000082900000| Untracked 
|  19|0x0000000082900000, 0x0000000082a00000, 0x0000000082a00000|100%| O|  |TAMS 0x0000000082a00000, 0x0000000082a00000| Untracked 
|  20|0x0000000082a00000, 0x0000000082b00000, 0x0000000082b00000|100%| O|  |TAMS 0x0000000082b00000, 0x0000000082b00000| Untracked 
|  21|0x0000000082b00000, 0x0000000082c00000, 0x0000000082c00000|100%| O|  |TAMS 0x0000000082c00000, 0x0000000082c00000| Untracked 
|  22|0x0000000082c00000, 0x0000000082d00000, 0x0000000082d00000|100%| O|  |TAMS 0x0000000082d00000, 0x0000000082d00000| Untracked 
|  23|0x0000000082d00000, 0x0000000082e00000, 0x0000000082e00000|100%| O|  |TAMS 0x0000000082e00000, 0x0000000082e00000| Untracked 
|  24|0x0000000082e00000, 0x0000000082f00000, 0x0000000082f00000|100%| O|  |TAMS 0x0000000082f00000, 0x0000000082f00000| Untracked 
|  25|0x0000000082f00000, 0x0000000083000000, 0x0000000083000000|100%| O|  |TAMS 0x0000000083000000, 0x0000000083000000| Untracked 
|  26|0x0000000083000000, 0x0000000083100000, 0x0000000083100000|100%| O|  |TAMS 0x0000000083100000, 0x0000000083100000| Untracked 
|  27|0x0000000083100000, 0x0000000083200000, 0x0000000083200000|100%| O|  |TAMS 0x0000000083200000, 0x0000000083200000| Untracked 
|  28|0x0000000083200000, 0x0000000083300000, 0x0000000083300000|100%| O|  |TAMS 0x0000000083300000, 0x0000000083300000| Untracked 
|  29|0x0000000083300000, 0x0000000083400000, 0x0000000083400000|100%| O|  |TAMS 0x0000000083400000, 0x0000000083400000| Untracked 
|  30|0x0000000083400000, 0x0000000083500000, 0x0000000083500000|100%| O|  |TAMS 0x0000000083500000, 0x0000000083500000| Untracked 
|  31|0x0000000083500000, 0x0000000083600000, 0x0000000083600000|100%| O|  |TAMS 0x0000000083600000, 0x0000000083600000| Untracked 
|  32|0x0000000083600000, 0x0000000083700000, 0x0000000083700000|100%| O|  |TAMS 0x0000000083700000, 0x0000000083700000| Untracked 
|  33|0x0000000083700000, 0x0000000083800000, 0x0000000083800000|100%| O|  |TAMS 0x0000000083800000, 0x0000000083800000| Untracked 
|  34|0x0000000083800000, 0x0000000083900000, 0x0000000083900000|100%| O|  |TAMS 0x0000000083900000, 0x0000000083900000| Untracked 
|  35|0x0000000083900000, 0x0000000083a00000, 0x0000000083a00000|100%| O|  |TAMS 0x0000000083a00000, 0x0000000083a00000| Untracked 
|  36|0x0000000083a00000, 0x0000000083b00000, 0x0000000083b00000|100%| O|  |TAMS 0x0000000083b00000, 0x0000000083b00000| Untracked 
|  37|0x0000000083b00000, 0x0000000083c00000, 0x0000000083c00000|100%| O|  |TAMS 0x0000000083c00000, 0x0000000083c00000| Untracked 
|  38|0x0000000083c00000, 0x0000000083d00000, 0x0000000083d00000|100%| O|  |TAMS 0x0000000083d00000, 0x0000000083d00000| Untracked 
|  39|0x0000000083d00000, 0x0000000083e00000, 0x0000000083e00000|100%| O|  |TAMS 0x0000000083e00000, 0x0000000083e00000| Untracked 
|  40|0x0000000083e00000, 0x0000000083f00000, 0x0000000083f00000|100%| O|  |TAMS 0x0000000083e00000, 0x0000000083f00000| Untracked 
|  41|0x0000000083f00000, 0x0000000084000000, 0x0000000084000000|100%| O|  |TAMS 0x0000000083f00000, 0x0000000084000000| Untracked 
|  42|0x0000000084000000, 0x0000000084100000, 0x0000000084100000|100%| O|  |TAMS 0x0000000084000000, 0x0000000084100000| Untracked 
|  43|0x0000000084100000, 0x0000000084200000, 0x0000000084200000|100%| O|  |TAMS 0x0000000084100000, 0x0000000084200000| Untracked 
|  44|0x0000000084200000, 0x0000000084300000, 0x0000000084300000|100%| O|  |TAMS 0x0000000084300000, 0x0000000084300000| Untracked 
|  45|0x0000000084300000, 0x0000000084400000, 0x0000000084400000|100%| O|  |TAMS 0x0000000084400000, 0x0000000084400000| Untracked 
|  46|0x0000000084400000, 0x0000000084500000, 0x0000000084500000|100%| O|  |TAMS 0x0000000084500000, 0x0000000084500000| Untracked 
|  47|0x0000000084500000, 0x0000000084600000, 0x0000000084600000|100%| O|  |TAMS 0x0000000084600000, 0x0000000084600000| Untracked 
|  48|0x0000000084600000, 0x0000000084700000, 0x0000000084700000|100%| O|  |TAMS 0x0000000084700000, 0x0000000084700000| Untracked 
|  49|0x0000000084700000, 0x0000000084800000, 0x0000000084800000|100%| O|  |TAMS 0x0000000084800000, 0x0000000084800000| Untracked 
|  50|0x0000000084800000, 0x0000000084900000, 0x0000000084900000|100%| O|  |TAMS 0x0000000084900000, 0x0000000084900000| Untracked 
|  51|0x0000000084900000, 0x0000000084a00000, 0x0000000084a00000|100%| O|  |TAMS 0x0000000084a00000, 0x0000000084a00000| Untracked 
|  52|0x0000000084a00000, 0x0000000084b00000, 0x0000000084b00000|100%| O|  |TAMS 0x0000000084b00000, 0x0000000084b00000| Untracked 
|  53|0x0000000084b00000, 0x0000000084c00000, 0x0000000084c00000|100%| O|  |TAMS 0x0000000084bbd200, 0x0000000084c00000| Untracked 
|  54|0x0000000084c00000, 0x0000000084d00000, 0x0000000084d00000|100%| O|  |TAMS 0x0000000084c00000, 0x0000000084d00000| Untracked 
|  55|0x0000000084d00000, 0x0000000084e00000, 0x0000000084e00000|100%| O|  |TAMS 0x0000000084d00000, 0x0000000084e00000| Untracked 
|  56|0x0000000084e00000, 0x0000000084f00000, 0x0000000084f00000|100%| O|  |TAMS 0x0000000084e00000, 0x0000000084f00000| Untracked 
|  57|0x0000000084f00000, 0x0000000085000000, 0x0000000085000000|100%| O|  |TAMS 0x0000000084f00000, 0x0000000085000000| Untracked 
|  58|0x0000000085000000, 0x0000000085100000, 0x0000000085100000|100%| O|  |TAMS 0x0000000085000000, 0x0000000085100000| Untracked 
|  59|0x0000000085100000, 0x0000000085200000, 0x0000000085200000|100%| O|  |TAMS 0x0000000085100000, 0x0000000085200000| Untracked 
|  60|0x0000000085200000, 0x0000000085300000, 0x0000000085300000|100%| O|  |TAMS 0x0000000085200000, 0x0000000085300000| Untracked 
|  61|0x0000000085300000, 0x0000000085400000, 0x0000000085400000|100%| O|  |TAMS 0x0000000085300000, 0x0000000085400000| Untracked 
|  62|0x0000000085400000, 0x0000000085500000, 0x0000000085500000|100%| O|  |TAMS 0x0000000085400000, 0x0000000085500000| Untracked 
|  63|0x0000000085500000, 0x0000000085600000, 0x0000000085600000|100%| O|  |TAMS 0x0000000085500000, 0x0000000085600000| Untracked 
|  64|0x0000000085600000, 0x0000000085700000, 0x0000000085700000|100%| O|  |TAMS 0x0000000085600000, 0x0000000085700000| Untracked 
|  65|0x0000000085700000, 0x0000000085800000, 0x0000000085800000|100%| O|  |TAMS 0x0000000085700000, 0x0000000085800000| Untracked 
|  66|0x0000000085800000, 0x0000000085900000, 0x0000000085900000|100%| O|  |TAMS 0x0000000085800000, 0x0000000085900000| Untracked 
|  67|0x0000000085900000, 0x0000000085a00000, 0x0000000085a00000|100%| O|  |TAMS 0x0000000085900000, 0x0000000085a00000| Untracked 
|  68|0x0000000085a00000, 0x0000000085b00000, 0x0000000085b00000|100%| O|  |TAMS 0x0000000085a00000, 0x0000000085b00000| Untracked 
|  69|0x0000000085b00000, 0x0000000085c00000, 0x0000000085c00000|100%| O|  |TAMS 0x0000000085b00000, 0x0000000085c00000| Untracked 
|  70|0x0000000085c00000, 0x0000000085d00000, 0x0000000085d00000|100%| O|  |TAMS 0x0000000085c00000, 0x0000000085d00000| Untracked 
|  71|0x0000000085d00000, 0x0000000085e00000, 0x0000000085e00000|100%| O|  |TAMS 0x0000000085d00000, 0x0000000085e00000| Untracked 
|  72|0x0000000085e00000, 0x0000000085f00000, 0x0000000085f00000|100%| O|  |TAMS 0x0000000085e00000, 0x0000000085f00000| Untracked 
|  73|0x0000000085f00000, 0x0000000086000000, 0x0000000086000000|100%| O|  |TAMS 0x0000000085f00000, 0x0000000086000000| Untracked 
|  74|0x0000000086000000, 0x0000000086100000, 0x0000000086100000|100%| O|  |TAMS 0x0000000086000000, 0x0000000086100000| Untracked 
|  75|0x0000000086100000, 0x0000000086200000, 0x0000000086200000|100%| O|  |TAMS 0x0000000086100000, 0x0000000086200000| Untracked 
|  76|0x0000000086200000, 0x0000000086300000, 0x0000000086300000|100%| O|  |TAMS 0x0000000086200000, 0x0000000086300000| Untracked 
|  77|0x0000000086300000, 0x0000000086400000, 0x0000000086400000|100%| O|  |TAMS 0x0000000086300000, 0x0000000086400000| Untracked 
|  78|0x0000000086400000, 0x0000000086500000, 0x0000000086500000|100%| O|  |TAMS 0x0000000086400000, 0x0000000086500000| Untracked 
|  79|0x0000000086500000, 0x0000000086600000, 0x0000000086600000|100%| O|  |TAMS 0x0000000086500000, 0x0000000086600000| Untracked 
|  80|0x0000000086600000, 0x0000000086700000, 0x0000000086700000|100%| O|  |TAMS 0x0000000086600000, 0x0000000086700000| Untracked 
|  81|0x0000000086700000, 0x0000000086800000, 0x0000000086800000|100%| O|  |TAMS 0x0000000086700000, 0x0000000086800000| Untracked 
|  82|0x0000000086800000, 0x0000000086900000, 0x0000000086900000|100%| O|  |TAMS 0x0000000086800000, 0x0000000086900000| Untracked 
|  83|0x0000000086900000, 0x0000000086a00000, 0x0000000086a00000|100%| O|  |TAMS 0x0000000086900000, 0x0000000086a00000| Untracked 
|  84|0x0000000086a00000, 0x0000000086b00000, 0x0000000086b00000|100%| O|  |TAMS 0x0000000086a00000, 0x0000000086b00000| Untracked 
|  85|0x0000000086b00000, 0x0000000086c00000, 0x0000000086c00000|100%| O|  |TAMS 0x0000000086b00000, 0x0000000086c00000| Untracked 
|  86|0x0000000086c00000, 0x0000000086d00000, 0x0000000086d00000|100%| O|  |TAMS 0x0000000086c00000, 0x0000000086d00000| Untracked 
|  87|0x0000000086d00000, 0x0000000086e00000, 0x0000000086e00000|100%| O|  |TAMS 0x0000000086d00000, 0x0000000086e00000| Untracked 
|  88|0x0000000086e00000, 0x0000000086f00000, 0x0000000086f00000|100%| O|  |TAMS 0x0000000086e00000, 0x0000000086e00000| Untracked 
|  89|0x0000000086f00000, 0x0000000087000000, 0x0000000087000000|100%| O|  |TAMS 0x0000000086f00000, 0x0000000086f00000| Untracked 
|  90|0x0000000087000000, 0x0000000087100000, 0x0000000087100000|100%| O|  |TAMS 0x0000000087000000, 0x0000000087000000| Untracked 
|  91|0x0000000087100000, 0x0000000087200000, 0x0000000087200000|100%| O|  |TAMS 0x0000000087100000, 0x0000000087100000| Untracked 
|  92|0x0000000087200000, 0x0000000087300000, 0x0000000087300000|100%| O|  |TAMS 0x0000000087200000, 0x0000000087200000| Untracked 
|  93|0x0000000087300000, 0x0000000087400000, 0x0000000087400000|100%| O|  |TAMS 0x0000000087300000, 0x0000000087300000| Untracked 
|  94|0x0000000087400000, 0x0000000087500000, 0x0000000087500000|100%| O|  |TAMS 0x0000000087400000, 0x0000000087400000| Untracked 
|  95|0x0000000087500000, 0x0000000087600000, 0x0000000087600000|100%| O|  |TAMS 0x0000000087500000, 0x0000000087600000| Untracked 
|  96|0x0000000087600000, 0x0000000087700000, 0x0000000087700000|100%| O|  |TAMS 0x0000000087600000, 0x0000000087700000| Untracked 
|  97|0x0000000087700000, 0x0000000087800000, 0x0000000087800000|100%| O|  |TAMS 0x0000000087700000, 0x0000000087800000| Untracked 
|  98|0x0000000087800000, 0x0000000087900000, 0x0000000087900000|100%| O|  |TAMS 0x0000000087800000, 0x0000000087900000| Untracked 
|  99|0x0000000087900000, 0x0000000087a00000, 0x0000000087a00000|100%| O|  |TAMS 0x0000000087900000, 0x0000000087a00000| Untracked 
| 100|0x0000000087a00000, 0x0000000087b00000, 0x0000000087b00000|100%| O|  |TAMS 0x0000000087a00000, 0x0000000087b00000| Untracked 
| 101|0x0000000087b00000, 0x0000000087c00000, 0x0000000087c00000|100%| O|  |TAMS 0x0000000087b00000, 0x0000000087c00000| Untracked 
| 102|0x0000000087c00000, 0x0000000087d00000, 0x0000000087d00000|100%| O|  |TAMS 0x0000000087c00000, 0x0000000087d00000| Untracked 
| 103|0x0000000087d00000, 0x0000000087e00000, 0x0000000087e00000|100%| O|  |TAMS 0x0000000087d00000, 0x0000000087e00000| Untracked 
| 104|0x0000000087e00000, 0x0000000087f00000, 0x0000000087f00000|100%| O|  |TAMS 0x0000000087e00000, 0x0000000087e00000| Untracked 
| 105|0x0000000087f00000, 0x0000000088000000, 0x0000000088000000|100%| O|  |TAMS 0x0000000087f00000, 0x0000000087f00000| Untracked 
| 106|0x0000000088000000, 0x0000000088100000, 0x0000000088100000|100%| O|  |TAMS 0x0000000088000000, 0x0000000088000000| Untracked 
| 107|0x0000000088100000, 0x0000000088200000, 0x0000000088200000|100%| O|  |TAMS 0x0000000088100000, 0x0000000088100000| Untracked 
| 108|0x0000000088200000, 0x0000000088300000, 0x0000000088300000|100%| O|  |TAMS 0x0000000088200000, 0x0000000088200000| Untracked 
| 109|0x0000000088300000, 0x0000000088400000, 0x0000000088400000|100%| O|  |TAMS 0x0000000088300000, 0x0000000088300000| Untracked 
| 110|0x0000000088400000, 0x0000000088500000, 0x0000000088500000|100%| O|  |TAMS 0x0000000088400000, 0x0000000088400000| Untracked 
| 111|0x0000000088500000, 0x0000000088500000, 0x0000000088600000|  0%| F|  |TAMS 0x0000000088500000, 0x0000000088500000| Untracked 
| 112|0x0000000088600000, 0x0000000088700000, 0x0000000088700000|100%| O|  |TAMS 0x0000000088600000, 0x0000000088700000| Untracked 
| 113|0x0000000088700000, 0x0000000088800000, 0x0000000088800000|100%| O|  |TAMS 0x0000000088700000, 0x0000000088800000| Untracked 
| 114|0x0000000088800000, 0x0000000088900000, 0x0000000088900000|100%| O|  |TAMS 0x0000000088800000, 0x0000000088900000| Untracked 
| 115|0x0000000088900000, 0x0000000088a00000, 0x0000000088a00000|100%| O|  |TAMS 0x0000000088900000, 0x0000000088a00000| Untracked 
| 116|0x0000000088a00000, 0x0000000088b00000, 0x0000000088b00000|100%| O|  |TAMS 0x0000000088a00000, 0x0000000088b00000| Untracked 
| 117|0x0000000088b00000, 0x0000000088c00000, 0x0000000088c00000|100%| O|  |TAMS 0x0000000088b00000, 0x0000000088c00000| Untracked 
| 118|0x0000000088c00000, 0x0000000088d00000, 0x0000000088d00000|100%| O|  |TAMS 0x0000000088c00000, 0x0000000088c00000| Untracked 
| 119|0x0000000088d00000, 0x0000000088e00000, 0x0000000088e00000|100%| O|  |TAMS 0x0000000088d00000, 0x0000000088d00000| Untracked 
| 120|0x0000000088e00000, 0x0000000088f00000, 0x0000000088f00000|100%| O|  |TAMS 0x0000000088e00000, 0x0000000088e00000| Untracked 
| 121|0x0000000088f00000, 0x0000000089000000, 0x0000000089000000|100%| O|  |TAMS 0x0000000088f00000, 0x0000000088f00000| Untracked 
| 122|0x0000000089000000, 0x0000000089100000, 0x0000000089100000|100%| O|  |TAMS 0x0000000089000000, 0x0000000089000000| Untracked 
| 123|0x0000000089100000, 0x0000000089100000, 0x0000000089200000|  0%| F|  |TAMS 0x0000000089100000, 0x0000000089100000| Untracked 
| 124|0x0000000089200000, 0x0000000089200000, 0x0000000089300000|  0%| F|  |TAMS 0x0000000089200000, 0x0000000089200000| Untracked 
| 125|0x0000000089300000, 0x0000000089300000, 0x0000000089400000|  0%| F|  |TAMS 0x0000000089300000, 0x0000000089300000| Untracked 
| 126|0x0000000089400000, 0x0000000089400000, 0x0000000089500000|  0%| F|  |TAMS 0x0000000089400000, 0x0000000089400000| Untracked 
| 127|0x0000000089500000, 0x0000000089500000, 0x0000000089600000|  0%| F|  |TAMS 0x0000000089500000, 0x0000000089500000| Untracked 
| 128|0x0000000089600000, 0x0000000089600000, 0x0000000089700000|  0%| F|  |TAMS 0x0000000089600000, 0x0000000089600000| Untracked 
| 129|0x0000000089700000, 0x0000000089700000, 0x0000000089800000|  0%| F|  |TAMS 0x0000000089700000, 0x0000000089700000| Untracked 
| 130|0x0000000089800000, 0x0000000089800000, 0x0000000089900000|  0%| F|  |TAMS 0x0000000089800000, 0x0000000089800000| Untracked 
| 131|0x0000000089900000, 0x0000000089900000, 0x0000000089a00000|  0%| F|  |TAMS 0x0000000089900000, 0x0000000089900000| Untracked 
| 132|0x0000000089a00000, 0x0000000089b00000, 0x0000000089b00000|100%| O|  |TAMS 0x0000000089a00000, 0x0000000089a00000| Untracked 
| 133|0x0000000089b00000, 0x0000000089c00000, 0x0000000089c00000|100%| O|  |TAMS 0x0000000089b00000, 0x0000000089b00000| Untracked 
| 134|0x0000000089c00000, 0x0000000089d00000, 0x0000000089d00000|100%| O|  |TAMS 0x0000000089c00000, 0x0000000089c00000| Untracked 
| 135|0x0000000089d00000, 0x0000000089e00000, 0x0000000089e00000|100%| O|  |TAMS 0x0000000089d00000, 0x0000000089d00000| Untracked 
| 136|0x0000000089e00000, 0x0000000089f00000, 0x0000000089f00000|100%| O|  |TAMS 0x0000000089e00000, 0x0000000089e00000| Untracked 
| 137|0x0000000089f00000, 0x000000008a000000, 0x000000008a000000|100%| O|  |TAMS 0x0000000089f00000, 0x0000000089f00000| Untracked 
| 138|0x000000008a000000, 0x000000008a100000, 0x000000008a100000|100%| O|  |TAMS 0x000000008a000000, 0x000000008a000000| Untracked 
| 139|0x000000008a100000, 0x000000008a200000, 0x000000008a200000|100%| O|  |TAMS 0x000000008a100000, 0x000000008a100000| Untracked 
| 140|0x000000008a200000, 0x000000008a300000, 0x000000008a300000|100%| O|  |TAMS 0x000000008a200000, 0x000000008a200000| Untracked 
| 141|0x000000008a300000, 0x000000008a400000, 0x000000008a400000|100%| O|  |TAMS 0x000000008a300000, 0x000000008a300000| Untracked 
| 142|0x000000008a400000, 0x000000008a500000, 0x000000008a500000|100%|HS|  |TAMS 0x000000008a400000, 0x000000008a400000| Complete 
| 143|0x000000008a500000, 0x000000008a600000, 0x000000008a600000|100%|HC|  |TAMS 0x000000008a500000, 0x000000008a500000| Complete 
| 144|0x000000008a600000, 0x000000008a700000, 0x000000008a700000|100%|HC|  |TAMS 0x000000008a600000, 0x000000008a600000| Complete 
| 145|0x000000008a700000, 0x000000008a800000, 0x000000008a800000|100%|HC|  |TAMS 0x000000008a700000, 0x000000008a700000| Complete 
| 146|0x000000008a800000, 0x000000008a900000, 0x000000008a900000|100%|HC|  |TAMS 0x000000008a800000, 0x000000008a800000| Complete 
| 147|0x000000008a900000, 0x000000008aa00000, 0x000000008aa00000|100%|HC|  |TAMS 0x000000008a900000, 0x000000008a900000| Complete 
| 148|0x000000008aa00000, 0x000000008ab00000, 0x000000008ab00000|100%|HC|  |TAMS 0x000000008aa00000, 0x000000008aa00000| Complete 
| 149|0x000000008ab00000, 0x000000008ac00000, 0x000000008ac00000|100%|HC|  |TAMS 0x000000008ab00000, 0x000000008ab00000| Complete 
| 150|0x000000008ac00000, 0x000000008ad00000, 0x000000008ad00000|100%|HC|  |TAMS 0x000000008ac00000, 0x000000008ac00000| Complete 
| 151|0x000000008ad00000, 0x000000008ae00000, 0x000000008ae00000|100%|HC|  |TAMS 0x000000008ad00000, 0x000000008ad00000| Complete 
| 152|0x000000008ae00000, 0x000000008ae00000, 0x000000008af00000|  0%| F|  |TAMS 0x000000008ae00000, 0x000000008ae00000| Untracked 
| 153|0x000000008af00000, 0x000000008af00000, 0x000000008b000000|  0%| F|  |TAMS 0x000000008af00000, 0x000000008af00000| Untracked 
| 154|0x000000008b000000, 0x000000008b000000, 0x000000008b100000|  0%| F|  |TAMS 0x000000008b000000, 0x000000008b000000| Untracked 
| 155|0x000000008b100000, 0x000000008b100000, 0x000000008b200000|  0%| F|  |TAMS 0x000000008b100000, 0x000000008b100000| Untracked 
| 156|0x000000008b200000, 0x000000008b200000, 0x000000008b300000|  0%| F|  |TAMS 0x000000008b200000, 0x000000008b200000| Untracked 
| 157|0x000000008b300000, 0x000000008b300000, 0x000000008b400000|  0%| F|  |TAMS 0x000000008b300000, 0x000000008b300000| Untracked 
| 158|0x000000008b400000, 0x000000008b400000, 0x000000008b500000|  0%| F|  |TAMS 0x000000008b400000, 0x000000008b400000| Untracked 
| 159|0x000000008b500000, 0x000000008b500000, 0x000000008b600000|  0%| F|  |TAMS 0x000000008b500000, 0x000000008b500000| Untracked 
| 160|0x000000008b600000, 0x000000008b600000, 0x000000008b700000|  0%| F|  |TAMS 0x000000008b600000, 0x000000008b600000| Untracked 
| 161|0x000000008b700000, 0x000000008b700000, 0x000000008b800000|  0%| F|  |TAMS 0x000000008b700000, 0x000000008b700000| Untracked 
| 162|0x000000008b800000, 0x000000008b800000, 0x000000008b900000|  0%| F|  |TAMS 0x000000008b800000, 0x000000008b800000| Untracked 
| 163|0x000000008b900000, 0x000000008b900000, 0x000000008ba00000|  0%| F|  |TAMS 0x000000008b900000, 0x000000008b900000| Untracked 
| 164|0x000000008ba00000, 0x000000008ba00000, 0x000000008bb00000|  0%| F|  |TAMS 0x000000008ba00000, 0x000000008ba00000| Untracked 
| 165|0x000000008bb00000, 0x000000008bb00000, 0x000000008bc00000|  0%| F|  |TAMS 0x000000008bb00000, 0x000000008bb00000| Untracked 
| 166|0x000000008bc00000, 0x000000008bc00000, 0x000000008bd00000|  0%| F|  |TAMS 0x000000008bc00000, 0x000000008bc00000| Untracked 
| 167|0x000000008bd00000, 0x000000008bd00000, 0x000000008be00000|  0%| F|  |TAMS 0x000000008bd00000, 0x000000008bd00000| Untracked 
| 168|0x000000008be00000, 0x000000008be00000, 0x000000008bf00000|  0%| F|  |TAMS 0x000000008be00000, 0x000000008be00000| Untracked 
| 169|0x000000008bf00000, 0x000000008bf00000, 0x000000008c000000|  0%| F|  |TAMS 0x000000008bf00000, 0x000000008bf00000| Untracked 
| 170|0x000000008c000000, 0x000000008c100000, 0x000000008c100000|100%| S|CS|TAMS 0x000000008c000000, 0x000000008c000000| Complete 
| 171|0x000000008c100000, 0x000000008c200000, 0x000000008c200000|100%| S|CS|TAMS 0x000000008c100000, 0x000000008c100000| Complete 
| 172|0x000000008c200000, 0x000000008c200000, 0x000000008c300000|  0%| F|  |TAMS 0x000000008c200000, 0x000000008c200000| Untracked 
| 173|0x000000008c300000, 0x000000008c300000, 0x000000008c400000|  0%| F|  |TAMS 0x000000008c300000, 0x000000008c300000| Untracked 
| 174|0x000000008c400000, 0x000000008c400000, 0x000000008c500000|  0%| F|  |TAMS 0x000000008c400000, 0x000000008c400000| Untracked 
| 175|0x000000008c500000, 0x000000008c500000, 0x000000008c600000|  0%| F|  |TAMS 0x000000008c500000, 0x000000008c500000| Untracked 
| 176|0x000000008c600000, 0x000000008c600000, 0x000000008c700000|  0%| F|  |TAMS 0x000000008c600000, 0x000000008c600000| Untracked 
| 177|0x000000008c700000, 0x000000008c700000, 0x000000008c800000|  0%| F|  |TAMS 0x000000008c700000, 0x000000008c700000| Untracked 
| 178|0x000000008c800000, 0x000000008c800000, 0x000000008c900000|  0%| F|  |TAMS 0x000000008c800000, 0x000000008c800000| Untracked 
| 179|0x000000008c900000, 0x000000008c900000, 0x000000008ca00000|  0%| F|  |TAMS 0x000000008c900000, 0x000000008c900000| Untracked 
| 180|0x000000008ca00000, 0x000000008ca00000, 0x000000008cb00000|  0%| F|  |TAMS 0x000000008ca00000, 0x000000008ca00000| Untracked 
| 181|0x000000008cb00000, 0x000000008cb00000, 0x000000008cc00000|  0%| F|  |TAMS 0x000000008cb00000, 0x000000008cb00000| Untracked 
| 182|0x000000008cc00000, 0x000000008cc00000, 0x000000008cd00000|  0%| F|  |TAMS 0x000000008cc00000, 0x000000008cc00000| Untracked 
| 183|0x000000008cd00000, 0x000000008cd00000, 0x000000008ce00000|  0%| F|  |TAMS 0x000000008cd00000, 0x000000008cd00000| Untracked 

Card table byte_map: [0x000002693fe30000,0x0000026940230000] _byte_map_base: 0x000002693fa25000

Marking Bits (Prev, Next): (CMBitMap*) 0x00000269265e4308, (CMBitMap*) 0x00000269265e42c8
 Prev Bits: [0x00000269425e0000, 0x0000026944588000)
 Next Bits: [0x0000026940630000, 0x00000269425d8000)

Polling page: 0x0000026926670000

Metaspace:

Usage:
  Non-class:     14.67 MB capacity,    13.42 MB ( 91%) used,     1.18 MB (  8%) free+waste,    71.13 KB ( <1%) overhead. 
      Class:      2.52 MB capacity,     2.15 MB ( 85%) used,   337.88 KB ( 13%) free+waste,    38.19 KB (  1%) overhead. 
       Both:     17.19 MB capacity,    15.57 MB ( 91%) used,     1.51 MB (  9%) free+waste,   109.31 KB ( <1%) overhead. 

Virtual space:
  Non-class space:       16.00 MB reserved,      14.75 MB ( 92%) committed 
      Class space:        1.00 GB reserved,       2.63 MB ( <1%) committed 
             Both:        1.02 GB reserved,      17.38 MB (  2%) committed 

Chunk freelists:
   Non-Class:  18.00 KB
       Class:  11.00 KB
        Both:  29.00 KB

MaxMetaspaceSize: 17179869184.00 GB
CompressedClassSpaceSize: 1.00 GB

CodeHeap 'non-profiled nmethods': size=120064Kb used=1623Kb max_used=1623Kb free=118440Kb
 bounds [0x0000026937d70000, 0x0000026937fe0000, 0x000002693f2b0000]
CodeHeap 'profiled nmethods': size=120000Kb used=6471Kb max_used=6471Kb free=113529Kb
 bounds [0x0000026930840000, 0x0000026930ea0000, 0x0000026937d70000]
CodeHeap 'non-nmethods': size=5696Kb used=1478Kb max_used=1520Kb free=4217Kb
 bounds [0x00000269302b0000, 0x0000026930520000, 0x0000026930840000]
 total_blobs=4922 nmethods=3163 adapters=712
 compilation: enabled
              stopped_count=0, restarted_count=0
 full_count=0

Compilation events (20 events):
Event: 14.754 Thread 0x0000026946bf1000 3138       4       javafx.scene.shape.Line::getEndX (8 bytes)
Event: 14.754 Thread 0x00000269482e5000 nmethod 3180 0x0000026937f03190 code [0x0000026937f03340, 0x0000026937f03498]
Event: 14.755 Thread 0x00000269482e5000 3144       4       com.sun.javafx.scene.NodeHelper::markDirtyImpl (11 bytes)
Event: 14.756 Thread 0x0000026946bf1000 nmethod 3138 0x0000026937f03590 code [0x0000026937f03740, 0x0000026937f03868]
Event: 14.756 Thread 0x0000026946bf1000 3139       4       javafx.scene.shape.Line::getStartY (8 bytes)
Event: 14.758 Thread 0x0000026946bf1000 nmethod 3139 0x0000026937f03990 code [0x0000026937f03b40, 0x0000026937f03c68]
Event: 14.758 Thread 0x0000026946bf1000 3166       4       javafx.beans.property.SimpleObjectProperty::<init> (24 bytes)
Event: 14.764 Thread 0x0000026946bf1000 nmethod 3166 0x0000026937f03d90 code [0x0000026937f03f20, 0x0000026937f04238]
Event: 14.764 Thread 0x0000026946bf1000 3161       4       com.sun.javafx.collections.ListListenerHelper::<init> (5 bytes)
Event: 14.783 Thread 0x0000026946bf1000 nmethod 3161 0x0000026937f04310 code [0x0000026937f044a0, 0x0000026937f04518]
Event: 14.783 Thread 0x0000026946bf1000 3162       4       com.sun.javafx.collections.ListListenerHelper$SingleChange::<init> (6 bytes)
Event: 14.784 Thread 0x00000269482e5000 nmethod 3144 0x0000026937f04610 code [0x0000026937f047e0, 0x0000026937f04e88]
Event: 14.784 Thread 0x00000269482e5000 3163       4       com.sun.javafx.collections.ListListenerHelper$SingleChange::<init> (10 bytes)
Event: 14.786 Thread 0x0000026946bf1000 nmethod 3162 0x0000026937f05290 code [0x0000026937f05420, 0x0000026937f05558]
Event: 14.786 Thread 0x0000026946bf1000 3181       4       javafx.beans.binding.ObjectExpression::<init> (5 bytes)
Event: 14.786 Thread 0x00000269482e5000 nmethod 3163 0x0000026937f05610 code [0x0000026937f057a0, 0x0000026937f058d8]
Event: 14.786 Thread 0x0000026946bf1000 nmethod 3181 0x0000026937f05990 code [0x0000026937f05b20, 0x0000026937f05bd8]
Event: 15.336 Thread 0x0000026946bf4000 3182 %     3       sample.Main::lambda$start$7 @ 751 (1642 bytes)
Event: 15.434 Thread 0x0000026946bf4000 nmethod 3182% 0x0000026930e59690 code [0x0000026930e5c6c0, 0x0000026930e83810]
Event: 15.440 Thread 0x0000026946bf4000 3183       3       sample.Main::lambda$start$7 (1642 bytes)

GC Heap History (20 events):
Event: 14.692 GC heap after
{Heap after GC invocations=5 (full 0):
 garbage-first heap   total 131072K, used 48128K [0x0000000081600000, 0x0000000100000000)
  region size 1024K, 2 young (2048K), 2 survivors (2048K)
 Metaspace       used 15918K, capacity 17603K, committed 17792K, reserved 1064960K
  class space    used 2204K, capacity 2581K, committed 2688K, reserved 1048576K
}
Event: 14.764 GC heap before
{Heap before GC invocations=5 (full 0):
 garbage-first heap   total 131072K, used 66560K [0x0000000081600000, 0x0000000100000000)
  region size 1024K, 20 young (20480K), 2 survivors (2048K)
 Metaspace       used 15918K, capacity 17603K, committed 17792K, reserved 1064960K
  class space    used 2204K, capacity 2581K, committed 2688K, reserved 1048576K
}
Event: 14.783 GC heap after
{Heap after GC invocations=6 (full 0):
 garbage-first heap   total 131072K, used 58100K [0x0000000081600000, 0x0000000100000000)
  region size 1024K, 3 young (3072K), 3 survivors (3072K)
 Metaspace       used 15918K, capacity 17603K, committed 17792K, reserved 1064960K
  class space    used 2204K, capacity 2581K, committed 2688K, reserved 1048576K
}
Event: 14.803 GC heap before
{Heap before GC invocations=6 (full 0):
 garbage-first heap   total 131072K, used 63220K [0x0000000081600000, 0x0000000100000000)
  region size 1024K, 9 young (9216K), 3 survivors (3072K)
 Metaspace       used 15918K, capacity 17603K, committed 17792K, reserved 1064960K
  class space    used 2204K, capacity 2581K, committed 2688K, reserved 1048576K
}
Event: 14.813 GC heap after
{Heap after GC invocations=7 (full 0):
 garbage-first heap   total 131072K, used 61440K [0x0000000081600000, 0x0000000100000000)
  region size 1024K, 4 young (4096K), 4 survivors (4096K)
 Metaspace       used 15918K, capacity 17603K, committed 17792K, reserved 1064960K
  class space    used 2204K, capacity 2581K, committed 2688K, reserved 1048576K
}
Event: 14.876 GC heap before
{Heap before GC invocations=7 (full 0):
 garbage-first heap   total 131072K, used 87040K [0x0000000081600000, 0x0000000100000000)
  region size 1024K, 24 young (24576K), 4 survivors (4096K)
 Metaspace       used 15918K, capacity 17603K, committed 17792K, reserved 1064960K
  class space    used 2204K, capacity 2581K, committed 2688K, reserved 1048576K
}
Event: 14.899 GC heap after
{Heap after GC invocations=8 (full 0):
 garbage-first heap   total 131072K, used 73343K [0x0000000081600000, 0x0000000100000000)
  region size 1024K, 3 young (3072K), 3 survivors (3072K)
 Metaspace       used 15918K, capacity 17603K, committed 17792K, reserved 1064960K
  class space    used 2204K, capacity 2581K, committed 2688K, reserved 1048576K
}
Event: 14.955 GC heap before
{Heap before GC invocations=8 (full 0):
 garbage-first heap   total 131072K, used 95871K [0x0000000081600000, 0x0000000100000000)
  region size 1024K, 19 young (19456K), 3 survivors (3072K)
 Metaspace       used 15918K, capacity 17603K, committed 17792K, reserved 1064960K
  class space    used 2204K, capacity 2581K, committed 2688K, reserved 1048576K
}
Event: 14.973 GC heap after
{Heap after GC invocations=9 (full 0):
 garbage-first heap   total 131072K, used 83875K [0x0000000081600000, 0x0000000100000000)
  region size 1024K, 3 young (3072K), 3 survivors (3072K)
 Metaspace       used 15918K, capacity 17603K, committed 17792K, reserved 1064960K
  class space    used 2204K, capacity 2581K, committed 2688K, reserved 1048576K
}
Event: 15.018 GC heap before
{Heap before GC invocations=9 (full 0):
 garbage-first heap   total 131072K, used 97187K [0x0000000081600000, 0x0000000100000000)
  region size 1024K, 16 young (16384K), 3 survivors (3072K)
 Metaspace       used 15918K, capacity 17603K, committed 17792K, reserved 1064960K
  class space    used 2204K, capacity 2581K, committed 2688K, reserved 1048576K
}
Event: 15.035 GC heap after
{Heap after GC invocations=10 (full 0):
 garbage-first heap   total 157696K, used 92001K [0x0000000081600000, 0x0000000100000000)
  region size 1024K, 2 young (2048K), 2 survivors (2048K)
 Metaspace       used 15918K, capacity 17603K, committed 17792K, reserved 1064960K
  class space    used 2204K, capacity 2581K, committed 2688K, reserved 1048576K
}
Event: 15.113 GC heap before
{Heap before GC invocations=10 (full 0):
 garbage-first heap   total 188416K, used 118625K [0x0000000081600000, 0x0000000100000000)
  region size 1024K, 21 young (21504K), 2 survivors (2048K)
 Metaspace       used 15918K, capacity 17603K, committed 17792K, reserved 1064960K
  class space    used 2204K, capacity 2581K, committed 2688K, reserved 1048576K
}
Event: 15.135 GC heap after
{Heap after GC invocations=11 (full 0):
 garbage-first heap   total 188416K, used 103424K [0x0000000081600000, 0x0000000100000000)
  region size 1024K, 3 young (3072K), 3 survivors (3072K)
 Metaspace       used 15918K, capacity 17603K, committed 17792K, reserved 1064960K
  class space    used 2204K, capacity 2581K, committed 2688K, reserved 1048576K
}
Event: 15.267 GC heap before
{Heap before GC invocations=11 (full 0):
 garbage-first heap   total 188416K, used 136192K [0x0000000081600000, 0x0000000100000000)
  region size 1024K, 27 young (27648K), 3 survivors (3072K)
 Metaspace       used 15918K, capacity 17603K, committed 17792K, reserved 1064960K
  class space    used 2204K, capacity 2581K, committed 2688K, reserved 1048576K
}
Event: 15.293 GC heap after
{Heap after GC invocations=12 (full 0):
 garbage-first heap   total 188416K, used 117760K [0x0000000081600000, 0x0000000100000000)
  region size 1024K, 4 young (4096K), 4 survivors (4096K)
 Metaspace       used 15918K, capacity 17603K, committed 17792K, reserved 1064960K
  class space    used 2204K, capacity 2581K, committed 2688K, reserved 1048576K
}
Event: 15.359 GC heap before
{Heap before GC invocations=13 (full 0):
 garbage-first heap   total 188416K, used 136192K [0x0000000081600000, 0x0000000100000000)
  region size 1024K, 23 young (23552K), 4 survivors (4096K)
 Metaspace       used 15943K, capacity 17603K, committed 17792K, reserved 1064960K
  class space    used 2204K, capacity 2581K, committed 2688K, reserved 1048576K
}
Event: 15.383 GC heap after
{Heap after GC invocations=14 (full 0):
 garbage-first heap   total 188416K, used 128512K [0x0000000081600000, 0x0000000100000000)
  region size 1024K, 3 young (3072K), 3 survivors (3072K)
 Metaspace       used 15943K, capacity 17603K, committed 17792K, reserved 1064960K
  class space    used 2204K, capacity 2581K, committed 2688K, reserved 1048576K
}
Event: 15.443 GC heap before
{Heap before GC invocations=14 (full 0):
 garbage-first heap   total 188416K, used 155136K [0x0000000081600000, 0x0000000100000000)
  region size 1024K, 20 young (20480K), 3 survivors (3072K)
 Metaspace       used 15943K, capacity 17603K, committed 17792K, reserved 1064960K
  class space    used 2204K, capacity 2581K, committed 2688K, reserved 1048576K
}
Event: 15.464 GC heap after
{Heap after GC invocations=15 (full 0):
 garbage-first heap   total 188416K, used 139776K [0x0000000081600000, 0x0000000100000000)
  region size 1024K, 3 young (3072K), 3 survivors (3072K)
 Metaspace       used 15943K, capacity 17603K, committed 17792K, reserved 1064960K
  class space    used 2204K, capacity 2581K, committed 2688K, reserved 1048576K
}
Event: 15.494 GC heap before
{Heap before GC invocations=15 (full 0):
 garbage-first heap   total 188416K, used 162304K [0x0000000081600000, 0x0000000100000000)
  region size 1024K, 15 young (15360K), 3 survivors (3072K)
 Metaspace       used 15943K, capacity 17603K, committed 17792K, reserved 1064960K
  class space    used 2204K, capacity 2581K, committed 2688K, reserved 1048576K
}

Deoptimization events (20 events):
Event: 10.571 Thread 0x0000026947e52800 DEOPT PACKING pc=0x0000026937ece708 sp=0x00000076afafd4b0
Event: 10.571 Thread 0x0000026947e52800 DEOPT UNPACKING pc=0x00000269302f912f sp=0x00000076afafd048 mode 2
Event: 10.578 Thread 0x0000026947e52800 Uncommon trap: trap_request=0xffffff45 fr.pc=0x0000026937ecd218 relative=0x0000000000000098
Event: 10.578 Thread 0x0000026947e52800 Uncommon trap: reason=unstable_if action=reinterpret pc=0x0000026937ecd218 method=javafx.scene.Node$MiscProperties.isMouseTransparent()Z @ 4 c2
Event: 10.578 Thread 0x0000026947e52800 DEOPT PACKING pc=0x0000026937ecd218 sp=0x00000076afafca30
Event: 10.578 Thread 0x0000026947e52800 DEOPT UNPACKING pc=0x00000269302f912f sp=0x00000076afafc8d0 mode 2
Event: 12.999 Thread 0x0000026947e52800 Uncommon trap: trap_request=0xffffffde fr.pc=0x0000026937e93368 relative=0x0000000000000268
Event: 12.999 Thread 0x0000026947e52800 Uncommon trap: reason=class_check action=maybe_recompile pc=0x0000026937e93368 method=javafx.scene.Node.updateLocalToParentTransform()V @ 11 c2
Event: 12.999 Thread 0x0000026947e52800 DEOPT PACKING pc=0x0000026937e93368 sp=0x00000076afafc370
Event: 12.999 Thread 0x0000026947e52800 DEOPT UNPACKING pc=0x00000269302f912f sp=0x00000076afafc300 mode 2
Event: 12.999 Thread 0x0000026947e52800 Uncommon trap: trap_request=0xffffffde fr.pc=0x0000026937e93368 relative=0x0000000000000268
Event: 12.999 Thread 0x0000026947e52800 Uncommon trap: reason=class_check action=maybe_recompile pc=0x0000026937e93368 method=javafx.scene.Node.updateLocalToParentTransform()V @ 11 c2
Event: 12.999 Thread 0x0000026947e52800 DEOPT PACKING pc=0x0000026937e93368 sp=0x00000076afafc3c0
Event: 12.999 Thread 0x0000026947e52800 DEOPT UNPACKING pc=0x00000269302f912f sp=0x00000076afafc350 mode 2
Event: 12.999 Thread 0x0000026947e52800 Uncommon trap: trap_request=0xffffffde fr.pc=0x0000026937e93368 relative=0x0000000000000268
Event: 12.999 Thread 0x0000026947e52800 Uncommon trap: reason=class_check action=maybe_recompile pc=0x0000026937e93368 method=javafx.scene.Node.updateLocalToParentTransform()V @ 11 c2
Event: 12.999 Thread 0x0000026947e52800 DEOPT PACKING pc=0x0000026937e93368 sp=0x00000076afafc3c0
Event: 12.999 Thread 0x0000026947e52800 DEOPT UNPACKING pc=0x00000269302f912f sp=0x00000076afafc350 mode 2
Event: 15.440 Thread 0x0000026947e52800 DEOPT PACKING pc=0x0000026930e82402 sp=0x00000076afafc490
Event: 15.440 Thread 0x0000026947e52800 DEOPT UNPACKING pc=0x00000269302f964e sp=0x00000076afafbfa8 mode 0

Classes unloaded (0 events):
No events

Classes redefined (0 events):
No events

Internal exceptions (20 events):
Event: 2.314 Thread 0x0000026947e52800 Exception <a 'java/lang/NoSuchMethodError'{0x00000000880e0870}: 'java.lang.Object java.lang.invoke.Invokers$Holder.linkToTargetMethod(java.lang.Object, java.lang.Object, java.lang.Object, java.lang.Object, java.lang.Object, java.lang.Object, java.lang.Object, java.lang.Object, java.lang.Object, java.lang.Object, java.lang.Object, java.lang.Object, java.lang.Object, java.lang.Object, java.lang.Object, java.lang.Object, java.lang.Object, java.lang.Object)'> (0x00000000880e0870) 
thrown [t:/workspace/open/src
Event: 2.409 Thread 0x0000026947e52800 Implicit null exception at 0x0000026937ddc685 to 0x0000026937ddc9fe
Event: 2.409 Thread 0x0000026947e52800 Implicit null exception at 0x0000026937d971e8 to 0x0000026937d9727a
Event: 2.807 Thread 0x0000026947e52800 Exception <a 'java/lang/NoSuchMethodError'{0x00000000878d9a70}: 'java.lang.Object java.lang.invoke.DirectMethodHandle$Holder.invokeInterface(java.lang.Object, java.lang.Object, java.lang.Object)'> (0x00000000878d9a70) 
thrown [t:/workspace/open/src/hotspot/share/interpreter/linkResolver.cpp, line 767]
Event: 2.808 Thread 0x0000026947e52800 Exception <a 'java/lang/IncompatibleClassChangeError'{0x00000000878dc900}: Found class java.lang.Object, but interface was expected> (0x00000000878dc900) 
thrown [t:/workspace/open/src/hotspot/share/interpreter/linkResolver.cpp, line 833]
Event: 2.853 Thread 0x0000026947e52800 Exception <a 'java/lang/NoSuchMethodError'{0x00000000877d42c0}: 'java.lang.Object java.lang.invoke.Invokers$Holder.linkToTargetMethod(java.lang.Object, int, java.lang.Object)'> (0x00000000877d42c0) 
thrown [t:/workspace/open/src/hotspot/share/interpreter/linkResolver.cpp, line 767]
Event: 2.871 Thread 0x0000026947e52800 Implicit null exception at 0x0000026937df4b96 to 0x0000026937df4c3e
Event: 2.952 Thread 0x0000026947e52800 Exception <a 'java/lang/ClassNotFoundException'{0x0000000087568bf8}: com/sun/javafx/scene/control/skin/resources/controls> (0x0000000087568bf8) 
thrown [t:/workspace/open/src/hotspot/share/prims/jni.cpp, line 619]
Event: 2.955 Thread 0x0000026947e52800 Exception <a 'java/lang/ClassNotFoundException'{0x0000000087576980}: com/sun/javafx/scene/control/skin/resources/controls_ru> (0x0000000087576980) 
thrown [t:/workspace/open/src/hotspot/share/prims/jni.cpp, line 619]
Event: 2.956 Thread 0x0000026947e52800 Exception <a 'java/lang/ClassNotFoundException'{0x0000000087578bd0}: com/sun/javafx/scene/control/skin/resources/controls_ru_RU> (0x0000000087578bd0) 
thrown [t:/workspace/open/src/hotspot/share/prims/jni.cpp, line 619]
Event: 2.976 Thread 0x0000026947e52800 Exception <a 'java/lang/NoSuchMethodError'{0x00000000875d90b0}: 'void java.lang.invoke.DirectMethodHandle$Holder.invokeSpecialIFC(java.lang.Object, java.lang.Object, java.lang.Object, java.lang.Object)'> (0x00000000875d90b0) 
thrown [t:/workspace/open/src/hotspot/share/interpreter/linkResolver.cpp, line 767]
Event: 3.054 Thread 0x0000026947e52800 Exception <a 'java/lang/NoSuchMethodError'{0x0000000087351a00}: 'void java.lang.invoke.DirectMethodHandle$Holder.invokeSpecial(java.lang.Object, java.lang.Object, java.lang.Object, java.lang.Object, java.lang.Object, java.lang.Object)'> (0x0000000087351a00) 
thrown [t:/workspace/open/src/hotspot/share/interpreter/linkResolver.cpp, line 767]
Event: 3.332 Thread 0x0000026947e52800 Exception <a 'java/lang/NoSuchMethodError'{0x00000000870dcdb0}: 'long java.lang.invoke.DirectMethodHandle$Holder.invokeStatic(java.lang.Object, java.lang.Object, java.lang.Object)'> (0x00000000870dcdb0) 
thrown [t:/workspace/open/src/hotspot/share/interpreter/linkResolver.cpp, line 767]
Event: 3.332 Thread 0x0000026947e52800 Exception <a 'java/lang/NoSuchMethodError'{0x00000000870dfa58}: 'long java.lang.invoke.DirectMethodHandle$Holder.invokeStaticInit(java.lang.Object, java.lang.Object, java.lang.Object)'> (0x00000000870dfa58) 
thrown [t:/workspace/open/src/hotspot/share/interpreter/linkResolver.cpp, line 767]
Event: 3.338 Thread 0x0000026947e52800 Exception <a 'java/lang/NoSuchMethodError'{0x00000000870f3dd8}: 'java.lang.Object java.lang.invoke.Invokers$Holder.linkToTargetMethod(java.lang.Object, long, java.lang.Object)'> (0x00000000870f3dd8) 
thrown [t:/workspace/open/src/hotspot/share/interpreter/linkResolver.cpp, line 767]
Event: 3.415 Thread 0x0000026948b58000 Exception <a 'java/lang/NoSuchMethodError'{0x000000008939de00}: 'int java.lang.invoke.DirectMethodHandle$Holder.invokeStaticInit(java.lang.Object, java.lang.Object)'> (0x000000008939de00) 
thrown [t:/workspace/open/src/hotspot/share/interpreter/linkResolver.cpp, line 767]
Event: 3.642 Thread 0x0000026948b58000 Exception <a 'java/lang/NoSuchMethodError'{0x0000000086cfb340}: 'java.lang.Object java.lang.invoke.DirectMethodHandle$Holder.invokeStaticInit(java.lang.Object, int)'> (0x0000000086cfb340) 
thrown [t:/workspace/open/src/hotspot/share/interpreter/linkResolver.cpp, line 767]
Event: 5.065 Thread 0x0000026947e52800 Exception <a 'java/lang/NoSuchMethodError'{0x0000000086a7bec0}: 'java.lang.Object java.lang.invoke.DirectMethodHandle$Holder.invokeStatic(java.lang.Object, java.lang.Object, int, int, int, int, int, java.lang.Object)'> (0x0000000086a7bec0) 
thrown [t:/workspace/open/src/hotspot/share/interpreter/linkResolver.cpp, line 767]
Event: 5.067 Thread 0x0000026947e52800 Exception <a 'java/lang/NoSuchMethodError'{0x000000008690b178}: 'java.lang.Object java.lang.invoke.DirectMethodHandle$Holder.invokeStatic(java.lang.Object, java.lang.Object, java.lang.Object, int, int, int, int, int)'> (0x000000008690b178) 
thrown [t:/workspace/open/src/hotspot/share/interpreter/linkResolver.cpp, line 767]
Event: 5.068 Thread 0x0000026947e52800 Exception <a 'java/lang/NoSuchMethodError'{0x0000000086911008}: 'java.lang.Object java.lang.invoke.Invokers$Holder.linkToTargetMethod(java.lang.Object, java.lang.Object, int, int, int, int, int, java.lang.Object)'> (0x0000000086911008) 
thrown [t:/workspace/open/src/hotspot/share/interpreter/linkResolver.cpp, line 767]

Events (20 events):
Event: 14.876 Executing VM operation: G1CollectForAllocation
Event: 14.899 Executing VM operation: G1CollectForAllocation done
Event: 14.955 Executing VM operation: G1CollectForAllocation
Event: 14.973 Executing VM operation: G1CollectForAllocation done
Event: 15.018 Executing VM operation: G1CollectForAllocation
Event: 15.035 Executing VM operation: G1CollectForAllocation done
Event: 15.086 Executing VM operation: G1Concurrent
Event: 15.089 Executing VM operation: G1Concurrent done
Event: 15.112 Executing VM operation: G1CollectForAllocation
Event: 15.135 Executing VM operation: G1CollectForAllocation done
Event: 15.266 Executing VM operation: G1CollectForAllocation
Event: 15.293 Executing VM operation: G1CollectForAllocation done
Event: 15.334 Executing VM operation: G1Concurrent
Event: 15.334 Executing VM operation: G1Concurrent done
Event: 15.336 Thread 0x00000269482e5000 Thread exited: 0x00000269482e5000
Event: 15.359 Executing VM operation: G1CollectForAllocation
Event: 15.383 Executing VM operation: G1CollectForAllocation done
Event: 15.443 Executing VM operation: G1CollectForAllocation
Event: 15.464 Executing VM operation: G1CollectForAllocation done
Event: 15.493 Executing VM operation: G1CollectForAllocation


Dynamic libraries:
0x00007ff631500000 - 0x00007ff63150f000 	C:\Program Files\Java\jdk-13\bin\java.exe
0x00007ff857060000 - 0x00007ff857250000 	C:\WINDOWS\SYSTEM32\ntdll.dll
0x00007ff8566e0000 - 0x00007ff856792000 	C:\WINDOWS\System32\KERNEL32.DLL
0x00007ff854e10000 - 0x00007ff8550b4000 	C:\WINDOWS\System32\KERNELBASE.dll
0x00007ff854440000 - 0x00007ff85453a000 	C:\WINDOWS\System32\ucrtbase.dll
0x00007ff850b20000 - 0x00007ff850b38000 	C:\Program Files\Java\jdk-13\bin\jli.dll
0x00007ff856480000 - 0x00007ff856523000 	C:\WINDOWS\System32\ADVAPI32.dll
0x00007ff856ed0000 - 0x00007ff856f6e000 	C:\WINDOWS\System32\msvcrt.dll
0x00007ff855110000 - 0x00007ff8551a7000 	C:\WINDOWS\System32\sechost.dll
0x00007ff855c80000 - 0x00007ff855da0000 	C:\WINDOWS\System32\RPCRT4.dll
0x00007ff855650000 - 0x00007ff8557e4000 	C:\WINDOWS\System32\USER32.dll
0x00007ff84f840000 - 0x00007ff84f855000 	C:\Program Files\Java\jdk-13\bin\VCRUNTIME140.dll
0x00007ff8550e0000 - 0x00007ff855101000 	C:\WINDOWS\System32\win32u.dll
0x00007ff8551b0000 - 0x00007ff8551d6000 	C:\WINDOWS\System32\GDI32.dll
0x00007ff8541f0000 - 0x00007ff854384000 	C:\WINDOWS\System32\gdi32full.dll
0x00007ff854cc0000 - 0x00007ff854d5e000 	C:\WINDOWS\System32\msvcp_win.dll
0x00007ff83fe10000 - 0x00007ff840094000 	C:\WINDOWS\WinSxS\amd64_microsoft.windows.common-controls_6595b64144ccf1df_6.0.18362.836_none_e6c4b943130f18ed\COMCTL32.dll
0x00007ff856070000 - 0x00007ff8563a6000 	C:\WINDOWS\System32\combase.dll
0x00007ff8543c0000 - 0x00007ff854440000 	C:\WINDOWS\System32\bcryptPrimitives.dll
0x00007ff84c420000 - 0x00007ff84c42a000 	C:\WINDOWS\SYSTEM32\VERSION.dll
0x00007ff855a80000 - 0x00007ff855aae000 	C:\WINDOWS\System32\IMM32.DLL
0x00007ff847320000 - 0x00007ff8473bb000 	C:\Program Files\Java\jdk-13\bin\msvcp140.dll
0x00007ff8269c0000 - 0x00007ff827526000 	C:\Program Files\Java\jdk-13\bin\server\jvm.dll
0x00007ff856ea0000 - 0x00007ff856ea8000 	C:\WINDOWS\System32\PSAPI.DLL
0x00007ff83d4d0000 - 0x00007ff83d4d9000 	C:\WINDOWS\SYSTEM32\WSOCK32.dll
0x00007ff84f740000 - 0x00007ff84f764000 	C:\WINDOWS\SYSTEM32\WINMM.dll
0x00007ff855da0000 - 0x00007ff855e0f000 	C:\WINDOWS\System32\WS2_32.dll
0x00007ff84f710000 - 0x00007ff84f73d000 	C:\WINDOWS\SYSTEM32\winmmbase.dll
0x00007ff853ff0000 - 0x00007ff85403a000 	C:\WINDOWS\System32\cfgmgr32.dll
0x00007ff853f80000 - 0x00007ff853f91000 	C:\WINDOWS\System32\kernel.appcore.dll
0x00007ff850ab0000 - 0x00007ff850ac0000 	C:\Program Files\Java\jdk-13\bin\verify.dll
0x00007ff84bb10000 - 0x00007ff84bd04000 	C:\WINDOWS\SYSTEM32\DBGHELP.DLL
0x00007ff847450000 - 0x00007ff84747a000 	C:\WINDOWS\SYSTEM32\dbgcore.DLL
0x00007ff84f7a0000 - 0x00007ff84f7c6000 	C:\Program Files\Java\jdk-13\bin\java.dll
0x00007ff84ee60000 - 0x00007ff84ee6e000 	C:\Program Files\Java\jdk-13\bin\instrument.dll
0x00007ff847400000 - 0x00007ff847417000 	C:\Program Files\Java\jdk-13\bin\zip.dll
0x00007ff84f790000 - 0x00007ff84f79a000 	C:\Program Files\Java\jdk-13\bin\jimage.dll
0x00007ff8567a0000 - 0x00007ff856e84000 	C:\WINDOWS\System32\SHELL32.dll
0x00007ff856f70000 - 0x00007ff857019000 	C:\WINDOWS\System32\shcore.dll
0x00007ff854540000 - 0x00007ff854cbe000 	C:\WINDOWS\System32\windows.storage.dll
0x00007ff853fc0000 - 0x00007ff853fe3000 	C:\WINDOWS\System32\profapi.dll
0x00007ff853f30000 - 0x00007ff853f7a000 	C:\WINDOWS\System32\powrprof.dll
0x00007ff853f20000 - 0x00007ff853f30000 	C:\WINDOWS\System32\UMPDC.dll
0x00007ff856530000 - 0x00007ff856582000 	C:\WINDOWS\System32\shlwapi.dll
0x00007ff8550c0000 - 0x00007ff8550d7000 	C:\WINDOWS\System32\cryptsp.dll
0x00007ff847300000 - 0x00007ff847319000 	C:\Program Files\Java\jdk-13\bin\net.dll
0x00007ff849040000 - 0x00007ff849130000 	C:\WINDOWS\SYSTEM32\WINHTTP.dll
0x00007ff847910000 - 0x00007ff847ae6000 	C:\WINDOWS\SYSTEM32\urlmon.dll
0x00007ff847660000 - 0x00007ff847906000 	C:\WINDOWS\SYSTEM32\iertutil.dll
0x00007ff853960000 - 0x00007ff85396c000 	C:\WINDOWS\SYSTEM32\CRYPTBASE.DLL
0x00007ff853790000 - 0x00007ff8537f7000 	C:\WINDOWS\system32\mswsock.dll
0x00007ff8472e0000 - 0x00007ff8472f3000 	C:\Program Files\Java\jdk-13\bin\nio.dll
0x00007ff847230000 - 0x00007ff84724a000 	C:\Program Files\JetBrains\IntelliJ IDEA 2020.1.1\bin\breakgen64.dll
0x00000269266c0000 - 0x00000269266c3000 	C:\Users\Alusik\Desktop\javafx-sdk-11.0.2\bin\api-ms-win-core-console-l1-1-0.dll
0x0000026949110000 - 0x0000026949113000 	C:\Users\Alusik\Desktop\javafx-sdk-11.0.2\bin\api-ms-win-core-datetime-l1-1-0.dll
0x0000026949120000 - 0x0000026949123000 	C:\Users\Alusik\Desktop\javafx-sdk-11.0.2\bin\api-ms-win-core-debug-l1-1-0.dll
0x0000026949130000 - 0x0000026949133000 	C:\Users\Alusik\Desktop\javafx-sdk-11.0.2\bin\api-ms-win-core-errorhandling-l1-1-0.dll
0x0000026949390000 - 0x0000026949394000 	C:\Users\Alusik\Desktop\javafx-sdk-11.0.2\bin\api-ms-win-core-file-l1-1-0.dll
0x00000269493a0000 - 0x00000269493a3000 	C:\Users\Alusik\Desktop\javafx-sdk-11.0.2\bin\api-ms-win-core-file-l1-2-0.dll
0x00000269493b0000 - 0x00000269493b3000 	C:\Users\Alusik\Desktop\javafx-sdk-11.0.2\bin\api-ms-win-core-file-l2-1-0.dll
0x00000269493c0000 - 0x00000269493c3000 	C:\Users\Alusik\Desktop\javafx-sdk-11.0.2\bin\api-ms-win-core-handle-l1-1-0.dll
0x00000269493d0000 - 0x00000269493d3000 	C:\Users\Alusik\Desktop\javafx-sdk-11.0.2\bin\api-ms-win-core-heap-l1-1-0.dll
0x00000269493e0000 - 0x00000269493e3000 	C:\Users\Alusik\Desktop\javafx-sdk-11.0.2\bin\api-ms-win-core-interlocked-l1-1-0.dll
0x00000269493f0000 - 0x00000269493f3000 	C:\Users\Alusik\Desktop\javafx-sdk-11.0.2\bin\api-ms-win-core-libraryloader-l1-1-0.dll
0x0000026949400000 - 0x0000026949403000 	C:\Users\Alusik\Desktop\javafx-sdk-11.0.2\bin\api-ms-win-core-localization-l1-2-0.dll
0x0000026949410000 - 0x0000026949413000 	C:\Users\Alusik\Desktop\javafx-sdk-11.0.2\bin\api-ms-win-core-memory-l1-1-0.dll
0x0000026949270000 - 0x0000026949273000 	C:\Users\Alusik\Desktop\javafx-sdk-11.0.2\bin\api-ms-win-core-namedpipe-l1-1-0.dll
0x0000026949280000 - 0x0000026949283000 	C:\Users\Alusik\Desktop\javafx-sdk-11.0.2\bin\api-ms-win-core-processenvironment-l1-1-0.dll
0x00000269492b0000 - 0x00000269492b3000 	C:\Users\Alusik\Desktop\javafx-sdk-11.0.2\bin\api-ms-win-core-processthreads-l1-1-0.dll
0x00000269492c0000 - 0x00000269492c3000 	C:\Users\Alusik\Desktop\javafx-sdk-11.0.2\bin\api-ms-win-core-processthreads-l1-1-1.dll
0x00000269492d0000 - 0x00000269492d3000 	C:\Users\Alusik\Desktop\javafx-sdk-11.0.2\bin\api-ms-win-core-profile-l1-1-0.dll
0x00000269492e0000 - 0x00000269492e3000 	C:\Users\Alusik\Desktop\javafx-sdk-11.0.2\bin\api-ms-win-core-rtlsupport-l1-1-0.dll
0x00000269492f0000 - 0x00000269492f3000 	C:\Users\Alusik\Desktop\javafx-sdk-11.0.2\bin\api-ms-win-core-string-l1-1-0.dll
0x0000026949290000 - 0x0000026949293000 	C:\Users\Alusik\Desktop\javafx-sdk-11.0.2\bin\api-ms-win-core-synch-l1-1-0.dll
0x00000269492a0000 - 0x00000269492a3000 	C:\Users\Alusik\Desktop\javafx-sdk-11.0.2\bin\api-ms-win-core-synch-l1-2-0.dll
0x0000026949300000 - 0x0000026949303000 	C:\Users\Alusik\Desktop\javafx-sdk-11.0.2\bin\api-ms-win-core-sysinfo-l1-1-0.dll
0x0000026949330000 - 0x0000026949333000 	C:\Users\Alusik\Desktop\javafx-sdk-11.0.2\bin\api-ms-win-core-timezone-l1-1-0.dll
0x0000026949140000 - 0x0000026949143000 	C:\Users\Alusik\Desktop\javafx-sdk-11.0.2\bin\api-ms-win-core-util-l1-1-0.dll
0x0000026949150000 - 0x0000026949153000 	C:\Users\Alusik\Desktop\javafx-sdk-11.0.2\bin\api-ms-win-crt-conio-l1-1-0.dll
0x0000026949160000 - 0x0000026949164000 	C:\Users\Alusik\Desktop\javafx-sdk-11.0.2\bin\api-ms-win-crt-convert-l1-1-0.dll
0x0000026949170000 - 0x0000026949173000 	C:\Users\Alusik\Desktop\javafx-sdk-11.0.2\bin\api-ms-win-crt-environment-l1-1-0.dll
0x0000026949180000 - 0x0000026949183000 	C:\Users\Alusik\Desktop\javafx-sdk-11.0.2\bin\api-ms-win-crt-filesystem-l1-1-0.dll
0x0000026949190000 - 0x0000026949193000 	C:\Users\Alusik\Desktop\javafx-sdk-11.0.2\bin\api-ms-win-crt-heap-l1-1-0.dll
0x00000269491a0000 - 0x00000269491a3000 	C:\Users\Alusik\Desktop\javafx-sdk-11.0.2\bin\api-ms-win-crt-locale-l1-1-0.dll
0x00000269491b0000 - 0x00000269491b5000 	C:\Users\Alusik\Desktop\javafx-sdk-11.0.2\bin\api-ms-win-crt-math-l1-1-0.dll
0x00000269491c0000 - 0x00000269491c5000 	C:\Users\Alusik\Desktop\javafx-sdk-11.0.2\bin\api-ms-win-crt-multibyte-l1-1-0.dll
0x00000269491d0000 - 0x00000269491e0000 	C:\Users\Alusik\Desktop\javafx-sdk-11.0.2\bin\api-ms-win-crt-private-l1-1-0.dll
0x00000269491e0000 - 0x00000269491e3000 	C:\Users\Alusik\Desktop\javafx-sdk-11.0.2\bin\api-ms-win-crt-process-l1-1-0.dll
0x00000269491f0000 - 0x00000269491f4000 	C:\Users\Alusik\Desktop\javafx-sdk-11.0.2\bin\api-ms-win-crt-runtime-l1-1-0.dll
0x0000026949200000 - 0x0000026949204000 	C:\Users\Alusik\Desktop\javafx-sdk-11.0.2\bin\api-ms-win-crt-stdio-l1-1-0.dll
0x0000026949210000 - 0x0000026949214000 	C:\Users\Alusik\Desktop\javafx-sdk-11.0.2\bin\api-ms-win-crt-string-l1-1-0.dll
0x0000026949220000 - 0x0000026949223000 	C:\Users\Alusik\Desktop\javafx-sdk-11.0.2\bin\api-ms-win-crt-time-l1-1-0.dll
0x0000026949230000 - 0x0000026949233000 	C:\Users\Alusik\Desktop\javafx-sdk-11.0.2\bin\api-ms-win-crt-utility-l1-1-0.dll
0x00007ff82e360000 - 0x00007ff82e45a000 	C:\Users\Alusik\Desktop\javafx-sdk-11.0.2\bin\ucrtbase.dll
0x00007ff83c980000 - 0x00007ff83c996000 	C:\Users\Alusik\Desktop\javafx-sdk-11.0.2\bin\vcruntime140.dll
0x00007ff82e2b0000 - 0x00007ff82e356000 	C:\Users\Alusik\Desktop\javafx-sdk-11.0.2\bin\msvcp140.dll
0x00007ff839320000 - 0x00007ff839371000 	C:\Users\Alusik\Desktop\javafx-sdk-11.0.2\bin\concrt140.dll
0x00007ff83c950000 - 0x00007ff83c973000 	C:\Users\Alusik\Desktop\javafx-sdk-11.0.2\bin\prism_d3d.dll
0x00007ff81aa30000 - 0x00007ff81abf7000 	C:\WINDOWS\system32\d3d9.dll
0x00007ff852890000 - 0x00007ff8528bd000 	C:\WINDOWS\SYSTEM32\dwmapi.dll
0x00007ff852b90000 - 0x00007ff852bb0000 	C:\WINDOWS\SYSTEM32\dxcore.dll
0x00007ff852110000 - 0x00007ff8521a9000 	C:\WINDOWS\system32\uxtheme.dll
0x00007ff8184f0000 - 0x00007ff81aa2d000 	C:\WINDOWS\SYSTEM32\igdumdim64.dll
0x00007ff8563b0000 - 0x00007ff856474000 	C:\WINDOWS\System32\OLEAUT32.dll
0x00007ff855ab0000 - 0x00007ff855c07000 	C:\WINDOWS\System32\ole32.dll
0x00007ff8551e0000 - 0x00007ff855650000 	C:\WINDOWS\System32\SETUPAPI.dll
0x00007ff854390000 - 0x00007ff8543b6000 	C:\WINDOWS\System32\bcrypt.dll
0x00007ff839250000 - 0x00007ff839295000 	C:\Users\Alusik\Desktop\javafx-sdk-11.0.2\bin\glass.dll
0x00007ff8557f0000 - 0x00007ff8558c0000 	C:\WINDOWS\System32\COMDLG32.dll
0x00007ff855940000 - 0x00007ff855a76000 	C:\WINDOWS\System32\MSCTF.dll
0x00007ff849380000 - 0x00007ff849dbf000 	C:\WINDOWS\SYSTEM32\igdusc64.dll
0x00007ff8392c0000 - 0x00007ff8392d4000 	C:\Users\Alusik\Desktop\javafx-sdk-11.0.2\bin\javafx_font.dll
0x00007ff837cc0000 - 0x00007ff837fbe000 	C:\WINDOWS\SYSTEM32\dwrite.dll
0x00007ff855e10000 - 0x00007ff855eb2000 	C:\WINDOWS\System32\clbcatq.dll
0x00007ff84d0f0000 - 0x00007ff84d29f000 	C:\WINDOWS\SYSTEM32\WindowsCodecs.dll
0x00007ff834a00000 - 0x00007ff834a3a000 	C:\WINDOWS\system32\dataexchange.dll
0x00007ff8511b0000 - 0x00007ff85140b000 	C:\WINDOWS\system32\d3d11.dll
0x00007ff851870000 - 0x00007ff851a4c000 	C:\WINDOWS\system32\dcomp.dll
0x00007ff852c20000 - 0x00007ff852d0b000 	C:\WINDOWS\system32\dxgi.dll
0x00007ff852360000 - 0x00007ff8525c1000 	C:\WINDOWS\system32\twinapi.appcore.dll
0x00007ff8526c0000 - 0x00007ff8526e9000 	C:\WINDOWS\system32\RMCLIENT.dll
0x00007ff839210000 - 0x00007ff839243000 	C:\Program Files\Common Files\Microsoft Shared\Ink\rtscom.dll
0x00007ff838a50000 - 0x00007ff838aee000 	C:\WINDOWS\System32\TextInputFramework.dll
0x00007ff851dc0000 - 0x00007ff851e94000 	C:\WINDOWS\System32\CoreMessaging.dll
0x00007ff84d2a0000 - 0x00007ff84d5ca000 	C:\WINDOWS\System32\CoreUIComponents.dll
0x00007ff84fd80000 - 0x00007ff84fed3000 	C:\WINDOWS\SYSTEM32\wintypes.dll
0x00007ff852f80000 - 0x00007ff852fb1000 	C:\WINDOWS\SYSTEM32\ntmarta.dll
0x00007ff834b20000 - 0x00007ff834b85000 	C:\WINDOWS\system32\Oleacc.dll

dbghelp: loaded successfully - version: 4.0.5 - missing functions: none
symbol engine: initialized successfully - sym options: 0x614 - pdb path: .;C:\Program Files\Java\jdk-13\bin;C:\WINDOWS\SYSTEM32;C:\WINDOWS\WinSxS\amd64_microsoft.windows.common-controls_6595b64144ccf1df_6.0.18362.836_none_e6c4b943130f18ed;C:\Program Files\Java\jdk-13\bin\server;C:\Program Files\JetBrains\IntelliJ IDEA 2020.1.1\bin;C:\Users\Alusik\Desktop\javafx-sdk-11.0.2\bin;C:\Program Files\Common Files\Microsoft Shared\Ink

VM Arguments:
jvm_args: --module-path=C:\Users\Alusik\Desktop\javafx-sdk-11.0.2\lib --add-modules=javafx.controls,javafx.fxml --add-modules=javafx.base,javafx.graphics --add-reads=javafx.base=ALL-UNNAMED --add-reads=javafx.graphics=ALL-UNNAMED -javaagent:C:\Program Files\JetBrains\IntelliJ IDEA 2020.1.1\lib\idea_rt.jar=50127:C:\Program Files\JetBrains\IntelliJ IDEA 2020.1.1\bin -Dfile.encoding=UTF-8 
java_command: sample.Main
java_class_path (initial): C:\Users\Alusik\Desktop\Pract\Paint\out\production\Paint;C:\Users\Alusik\Desktop\javafx-sdk-11.0.2\lib\src.zip;C:\Users\Alusik\Desktop\javafx-sdk-11.0.2\lib\javafx-swt.jar;C:\Users\Alusik\Desktop\javafx-sdk-11.0.2\lib\javafx.web.jar;C:\Users\Alusik\Desktop\javafx-sdk-11.0.2\lib\javafx.base.jar;C:\Users\Alusik\Desktop\javafx-sdk-11.0.2\lib\javafx.fxml.jar;C:\Users\Alusik\Desktop\javafx-sdk-11.0.2\lib\javafx.media.jar;C:\Users\Alusik\Desktop\javafx-sdk-11.0.2\lib\javafx.swing.jar;C:\Users\Alusik\Desktop\javafx-sdk-11.0.2\lib\javafx.controls.jar;C:\Users\Alusik\Desktop\javafx-sdk-11.0.2\lib\javafx.graphics.jar
Launcher Type: SUN_STANDARD

[Global flags]
     intx CICompilerCount                          = 3                                         {product} {ergonomic}
     uint ConcGCThreads                            = 1                                         {product} {ergonomic}
     uint G1ConcRefinementThreads                  = 4                                         {product} {ergonomic}
   size_t G1HeapRegionSize                         = 1048576                                   {product} {ergonomic}
    uintx GCDrainStackTargetSize                   = 64                                        {product} {ergonomic}
   size_t InitialHeapSize                          = 134217728                                 {product} {ergonomic}
   size_t MarkStackSize                            = 4194304                                   {product} {ergonomic}
   size_t MaxHeapSize                              = 2124414976                                {product} {ergonomic}
   size_t MaxNewSize                               = 1274019840                                {product} {ergonomic}
   size_t MinHeapDeltaBytes                        = 1048576                                   {product} {ergonomic}
   size_t MinHeapSize                              = 8388608                                   {product} {ergonomic}
    uintx NonNMethodCodeHeapSize                   = 5830732                                {pd product} {ergonomic}
    uintx NonProfiledCodeHeapSize                  = 122913754                              {pd product} {ergonomic}
    uintx ProfiledCodeHeapSize                     = 122913754                              {pd product} {ergonomic}
    uintx ReservedCodeCacheSize                    = 251658240                              {pd product} {ergonomic}
     bool SegmentedCodeCache                       = true                                      {product} {ergonomic}
   size_t SoftMaxHeapSize                          = 2124414976                             {manageable} {ergonomic}
     bool UseCompressedClassPointers               = true                                 {lp64_product} {ergonomic}
     bool UseCompressedOops                        = true                                 {lp64_product} {ergonomic}
     bool UseG1GC                                  = true                                      {product} {ergonomic}
     bool UseLargePagesIndividualAllocation        = false                                  {pd product} {ergonomic}

Logging:
Log output configuration:
 #0: stdout all=warning uptime,level,tags
 #1: stderr all=off uptime,level,tags

Environment Variables:
PATH=C:\Program Files (x86)\Common Files\Oracle\Java\javapath;C:\Python\Python27\;C:\Python\Python27\Scripts;C:\ProgramData\Oracle\Java\javapath;C:\Program Files (x86)\Intel\iCLS Client\;C:\Program Files\Intel\iCLS Client\;C:\WINDOWS\system32;C:\WINDOWS;C:\WINDOWS\System32\Wbem;C:\WINDOWS\System32\WindowsPowerShell\v1.0\;C:\Program Files\Intel\Intel(R) Management Engine Components\DAL;C:\Program Files\Intel\Intel(R) Management Engine Components\IPT;C:\Program Files (x86)\Intel\Intel(R) Management Engine Components\DAL;C:\Program Files (x86)\Intel\Intel(R) Management Engine Components\IPT;C:\WINDOWS\SysWOW64;C:\WINDOWS\System32\OpenSSH\;C:\Program Files\dotnet\;C:\Program Files\Microsoft SQL Server\130\Tools\Binn\;C:\Program Files\Microsoft SQL Server\Client SDK\ODBC\170\Tools\Binn\;C:\Users\Alusik\AppData\Local\Microsoft\WindowsApps;
USERNAME=Alusik
OS=Windows_NT
PROCESSOR_IDENTIFIER=Intel64 Family 6 Model 69 Stepping 1, GenuineIntel



---------------  S Y S T E M  ---------------

OS: Windows 10 , 64 bit Build 18362 (10.0.18362.778)

CPU:total 4 (initial active 4) (2 cores per cpu, 2 threads per core) family 6 model 69 stepping 1, cmov, cx8, fxsr, mmx, sse, sse2, sse3, ssse3, sse4.1, sse4.2, popcnt, avx, avx2, aes, clmul, erms, lzcnt, ht, tsc, tscinvbit, bmi1, bmi2, fma

Memory: 4k page, system-wide physical 8099M (1610M free)
TotalPageFile size 11637M (AvailPageFile size 235M)
current process WorkingSet (physical memory assigned to process): 330M, peak: 330M
current process commit charge ("private bytes"): 375M, peak: 665M

vm_info: Java HotSpot(TM) 64-Bit Server VM (13+33) for windows-amd64 JRE (13+33), built on Sep 18 2019 21:38:00 by "mach5one" with unknown MS VC++:1916

END.
