#
# There is insufficient memory for the Java Runtime Environment to continue.
# Native memory allocation (mmap) failed to map 364904448 bytes for Failed to commit area from 0x000000008c400000 to 0x00000000a2000000 of length 364904448.
# Possible reasons:
#   The system is out of physical RAM or swap space
#   The process is running with CompressedOops enabled, and the Java Heap may be blocking the growth of the native heap
# Possible solutions:
#   Reduce memory load on the system
#   Increase physical memory or swap space
#   Check if swap backing store is full
#   Decrease Java heap size (-Xmx/-Xms)
#   Decrease number of Java threads
#   Decrease Java thread stack sizes (-Xss)
#   Set larger code cache with -XX:ReservedCodeCacheSize=
#   JVM is running with Unscaled Compressed Oops mode in which the Java heap is
#     placed in the first 4GB address space. The Java Heap base address is the
#     maximum limit for the native heap growth. Please use -XX:HeapBaseMinAddress
#     to set the Java Heap base and to place the Java Heap above 4GB virtual address.
# This output file may be truncated or incomplete.
#
#  Out of Memory Error (t:/workspace/open/src/hotspot/os/windows/os_windows.cpp:3301), pid=19608, tid=7932
#
# JRE version: Java(TM) SE Runtime Environment (13.0+33) (build 13+33)
# Java VM: Java HotSpot(TM) 64-Bit Server VM (13+33, mixed mode, sharing, tiered, compressed oops, g1 gc, windows-amd64)
# No core dump will be written. Minidumps are not enabled by default on client versions of Windows
#

---------------  S U M M A R Y ------------

Command Line: --module-path=C:\Users\Alusik\Desktop\javafx-sdk-11.0.2\lib --add-modules=javafx.controls,javafx.fxml --add-modules=javafx.base,javafx.graphics --add-reads=javafx.base=ALL-UNNAMED --add-reads=javafx.graphics=ALL-UNNAMED -javaagent:C:\Program Files\JetBrains\IntelliJ IDEA 2020.1.1\lib\idea_rt.jar=50105:C:\Program Files\JetBrains\IntelliJ IDEA 2020.1.1\bin -Dfile.encoding=UTF-8 sample.Main

Host: Intel(R) Core(TM) i3-4030U CPU @ 1.90GHz, 4 cores, 7G,  Windows 10 , 64 bit Build 18362 (10.0.18362.778)
Time: Thu Jun  4 19:49:09 2020 Oeieyiaey (eaoi) elapsed time: 30 seconds (0d 0h 0m 30s)

---------------  T H R E A D  ---------------

Current thread (0x000002215b3bb800):  VMThread "VM Thread" [stack: 0x000000befbe00000,0x000000befbf00000] [id=7932]

Stack: [0x000000befbe00000,0x000000befbf00000]
[error occurred during error reporting (printing stack bounds), id 0xc0000005, EXCEPTION_ACCESS_VIOLATION (0xc0000005) at pc=0x00000221452810ad]

Native frames: (J=compiled Java code, j=interpreted, Vv=VM code, C=native code)
V  [jvm.dll+0x626eaa]
V  [jvm.dll+0x772c4a]
V  [jvm.dll+0x7743ff]
V  [jvm.dll+0x774965]
V  [jvm.dll+0x77491b]
V  [jvm.dll+0x6266df]
C  [ntdll.dll+0x785b6]
C  [ntdll.dll+0x6a056]
C  [ntdll.dll+0x9fe3e]
C  0x00000221452810ad

VM_Operation (0x000000befcdfc880): G1CollectForAllocation, mode: safepoint, requested by thread 0x000002215c6a5000


---------------  P R O C E S S  ---------------

Threads class SMR info:
_java_thread_list=0x000002215cce0de0, length=19, elements={
0x000002213cd83000, 0x000002215b3bc800, 0x000002215b3c1000, 0x000002215b3ff800,
0x000002215b400800, 0x000002215b401800, 0x000002215bd7d000, 0x000002215bd85800,
0x000002215b3a3000, 0x000002215c595000, 0x000002215c0ce000, 0x000002215d395000,
0x000002215c8ca000, 0x000002215c6a5000, 0x000002215cc59800, 0x000002215cc56800,
0x000002215c7f7000, 0x0000022162f5d000, 0x00000221629bb800
}

Java Threads: ( => current thread )
  0x000002213cd83000 JavaThread "main" [_thread_blocked, id=20668, stack(0x000000befb800000,0x000000befb900000)]
  0x000002215b3bc800 JavaThread "Reference Handler" daemon [_thread_blocked, id=18952, stack(0x000000befbf00000,0x000000befc000000)]
  0x000002215b3c1000 JavaThread "Finalizer" daemon [_thread_blocked, id=11444, stack(0x000000befc000000,0x000000befc100000)]
  0x000002215b3ff800 JavaThread "Signal Dispatcher" daemon [_thread_blocked, id=19664, stack(0x000000befc100000,0x000000befc200000)]
  0x000002215b400800 JavaThread "Attach Listener" daemon [_thread_blocked, id=9756, stack(0x000000befc200000,0x000000befc300000)]
  0x000002215b401800 JavaThread "C2 CompilerThread0" daemon [_thread_blocked, id=4456, stack(0x000000befc300000,0x000000befc400000)]
  0x000002215bd7d000 JavaThread "C1 CompilerThread0" daemon [_thread_blocked, id=5032, stack(0x000000befc400000,0x000000befc500000)]
  0x000002215bd85800 JavaThread "Sweeper thread" daemon [_thread_blocked, id=15532, stack(0x000000befc500000,0x000000befc600000)]
  0x000002215b3a3000 JavaThread "Common-Cleaner" daemon [_thread_blocked, id=19972, stack(0x000000befc600000,0x000000befc700000)]
  0x000002215c595000 JavaThread "Monitor Ctrl-Break" daemon [_thread_in_native, id=14940, stack(0x000000befc800000,0x000000befc900000)]
  0x000002215c0ce000 JavaThread "Service Thread" daemon [_thread_blocked, id=248, stack(0x000000befc900000,0x000000befca00000)]
  0x000002215d395000 JavaThread "QuantumRenderer-0" daemon [_thread_blocked, id=16692, stack(0x000000befc700000,0x000000befc800000)]
  0x000002215c8ca000 JavaThread "InvokeLaterDispatcher" daemon [_thread_blocked, id=6876, stack(0x000000befcc00000,0x000000befcd00000)]
  0x000002215c6a5000 JavaThread "JavaFX Application Thread" [_thread_blocked, id=11616, stack(0x000000befcd00000,0x000000befce00000)]
  0x000002215cc59800 JavaThread "Thread-1" daemon [_thread_blocked, id=3540, stack(0x000000befcb00000,0x000000befcc00000)]
  0x000002215cc56800 JavaThread "JavaFX-Launcher" [_thread_blocked, id=4668, stack(0x000000befd400000,0x000000befd500000)]
  0x000002215c7f7000 JavaThread "Prism Font Disposer" daemon [_thread_blocked, id=20368, stack(0x000000befd900000,0x000000befda00000)]
  0x0000022162f5d000 JavaThread "Cleaner-0" daemon [_thread_blocked, id=18624, stack(0x000000befda00000,0x000000befdb00000)]
  0x00000221629bb800 JavaThread "C2 CompilerThread1" daemon [_thread_blocked, id=7048, stack(0x000000befd500000,0x000000befd600000)]

Other Threads:
=>0x000002215b3bb800 VMThread "VM Thread" [stack: 0x000000befbe00000,0x000000befbf00000] [id=7932]
  0x000002215c702000 WatcherThread [stack: 0x000000befca00000,0x000000befcb00000] [id=13864]
  0x000002213cdc1800 GCTaskThread "GC Thread#0" [stack: 0x000000befb900000,0x000000befba00000] [id=19404]
  0x000002215c55c800 GCTaskThread "GC Thread#1" [stack: 0x000000befce00000,0x000000befcf00000] [id=8968]
  0x000002215bebe000 GCTaskThread "GC Thread#2" [stack: 0x000000befcf00000,0x000000befd000000] [id=20936]
  0x000002215d491800 GCTaskThread "GC Thread#3" [stack: 0x000000befd000000,0x000000befd100000] [id=21304]
  0x000002213cdd3000 ConcurrentGCThread "G1 Main Marker" [stack: 0x000000befba00000,0x000000befbb00000] [id=15932]
  0x000002213cdd7000 ConcurrentGCThread "G1 Conc#0" [stack: 0x000000befbb00000,0x000000befbc00000] [id=9700]
  0x000002213ce4e800 ConcurrentGCThread "G1 Refine#0" [stack: 0x000000befbc00000,0x000000befbd00000] [id=436]
  0x000002215ce0b800 ConcurrentGCThread "G1 Refine#1" [stack: 0x000000befdd00000,0x000000befde00000] [id=10052]
  0x000002215bfc9000 ConcurrentGCThread "G1 Refine#2" [stack: 0x000000befde00000,0x000000befdf00000] [id=4772]
  0x000002215b237800 ConcurrentGCThread "G1 Young RemSet Sampling" [stack: 0x000000befbd00000,0x000000befbe00000] [id=17048]

Threads with active compile tasks:

VM state:at safepoint (normal execution)

VM Mutex/Monitor currently owned by a thread:  ([mutex/lock_event])
[0x000002213cd7f650] Threads_lock - owner thread: 0x000002215b3bb800
[0x000002213cd7f9b0] Heap_lock - owner thread: 0x000002215c6a5000

Heap address: 0x0000000081600000, size: 2026 MB, Compressed Oops mode: 32-bit
Narrow klass base: 0x0000000800000000, Narrow klass shift: 3
Compressed class space size: 1073741824 Address: 0x0000000800b40000

Heap:
 garbage-first heap   total 534528K, used 114572K [0x0000000081600000, 0x0000000100000000)
  region size 1024K, 3 young (3072K), 3 survivors (3072K)
 Metaspace       used 16302K, capacity 17935K, committed 18048K, reserved 1064960K
  class space    used 2205K, capacity 2581K, committed 2688K, reserved 1048576K
Heap Regions: E=young(eden), S=young(survivor), O=old, HS=humongous(starts), HC=humongous(continues), CS=collection set, F=free, A=archive, TAMS=top-at-mark-start (previous, next)
|   0|0x0000000081600000, 0x0000000081700000, 0x0000000081700000|100%| O|  |TAMS 0x0000000081700000, 0x0000000081600000| Updating 
|   1|0x0000000081700000, 0x0000000081800000, 0x0000000081800000|100%|HS|  |TAMS 0x0000000081800000, 0x0000000081700000| Complete 
|   2|0x0000000081800000, 0x0000000081900000, 0x0000000081900000|100%|HC|  |TAMS 0x0000000081900000, 0x0000000081800000| Complete 
|   3|0x0000000081900000, 0x0000000081a00000, 0x0000000081a00000|100%| O|  |TAMS 0x0000000081a00000, 0x0000000081900000| Updating 
|   4|0x0000000081a00000, 0x0000000081b00000, 0x0000000081b00000|100%| O|  |TAMS 0x0000000081b00000, 0x0000000081a00000| Updating 
|   5|0x0000000081b00000, 0x0000000081c00000, 0x0000000081c00000|100%| O|  |TAMS 0x0000000081c00000, 0x0000000081b00000| Updating 
|   6|0x0000000081c00000, 0x0000000081d00000, 0x0000000081d00000|100%| O|  |TAMS 0x0000000081d00000, 0x0000000081c00000| Updating 
|   7|0x0000000081d00000, 0x0000000081e00000, 0x0000000081e00000|100%| O|  |TAMS 0x0000000081e00000, 0x0000000081d00000| Updating 
|   8|0x0000000081e00000, 0x0000000081f00000, 0x0000000081f00000|100%| O|  |TAMS 0x0000000081f00000, 0x0000000081e00000| Updating 
|   9|0x0000000081f00000, 0x0000000082000000, 0x0000000082000000|100%| O|  |TAMS 0x0000000082000000, 0x0000000081f00000| Updating 
|  10|0x0000000082000000, 0x0000000082100000, 0x0000000082100000|100%| O|  |TAMS 0x0000000082100000, 0x0000000082000000| Updating 
|  11|0x0000000082100000, 0x0000000082200000, 0x0000000082200000|100%| O|  |TAMS 0x0000000082200000, 0x0000000082100000| Updating 
|  12|0x0000000082200000, 0x0000000082300000, 0x0000000082300000|100%| O|  |TAMS 0x0000000082300000, 0x0000000082200000| Updating 
|  13|0x0000000082300000, 0x0000000082400000, 0x0000000082400000|100%| O|  |TAMS 0x0000000082400000, 0x0000000082300000| Updating 
|  14|0x0000000082400000, 0x0000000082500000, 0x0000000082500000|100%| O|  |TAMS 0x0000000082500000, 0x0000000082400000| Updating 
|  15|0x0000000082500000, 0x0000000082600000, 0x0000000082600000|100%| O|  |TAMS 0x0000000082600000, 0x0000000082500000| Updating 
|  16|0x0000000082600000, 0x0000000082700000, 0x0000000082700000|100%| O|  |TAMS 0x0000000082700000, 0x0000000082600000| Updating 
|  17|0x0000000082700000, 0x0000000082800000, 0x0000000082800000|100%| O|  |TAMS 0x0000000082800000, 0x0000000082700000| Updating 
|  18|0x0000000082800000, 0x0000000082900000, 0x0000000082900000|100%| O|  |TAMS 0x0000000082900000, 0x0000000082800000| Updating 
|  19|0x0000000082900000, 0x0000000082a00000, 0x0000000082a00000|100%| O|  |TAMS 0x0000000082a00000, 0x0000000082900000| Updating 
|  20|0x0000000082a00000, 0x0000000082b00000, 0x0000000082b00000|100%| O|  |TAMS 0x0000000082b00000, 0x0000000082a00000| Updating 
|  21|0x0000000082b00000, 0x0000000082c00000, 0x0000000082c00000|100%| O|  |TAMS 0x0000000082c00000, 0x0000000082b00000| Updating 
|  22|0x0000000082c00000, 0x0000000082d00000, 0x0000000082d00000|100%| O|  |TAMS 0x0000000082d00000, 0x0000000082c00000| Updating 
|  23|0x0000000082d00000, 0x0000000082e00000, 0x0000000082e00000|100%| O|  |TAMS 0x0000000082e00000, 0x0000000082d00000| Updating 
|  24|0x0000000082e00000, 0x0000000082f00000, 0x0000000082f00000|100%| O|  |TAMS 0x0000000082f00000, 0x0000000082e00000| Updating 
|  25|0x0000000082f00000, 0x0000000083000000, 0x0000000083000000|100%| O|  |TAMS 0x0000000083000000, 0x0000000082f00000| Updating 
|  26|0x0000000083000000, 0x0000000083100000, 0x0000000083100000|100%| O|  |TAMS 0x0000000083100000, 0x0000000083000000| Updating 
|  27|0x0000000083100000, 0x0000000083200000, 0x0000000083200000|100%| O|  |TAMS 0x0000000083200000, 0x0000000083100000| Updating 
|  28|0x0000000083200000, 0x0000000083300000, 0x0000000083300000|100%| O|  |TAMS 0x0000000083300000, 0x0000000083200000| Updating 
|  29|0x0000000083300000, 0x0000000083400000, 0x0000000083400000|100%| O|  |TAMS 0x0000000083400000, 0x0000000083300000| Updating 
|  30|0x0000000083400000, 0x0000000083500000, 0x0000000083500000|100%| O|  |TAMS 0x0000000083500000, 0x0000000083400000| Updating 
|  31|0x0000000083500000, 0x0000000083600000, 0x0000000083600000|100%| O|  |TAMS 0x0000000083600000, 0x0000000083500000| Updating 
|  32|0x0000000083600000, 0x0000000083700000, 0x0000000083700000|100%| O|  |TAMS 0x0000000083700000, 0x0000000083600000| Updating 
|  33|0x0000000083700000, 0x0000000083800000, 0x0000000083800000|100%| O|  |TAMS 0x0000000083800000, 0x0000000083700000| Updating 
|  34|0x0000000083800000, 0x0000000083900000, 0x0000000083900000|100%| O|  |TAMS 0x0000000083900000, 0x0000000083800000| Updating 
|  35|0x0000000083900000, 0x0000000083a00000, 0x0000000083a00000|100%| O|  |TAMS 0x0000000083a00000, 0x0000000083900000| Updating 
|  36|0x0000000083a00000, 0x0000000083b00000, 0x0000000083b00000|100%| O|  |TAMS 0x0000000083b00000, 0x0000000083a00000| Updating 
|  37|0x0000000083b00000, 0x0000000083c00000, 0x0000000083c00000|100%| O|  |TAMS 0x0000000083c00000, 0x0000000083b00000| Updating 
|  38|0x0000000083c00000, 0x0000000083d00000, 0x0000000083d00000|100%| O|  |TAMS 0x0000000083d00000, 0x0000000083c00000| Updating 
|  39|0x0000000083d00000, 0x0000000083e00000, 0x0000000083e00000|100%| O|  |TAMS 0x0000000083e00000, 0x0000000083d00000| Updating 
|  40|0x0000000083e00000, 0x0000000083f00000, 0x0000000083f00000|100%| O|  |TAMS 0x0000000083f00000, 0x0000000083e00000| Updating 
|  41|0x0000000083f00000, 0x0000000084000000, 0x0000000084000000|100%| O|  |TAMS 0x0000000084000000, 0x0000000083f00000| Updating 
|  42|0x0000000084000000, 0x0000000084100000, 0x0000000084100000|100%| O|  |TAMS 0x0000000084000000, 0x0000000084000000| Untracked 
|  43|0x0000000084100000, 0x0000000084200000, 0x0000000084200000|100%| O|  |TAMS 0x0000000084100000, 0x0000000084100000| Untracked 
|  44|0x0000000084200000, 0x0000000084300000, 0x0000000084300000|100%| O|  |TAMS 0x0000000084200000, 0x0000000084200000| Untracked 
|  45|0x0000000084300000, 0x0000000084400000, 0x0000000084400000|100%| O|  |TAMS 0x0000000084300000, 0x0000000084300000| Untracked 
|  46|0x0000000084400000, 0x0000000084500000, 0x0000000084500000|100%| O|  |TAMS 0x0000000084500000, 0x0000000084400000| Updating 
|  47|0x0000000084500000, 0x0000000084600000, 0x0000000084600000|100%| O|  |TAMS 0x0000000084600000, 0x0000000084500000| Updating 
|  48|0x0000000084600000, 0x0000000084700000, 0x0000000084700000|100%| O|  |TAMS 0x0000000084700000, 0x0000000084600000| Updating 
|  49|0x0000000084700000, 0x0000000084800000, 0x0000000084800000|100%| O|  |TAMS 0x0000000084800000, 0x0000000084700000| Updating 
|  50|0x0000000084800000, 0x0000000084900000, 0x0000000084900000|100%| O|  |TAMS 0x0000000084900000, 0x0000000084800000| Updating 
|  51|0x0000000084900000, 0x0000000084a00000, 0x0000000084a00000|100%| O|  |TAMS 0x0000000084a00000, 0x0000000084900000| Updating 
|  52|0x0000000084a00000, 0x0000000084b00000, 0x0000000084b00000|100%| O|  |TAMS 0x0000000084b00000, 0x0000000084a00000| Updating 
|  53|0x0000000084b00000, 0x0000000084c00000, 0x0000000084c00000|100%| O|  |TAMS 0x0000000084c00000, 0x0000000084b00000| Updating 
|  54|0x0000000084c00000, 0x0000000084d00000, 0x0000000084d00000|100%| O|  |TAMS 0x0000000084d00000, 0x0000000084c00000| Updating 
|  55|0x0000000084d00000, 0x0000000084e00000, 0x0000000084e00000|100%| O|  |TAMS 0x0000000084d7d600, 0x0000000084d00000| Updating 
|  56|0x0000000084e00000, 0x0000000084f00000, 0x0000000084f00000|100%| O|  |TAMS 0x0000000084e00000, 0x0000000084e00000| Untracked 
|  57|0x0000000084f00000, 0x0000000085000000, 0x0000000085000000|100%| O|  |TAMS 0x0000000084f00000, 0x0000000084f00000| Untracked 
|  58|0x0000000085000000, 0x0000000085100000, 0x0000000085100000|100%| O|  |TAMS 0x0000000085000000, 0x0000000085000000| Untracked 
|  59|0x0000000085100000, 0x0000000085200000, 0x0000000085200000|100%| O|  |TAMS 0x0000000085100000, 0x0000000085100000| Untracked 
|  60|0x0000000085200000, 0x0000000085300000, 0x0000000085300000|100%| O|  |TAMS 0x0000000085200000, 0x0000000085200000| Untracked 
|  61|0x0000000085300000, 0x0000000085400000, 0x0000000085400000|100%| O|  |TAMS 0x0000000085300000, 0x0000000085300000| Untracked 
|  62|0x0000000085400000, 0x0000000085500000, 0x0000000085500000|100%| O|  |TAMS 0x0000000085400000, 0x0000000085400000| Untracked 
|  63|0x0000000085500000, 0x0000000085600000, 0x0000000085600000|100%| O|  |TAMS 0x0000000085500000, 0x0000000085500000| Untracked 
|  64|0x0000000085600000, 0x0000000085700000, 0x0000000085700000|100%| O|  |TAMS 0x0000000085600000, 0x0000000085600000| Untracked 
|  65|0x0000000085700000, 0x0000000085800000, 0x0000000085800000|100%| O|  |TAMS 0x0000000085700000, 0x0000000085700000| Untracked 
|  66|0x0000000085800000, 0x0000000085900000, 0x0000000085900000|100%| O|  |TAMS 0x0000000085800000, 0x0000000085800000| Untracked 
|  67|0x0000000085900000, 0x0000000085a00000, 0x0000000085a00000|100%| O|  |TAMS 0x0000000085900000, 0x0000000085900000| Untracked 
|  68|0x0000000085a00000, 0x0000000085b00000, 0x0000000085b00000|100%| O|  |TAMS 0x0000000085a00000, 0x0000000085a00000| Untracked 
|  69|0x0000000085b00000, 0x0000000085c00000, 0x0000000085c00000|100%| O|  |TAMS 0x0000000085b00000, 0x0000000085b00000| Untracked 
|  70|0x0000000085c00000, 0x0000000085d00000, 0x0000000085d00000|100%| O|  |TAMS 0x0000000085c00000, 0x0000000085c00000| Untracked 
|  71|0x0000000085d00000, 0x0000000085e00000, 0x0000000085e00000|100%| O|  |TAMS 0x0000000085d00000, 0x0000000085d00000| Untracked 
|  72|0x0000000085e00000, 0x0000000085f00000, 0x0000000085f00000|100%| O|  |TAMS 0x0000000085e00000, 0x0000000085e00000| Untracked 
|  73|0x0000000085f00000, 0x0000000086000000, 0x0000000086000000|100%| O|  |TAMS 0x0000000085f00000, 0x0000000085f00000| Untracked 
|  74|0x0000000086000000, 0x0000000086100000, 0x0000000086100000|100%| O|  |TAMS 0x0000000086000000, 0x0000000086000000| Untracked 
|  75|0x0000000086100000, 0x0000000086200000, 0x0000000086200000|100%| O|  |TAMS 0x0000000086100000, 0x0000000086100000| Untracked 
|  76|0x0000000086200000, 0x0000000086300000, 0x0000000086300000|100%| O|  |TAMS 0x0000000086200000, 0x0000000086200000| Untracked 
|  77|0x0000000086300000, 0x0000000086400000, 0x0000000086400000|100%| O|  |TAMS 0x0000000086300000, 0x0000000086300000| Untracked 
|  78|0x0000000086400000, 0x0000000086500000, 0x0000000086500000|100%| O|  |TAMS 0x0000000086400000, 0x0000000086400000| Untracked 
|  79|0x0000000086500000, 0x0000000086600000, 0x0000000086600000|100%| O|  |TAMS 0x0000000086500000, 0x0000000086500000| Untracked 
|  80|0x0000000086600000, 0x0000000086700000, 0x0000000086700000|100%| O|  |TAMS 0x0000000086600000, 0x0000000086600000| Untracked 
|  81|0x0000000086700000, 0x0000000086800000, 0x0000000086800000|100%| O|  |TAMS 0x0000000086700000, 0x0000000086700000| Untracked 
|  82|0x0000000086800000, 0x0000000086900000, 0x0000000086900000|100%| O|  |TAMS 0x0000000086800000, 0x0000000086800000| Untracked 
|  83|0x0000000086900000, 0x0000000086a00000, 0x0000000086a00000|100%| O|  |TAMS 0x0000000086900000, 0x0000000086900000| Untracked 
|  84|0x0000000086a00000, 0x0000000086b00000, 0x0000000086b00000|100%| O|  |TAMS 0x0000000086a00000, 0x0000000086a00000| Untracked 
|  85|0x0000000086b00000, 0x0000000086c00000, 0x0000000086c00000|100%| O|  |TAMS 0x0000000086b00000, 0x0000000086b00000| Untracked 
|  86|0x0000000086c00000, 0x0000000086d00000, 0x0000000086d00000|100%| O|  |TAMS 0x0000000086c00000, 0x0000000086c00000| Untracked 
|  87|0x0000000086d00000, 0x0000000086d00000, 0x0000000086e00000|  0%| F|  |TAMS 0x0000000086d00000, 0x0000000086d00000| Untracked 
|  88|0x0000000086e00000, 0x0000000086e00000, 0x0000000086f00000|  0%| F|  |TAMS 0x0000000086e00000, 0x0000000086e00000| Untracked 
|  89|0x0000000086f00000, 0x0000000086f00000, 0x0000000087000000|  0%| F|  |TAMS 0x0000000086f00000, 0x0000000086f00000| Untracked 
|  90|0x0000000087000000, 0x0000000087000000, 0x0000000087100000|  0%| F|  |TAMS 0x0000000087000000, 0x0000000087000000| Untracked 
|  91|0x0000000087100000, 0x0000000087100000, 0x0000000087200000|  0%| F|  |TAMS 0x0000000087100000, 0x0000000087100000| Untracked 
|  92|0x0000000087200000, 0x0000000087200000, 0x0000000087300000|  0%| F|  |TAMS 0x0000000087200000, 0x0000000087200000| Untracked 
|  93|0x0000000087300000, 0x0000000087300000, 0x0000000087400000|  0%| F|  |TAMS 0x0000000087300000, 0x0000000087300000| Untracked 
|  94|0x0000000087400000, 0x0000000087500000, 0x0000000087500000|100%| O|  |TAMS 0x0000000087400000, 0x0000000087400000| Untracked 
|  95|0x0000000087500000, 0x0000000087600000, 0x0000000087600000|100%| O|  |TAMS 0x0000000087500000, 0x0000000087500000| Untracked 
|  96|0x0000000087600000, 0x0000000087700000, 0x0000000087700000|100%| O|  |TAMS 0x0000000087600000, 0x0000000087600000| Untracked 
|  97|0x0000000087700000, 0x0000000087800000, 0x0000000087800000|100%| O|  |TAMS 0x0000000087700000, 0x0000000087700000| Untracked 
|  98|0x0000000087800000, 0x0000000087900000, 0x0000000087900000|100%| O|  |TAMS 0x0000000087800000, 0x0000000087800000| Untracked 
|  99|0x0000000087900000, 0x0000000087a00000, 0x0000000087a00000|100%| O|  |TAMS 0x0000000087900000, 0x0000000087900000| Updating 
| 100|0x0000000087a00000, 0x0000000087b00000, 0x0000000087b00000|100%|HS|  |TAMS 0x0000000087a00000, 0x0000000087a00000| Complete 
| 101|0x0000000087b00000, 0x0000000087c00000, 0x0000000087c00000|100%|HC|  |TAMS 0x0000000087b00000, 0x0000000087b00000| Complete 
| 102|0x0000000087c00000, 0x0000000087d00000, 0x0000000087d00000|100%|HC|  |TAMS 0x0000000087c00000, 0x0000000087c00000| Complete 
| 103|0x0000000087d00000, 0x0000000087e00000, 0x0000000087e00000|100%|HC|  |TAMS 0x0000000087d00000, 0x0000000087d00000| Complete 
| 104|0x0000000087e00000, 0x0000000087f00000, 0x0000000087f00000|100%|HC|  |TAMS 0x0000000087e00000, 0x0000000087e00000| Complete 
| 105|0x0000000087f00000, 0x0000000088000000, 0x0000000088000000|100%|HC|  |TAMS 0x0000000087f00000, 0x0000000087f00000| Complete 
| 106|0x0000000088000000, 0x0000000088100000, 0x0000000088100000|100%|HC|  |TAMS 0x0000000088000000, 0x0000000088000000| Complete 
| 107|0x0000000088100000, 0x0000000088200000, 0x0000000088200000|100%|HC|  |TAMS 0x0000000088100000, 0x0000000088100000| Complete 
| 108|0x0000000088200000, 0x0000000088300000, 0x0000000088300000|100%| O|  |TAMS 0x0000000088200000, 0x0000000088200000| Untracked 
| 109|0x0000000088300000, 0x0000000088400000, 0x0000000088400000|100%| O|  |TAMS 0x0000000088300000, 0x0000000088300000| Untracked 
| 110|0x0000000088400000, 0x0000000088500000, 0x0000000088500000|100%| O|  |TAMS 0x0000000088400000, 0x0000000088400000| Untracked 
| 111|0x0000000088500000, 0x0000000088600000, 0x0000000088600000|100%| O|  |TAMS 0x0000000088500000, 0x0000000088500000| Untracked 
| 112|0x0000000088600000, 0x0000000088700000, 0x0000000088700000|100%| O|  |TAMS 0x0000000088600000, 0x0000000088600000| Untracked 
| 113|0x0000000088700000, 0x0000000088800000, 0x0000000088800000|100%| O|  |TAMS 0x0000000088700000, 0x0000000088700000| Untracked 
| 114|0x0000000088800000, 0x0000000088900000, 0x0000000088900000|100%| O|  |TAMS 0x0000000088800000, 0x0000000088800000| Untracked 
| 115|0x0000000088900000, 0x00000000889e3200, 0x0000000088a00000| 88%| O|  |TAMS 0x0000000088900000, 0x0000000088900000| Untracked 
| 116|0x0000000088a00000, 0x0000000088a00000, 0x0000000088b00000|  0%| F|  |TAMS 0x0000000088a00000, 0x0000000088a00000| Untracked 
| 117|0x0000000088b00000, 0x0000000088b00000, 0x0000000088c00000|  0%| F|  |TAMS 0x0000000088b00000, 0x0000000088b00000| Untracked 
| 118|0x0000000088c00000, 0x0000000088c00000, 0x0000000088d00000|  0%| F|  |TAMS 0x0000000088c00000, 0x0000000088c00000| Untracked 
| 119|0x0000000088d00000, 0x0000000088d00000, 0x0000000088e00000|  0%| F|  |TAMS 0x0000000088d00000, 0x0000000088d00000| Untracked 
| 120|0x0000000088e00000, 0x0000000088e00000, 0x0000000088f00000|  0%| F|  |TAMS 0x0000000088e00000, 0x0000000088e00000| Untracked 
| 121|0x0000000088f00000, 0x0000000088f00000, 0x0000000089000000|  0%| F|  |TAMS 0x0000000088f00000, 0x0000000088f00000| Untracked 
| 122|0x0000000089000000, 0x0000000089000000, 0x0000000089100000|  0%| F|  |TAMS 0x0000000089000000, 0x0000000089000000| Untracked 
| 123|0x0000000089100000, 0x0000000089100000, 0x0000000089200000|  0%| F|  |TAMS 0x0000000089100000, 0x0000000089100000| Untracked 
| 124|0x0000000089200000, 0x0000000089200000, 0x0000000089300000|  0%| F|  |TAMS 0x0000000089200000, 0x0000000089200000| Untracked 
| 125|0x0000000089300000, 0x0000000089300000, 0x0000000089400000|  0%| F|  |TAMS 0x0000000089300000, 0x0000000089300000| Untracked 
| 126|0x0000000089400000, 0x0000000089400000, 0x0000000089500000|  0%| F|  |TAMS 0x0000000089400000, 0x0000000089400000| Untracked 
| 127|0x0000000089500000, 0x0000000089500000, 0x0000000089600000|  0%| F|  |TAMS 0x0000000089500000, 0x0000000089500000| Untracked 
| 128|0x0000000089600000, 0x0000000089600000, 0x0000000089700000|  0%| F|  |TAMS 0x0000000089600000, 0x0000000089600000| Untracked 
| 129|0x0000000089700000, 0x0000000089700000, 0x0000000089800000|  0%| F|  |TAMS 0x0000000089700000, 0x0000000089700000| Untracked 
| 130|0x0000000089800000, 0x0000000089800000, 0x0000000089900000|  0%| F|  |TAMS 0x0000000089800000, 0x0000000089800000| Untracked 
| 131|0x0000000089900000, 0x0000000089900000, 0x0000000089a00000|  0%| F|  |TAMS 0x0000000089900000, 0x0000000089900000| Untracked 
| 132|0x0000000089a00000, 0x0000000089a00000, 0x0000000089b00000|  0%| F|  |TAMS 0x0000000089a00000, 0x0000000089a00000| Untracked 
| 133|0x0000000089b00000, 0x0000000089b00000, 0x0000000089c00000|  0%| F|  |TAMS 0x0000000089b00000, 0x0000000089b00000| Untracked 
| 134|0x0000000089c00000, 0x0000000089c00000, 0x0000000089d00000|  0%| F|  |TAMS 0x0000000089c00000, 0x0000000089c00000| Untracked 
| 135|0x0000000089d00000, 0x0000000089d00000, 0x0000000089e00000|  0%| F|  |TAMS 0x0000000089d00000, 0x0000000089d00000| Untracked 
| 136|0x0000000089e00000, 0x0000000089e00000, 0x0000000089f00000|  0%| F|  |TAMS 0x0000000089e00000, 0x0000000089e00000| Untracked 
| 137|0x0000000089f00000, 0x0000000089f00000, 0x000000008a000000|  0%| F|  |TAMS 0x0000000089f00000, 0x0000000089f00000| Untracked 
| 138|0x000000008a000000, 0x000000008a000000, 0x000000008a100000|  0%| F|  |TAMS 0x000000008a000000, 0x000000008a000000| Untracked 
| 139|0x000000008a100000, 0x000000008a100000, 0x000000008a200000|  0%| F|  |TAMS 0x000000008a100000, 0x000000008a100000| Untracked 
| 140|0x000000008a200000, 0x000000008a200000, 0x000000008a300000|  0%| F|  |TAMS 0x000000008a200000, 0x000000008a200000| Untracked 
| 141|0x000000008a300000, 0x000000008a300000, 0x000000008a400000|  0%| F|  |TAMS 0x000000008a300000, 0x000000008a300000| Untracked 
| 142|0x000000008a400000, 0x000000008a400000, 0x000000008a500000|  0%| F|  |TAMS 0x000000008a400000, 0x000000008a400000| Untracked 
| 143|0x000000008a500000, 0x000000008a500000, 0x000000008a600000|  0%| F|  |TAMS 0x000000008a500000, 0x000000008a500000| Untracked 
| 144|0x000000008a600000, 0x000000008a600000, 0x000000008a700000|  0%| F|  |TAMS 0x000000008a600000, 0x000000008a600000| Untracked 
| 145|0x000000008a700000, 0x000000008a700000, 0x000000008a800000|  0%| F|  |TAMS 0x000000008a700000, 0x000000008a700000| Untracked 
| 146|0x000000008a800000, 0x000000008a800000, 0x000000008a900000|  0%| F|  |TAMS 0x000000008a800000, 0x000000008a800000| Untracked 
| 147|0x000000008a900000, 0x000000008a900000, 0x000000008aa00000|  0%| F|  |TAMS 0x000000008a900000, 0x000000008a900000| Untracked 
| 148|0x000000008aa00000, 0x000000008aa00000, 0x000000008ab00000|  0%| F|  |TAMS 0x000000008aa00000, 0x000000008aa00000| Untracked 
| 149|0x000000008ab00000, 0x000000008ac00000, 0x000000008ac00000|100%| S|CS|TAMS 0x000000008ab00000, 0x000000008ab00000| Complete 
| 150|0x000000008ac00000, 0x000000008ad00000, 0x000000008ad00000|100%| S|CS|TAMS 0x000000008ac00000, 0x000000008ac00000| Complete 
| 151|0x000000008ad00000, 0x000000008ae00000, 0x000000008ae00000|100%| S|CS|TAMS 0x000000008ad00000, 0x000000008ad00000| Complete 
| 152|0x000000008ae00000, 0x000000008ae00000, 0x000000008af00000|  0%| F|  |TAMS 0x000000008ae00000, 0x000000008ae00000| Untracked 
| 153|0x000000008af00000, 0x000000008af00000, 0x000000008b000000|  0%| F|  |TAMS 0x000000008af00000, 0x000000008af00000| Untracked 
| 154|0x000000008b000000, 0x000000008b000000, 0x000000008b100000|  0%| F|  |TAMS 0x000000008b000000, 0x000000008b000000| Untracked 
| 155|0x000000008b100000, 0x000000008b100000, 0x000000008b200000|  0%| F|  |TAMS 0x000000008b100000, 0x000000008b100000| Untracked 
| 156|0x000000008b200000, 0x000000008b200000, 0x000000008b300000|  0%| F|  |TAMS 0x000000008b200000, 0x000000008b200000| Untracked 
| 157|0x000000008b300000, 0x000000008b300000, 0x000000008b400000|  0%| F|  |TAMS 0x000000008b300000, 0x000000008b300000| Untracked 
| 158|0x000000008b400000, 0x000000008b400000, 0x000000008b500000|  0%| F|  |TAMS 0x000000008b400000, 0x000000008b400000| Untracked 
| 159|0x000000008b500000, 0x000000008b500000, 0x000000008b600000|  0%| F|  |TAMS 0x000000008b500000, 0x000000008b500000| Untracked 
| 160|0x000000008b600000, 0x000000008b600000, 0x000000008b700000|  0%| F|  |TAMS 0x000000008b600000, 0x000000008b600000| Untracked 
| 161|0x000000008b700000, 0x000000008b700000, 0x000000008b800000|  0%| F|  |TAMS 0x000000008b700000, 0x000000008b700000| Untracked 
| 162|0x000000008b800000, 0x000000008b800000, 0x000000008b900000|  0%| F|  |TAMS 0x000000008b800000, 0x000000008b800000| Untracked 
| 163|0x000000008b900000, 0x000000008b900000, 0x000000008ba00000|  0%| F|  |TAMS 0x000000008b900000, 0x000000008b900000| Untracked 
| 164|0x000000008ba00000, 0x000000008ba00000, 0x000000008bb00000|  0%| F|  |TAMS 0x000000008ba00000, 0x000000008ba00000| Untracked 
| 165|0x000000008bb00000, 0x000000008bb00000, 0x000000008bc00000|  0%| F|  |TAMS 0x000000008bb00000, 0x000000008bb00000| Untracked 
| 166|0x000000008bc00000, 0x000000008bc00000, 0x000000008bd00000|  0%| F|  |TAMS 0x000000008bc00000, 0x000000008bc00000| Untracked 
| 167|0x000000008bd00000, 0x000000008bd00000, 0x000000008be00000|  0%| F|  |TAMS 0x000000008bd00000, 0x000000008bd00000| Untracked 
| 168|0x000000008be00000, 0x000000008be00000, 0x000000008bf00000|  0%| F|  |TAMS 0x000000008be00000, 0x000000008be00000| Untracked 
| 169|0x000000008bf00000, 0x000000008bf00000, 0x000000008c000000|  0%| F|  |TAMS 0x000000008bf00000, 0x000000008bf00000| Untracked 
| 170|0x000000008c000000, 0x000000008c000000, 0x000000008c100000|  0%| F|  |TAMS 0x000000008c000000, 0x000000008c000000| Untracked 
| 171|0x000000008c100000, 0x000000008c100000, 0x000000008c200000|  0%| F|  |TAMS 0x000000008c100000, 0x000000008c100000| Untracked 
| 172|0x000000008c200000, 0x000000008c200000, 0x000000008c300000|  0%| F|  |TAMS 0x000000008c200000, 0x000000008c200000| Untracked 
| 173|0x000000008c300000, 0x000000008c300000, 0x000000008c400000|  0%| F|  |TAMS 0x000000008c300000, 0x000000008c300000| Untracked 

Card table byte_map: [0x0000022154680000,0x0000022154a80000] _byte_map_base: 0x0000022154275000

Marking Bits (Prev, Next): (CMBitMap*) 0x000002213cdc27c8, (CMBitMap*) 0x000002213cdc2788
 Prev Bits: [0x0000022156e30000, 0x0000022158dd8000)
 Next Bits: [0x0000022154e80000, 0x0000022156e28000)

Polling page: 0x000002213ad70000

Metaspace:

Usage:
  Non-class:     14.99 MB capacity,    13.77 MB ( 92%) used,     1.16 MB (  8%) free+waste,    72.00 KB ( <1%) overhead. 
      Class:      2.52 MB capacity,     2.15 MB ( 85%) used,   337.79 KB ( 13%) free+waste,    38.19 KB (  1%) overhead. 
       Both:     17.51 MB capacity,    15.92 MB ( 91%) used,     1.49 MB (  8%) free+waste,   110.19 KB ( <1%) overhead. 

Virtual space:
  Non-class space:       16.00 MB reserved,      15.00 MB ( 94%) committed 
      Class space:        1.00 GB reserved,       2.63 MB ( <1%) committed 
             Both:        1.02 GB reserved,      17.63 MB (  2%) committed 

Chunk freelists:
   Non-Class:  6.00 KB
       Class:  11.00 KB
        Both:  17.00 KB

MaxMetaspaceSize: 17179869184.00 GB
CompressedClassSpaceSize: 1.00 GB

CodeHeap 'non-profiled nmethods': size=120064Kb used=2143Kb max_used=2143Kb free=117920Kb
 bounds [0x000002214cd40000, 0x000002214cfb0000, 0x0000022154280000]
CodeHeap 'profiled nmethods': size=120000Kb used=7611Kb max_used=7611Kb free=112388Kb
 bounds [0x0000022145810000, 0x0000022145f80000, 0x000002214cd40000]
CodeHeap 'non-nmethods': size=5696Kb used=1476Kb max_used=1519Kb free=4219Kb
 bounds [0x0000022145280000, 0x00000221454f0000, 0x0000022145810000]
 total_blobs=5655 nmethods=3696 adapters=712
 compilation: enabled
              stopped_count=0, restarted_count=0
 full_count=0

Compilation events (20 events):
Event: 29.639 Thread 0x000002215b401800 nmethod 3667 0x000002214cf4f690 code [0x000002214cf4f840, 0x000002214cf4f968]
Event: 29.639 Thread 0x000002215b401800 3668       4       javafx.scene.shape.Line::getStartY (8 bytes)
Event: 29.642 Thread 0x000002215b401800 nmethod 3668 0x000002214cf4fa90 code [0x000002214cf4fc40, 0x000002214cf4fd68]
Event: 29.642 Thread 0x000002215b401800 3609       4       java.lang.invoke.DirectMethodHandle$Holder::invokeStatic (14 bytes)
Event: 29.643 Thread 0x000002215b401800 nmethod 3609 0x000002214cf4fe90 code [0x000002214cf50020, 0x000002214cf500c8]
Event: 29.643 Thread 0x000002215b401800 3697       4       javafx.beans.property.SimpleObjectProperty::<init> (24 bytes)
Event: 29.653 Thread 0x000002215b401800 nmethod 3697 0x000002214cf50210 code [0x000002214cf503a0, 0x000002214cf506b8]
Event: 29.654 Thread 0x000002215b401800 3699       4       javafx.scene.Node::isWindowShowing (33 bytes)
Event: 29.656 Thread 0x000002215b401800 nmethod 3699 0x000002214cf50790 code [0x000002214cf50920, 0x000002214cf50a18]
Event: 29.656 Thread 0x000002215b401800 3701       4       javafx.scene.Node::updateTreeVisible (109 bytes)
Event: 29.667 Thread 0x000002215b401800 nmethod 3701 0x000002214cf50b90 code [0x000002214cf50d80, 0x000002214cf51298]
Event: 29.667 Thread 0x000002215b401800 3691       4       com.sun.javafx.collections.ListListenerHelper::<init> (5 bytes)
Event: 29.668 Thread 0x000002215b401800 nmethod 3691 0x000002214cf51710 code [0x000002214cf518a0, 0x000002214cf51918]
Event: 29.668 Thread 0x000002215b401800 3693       4       com.sun.javafx.collections.ListListenerHelper$SingleChange::<init> (10 bytes)
Event: 29.670 Thread 0x000002215b401800 nmethod 3693 0x000002214cf51a10 code [0x000002214cf51ba0, 0x000002214cf51cd8]
Event: 29.670 Thread 0x000002215b401800 3692       4       com.sun.javafx.collections.ListListenerHelper$SingleChange::<init> (6 bytes)
Event: 29.672 Thread 0x000002215b401800 nmethod 3692 0x000002214cf51d90 code [0x000002214cf51f20, 0x000002214cf52058]
Event: 29.741 Thread 0x00000221629bb800 nmethod 3673 0x000002214cf52110 code [0x000002214cf52520, 0x000002214cf56530]
Event: 29.753 Thread 0x000002215b401800 3711       4       javafx.beans.binding.ObjectExpression::<init> (5 bytes)
Event: 29.754 Thread 0x000002215b401800 nmethod 3711 0x000002214cf57c90 code [0x000002214cf57e20, 0x000002214cf57ed8]

GC Heap History (20 events):
Event: 29.629 GC heap after
{Heap after GC invocations=6 (full 0):
 garbage-first heap   total 131072K, used 47991K [0x0000000081600000, 0x0000000100000000)
  region size 1024K, 1 young (1024K), 1 survivors (1024K)
 Metaspace       used 16302K, capacity 17935K, committed 18048K, reserved 1064960K
  class space    used 2205K, capacity 2581K, committed 2688K, reserved 1048576K
}
Event: 29.647 GC heap before
{Heap before GC invocations=6 (full 0):
 garbage-first heap   total 131072K, used 53111K [0x0000000081600000, 0x0000000100000000)
  region size 1024K, 6 young (6144K), 1 survivors (1024K)
 Metaspace       used 16302K, capacity 17935K, committed 18048K, reserved 1064960K
  class space    used 2205K, capacity 2581K, committed 2688K, reserved 1048576K
}
Event: 29.653 GC heap after
{Heap after GC invocations=7 (full 0):
 garbage-first heap   total 131072K, used 50890K [0x0000000081600000, 0x0000000100000000)
  region size 1024K, 1 young (1024K), 1 survivors (1024K)
 Metaspace       used 16302K, capacity 17935K, committed 18048K, reserved 1064960K
  class space    used 2205K, capacity 2581K, committed 2688K, reserved 1048576K
}
Event: 29.679 GC heap before
{Heap before GC invocations=7 (full 0):
 garbage-first heap   total 131072K, used 56010K [0x0000000081600000, 0x0000000100000000)
  region size 1024K, 6 young (6144K), 1 survivors (1024K)
 Metaspace       used 16302K, capacity 17935K, committed 18048K, reserved 1064960K
  class space    used 2205K, capacity 2581K, committed 2688K, reserved 1048576K
}
Event: 29.685 GC heap after
{Heap after GC invocations=8 (full 0):
 garbage-first heap   total 131072K, used 53796K [0x0000000081600000, 0x0000000100000000)
  region size 1024K, 1 young (1024K), 1 survivors (1024K)
 Metaspace       used 16302K, capacity 17935K, committed 18048K, reserved 1064960K
  class space    used 2205K, capacity 2581K, committed 2688K, reserved 1048576K
}
Event: 29.709 GC heap before
{Heap before GC invocations=8 (full 0):
 garbage-first heap   total 131072K, used 60964K [0x0000000081600000, 0x0000000100000000)
  region size 1024K, 8 young (8192K), 1 survivors (1024K)
 Metaspace       used 16302K, capacity 17935K, committed 18048K, reserved 1064960K
  class space    used 2205K, capacity 2581K, committed 2688K, reserved 1048576K
}
Event: 29.716 GC heap after
{Heap after GC invocations=9 (full 0):
 garbage-first heap   total 131072K, used 57845K [0x0000000081600000, 0x0000000100000000)
  region size 1024K, 1 young (1024K), 1 survivors (1024K)
 Metaspace       used 16302K, capacity 17935K, committed 18048K, reserved 1064960K
  class space    used 2205K, capacity 2581K, committed 2688K, reserved 1048576K
}
Event: 29.741 GC heap before
{Heap before GC invocations=9 (full 0):
 garbage-first heap   total 131072K, used 65013K [0x0000000081600000, 0x0000000100000000)
  region size 1024K, 9 young (9216K), 1 survivors (1024K)
 Metaspace       used 16302K, capacity 17935K, committed 18048K, reserved 1064960K
  class space    used 2205K, capacity 2581K, committed 2688K, reserved 1048576K
}
Event: 29.750 GC heap after
{Heap after GC invocations=10 (full 0):
 garbage-first heap   total 131072K, used 62457K [0x0000000081600000, 0x0000000100000000)
  region size 1024K, 3 young (3072K), 3 survivors (3072K)
 Metaspace       used 16302K, capacity 17935K, committed 18048K, reserved 1064960K
  class space    used 2205K, capacity 2581K, committed 2688K, reserved 1048576K
}
Event: 29.793 GC heap before
{Heap before GC invocations=10 (full 0):
 garbage-first heap   total 131072K, used 86009K [0x0000000081600000, 0x0000000100000000)
  region size 1024K, 21 young (21504K), 3 survivors (3072K)
 Metaspace       used 16302K, capacity 17935K, committed 18048K, reserved 1064960K
  class space    used 2205K, capacity 2581K, committed 2688K, reserved 1048576K
}
Event: 29.813 GC heap after
{Heap after GC invocations=11 (full 0):
 garbage-first heap   total 131072K, used 73195K [0x0000000081600000, 0x0000000100000000)
  region size 1024K, 3 young (3072K), 3 survivors (3072K)
 Metaspace       used 16302K, capacity 17935K, committed 18048K, reserved 1064960K
  class space    used 2205K, capacity 2581K, committed 2688K, reserved 1048576K
}
Event: 29.865 GC heap before
{Heap before GC invocations=11 (full 0):
 garbage-first heap   total 131072K, used 94699K [0x0000000081600000, 0x0000000100000000)
  region size 1024K, 18 young (18432K), 3 survivors (3072K)
 Metaspace       used 16302K, capacity 17935K, committed 18048K, reserved 1064960K
  class space    used 2205K, capacity 2581K, committed 2688K, reserved 1048576K
}
Event: 29.881 GC heap after
{Heap after GC invocations=12 (full 0):
 garbage-first heap   total 131072K, used 82944K [0x0000000081600000, 0x0000000100000000)
  region size 1024K, 3 young (3072K), 3 survivors (3072K)
 Metaspace       used 16302K, capacity 17935K, committed 18048K, reserved 1064960K
  class space    used 2205K, capacity 2581K, committed 2688K, reserved 1048576K
}
Event: 29.915 GC heap before
{Heap before GC invocations=12 (full 0):
 garbage-first heap   total 131072K, used 96256K [0x0000000081600000, 0x0000000100000000)
  region size 1024K, 16 young (16384K), 3 survivors (3072K)
 Metaspace       used 16302K, capacity 17935K, committed 18048K, reserved 1064960K
  class space    used 2205K, capacity 2581K, committed 2688K, reserved 1048576K
}
Event: 29.930 GC heap after
{Heap after GC invocations=13 (full 0):
 garbage-first heap   total 131072K, used 90505K [0x0000000081600000, 0x0000000100000000)
  region size 1024K, 2 young (2048K), 2 survivors (2048K)
 Metaspace       used 16302K, capacity 17935K, committed 18048K, reserved 1064960K
  class space    used 2205K, capacity 2581K, committed 2688K, reserved 1048576K
}
Event: 29.960 GC heap before
{Heap before GC invocations=13 (full 0):
 garbage-first heap   total 131072K, used 107913K [0x0000000081600000, 0x0000000100000000)
  region size 1024K, 12 young (12288K), 2 survivors (2048K)
 Metaspace       used 16302K, capacity 17935K, committed 18048K, reserved 1064960K
  class space    used 2205K, capacity 2581K, committed 2688K, reserved 1048576K
}
Event: 29.971 GC heap after
{Heap after GC invocations=14 (full 0):
 garbage-first heap   total 131072K, used 97679K [0x0000000081600000, 0x0000000100000000)
  region size 1024K, 2 young (2048K), 2 survivors (2048K)
 Metaspace       used 16302K, capacity 17935K, committed 18048K, reserved 1064960K
  class space    used 2205K, capacity 2581K, committed 2688K, reserved 1048576K
}
Event: 29.992 GC heap before
{Heap before GC invocations=14 (full 0):
 garbage-first heap   total 178176K, used 105871K [0x0000000081600000, 0x0000000100000000)
  region size 1024K, 10 young (10240K), 2 survivors (2048K)
 Metaspace       used 16302K, capacity 17935K, committed 18048K, reserved 1064960K
  class space    used 2205K, capacity 2581K, committed 2688K, reserved 1048576K
}
Event: 30.003 GC heap after
{Heap after GC invocations=15 (full 0):
 garbage-first heap   total 178176K, used 102400K [0x0000000081600000, 0x0000000100000000)
  region size 1024K, 2 young (2048K), 2 survivors (2048K)
 Metaspace       used 16302K, capacity 17935K, committed 18048K, reserved 1064960K
  class space    used 2205K, capacity 2581K, committed 2688K, reserved 1048576K
}
Event: 30.057 GC heap before
{Heap before GC invocations=15 (full 0):
 garbage-first heap   total 178176K, used 131072K [0x0000000081600000, 0x0000000100000000)
  region size 1024K, 22 young (22528K), 2 survivors (2048K)
 Metaspace       used 16302K, capacity 17935K, committed 18048K, reserved 1064960K
  class space    used 2205K, capacity 2581K, committed 2688K, reserved 1048576K
}

Deoptimization events (20 events):
Event: 25.168 Thread 0x000002215d395000 DEOPT PACKING pc=0x000002214cebb50c sp=0x000000befc7fd5c0
Event: 25.168 Thread 0x000002215d395000 DEOPT UNPACKING pc=0x00000221452c912f sp=0x000000befc7fd4c0 mode 2
Event: 25.883 Thread 0x000002215c6a5000 Uncommon trap: trap_request=0xffffffbe fr.pc=0x000002214cf0b09c relative=0x00000000000049fc
Event: 25.884 Thread 0x000002215c6a5000 Uncommon trap: reason=profile_predicate action=maybe_recompile pc=0x000002214cf0b09c method=javafx.scene.CssStyleHelper.transitionToState(Ljavafx/scene/Node;)V @ 286 c2
Event: 25.884 Thread 0x000002215c6a5000 DEOPT PACKING pc=0x000002214cf0b09c sp=0x000000befcdfdb80
Event: 25.884 Thread 0x000002215c6a5000 DEOPT UNPACKING pc=0x00000221452c912f sp=0x000000befcdfdb08 mode 2
Event: 26.011 Thread 0x000002215c6a5000 Uncommon trap: trap_request=0xffffffbe fr.pc=0x000002214cf0b09c relative=0x00000000000049fc
Event: 26.011 Thread 0x000002215c6a5000 Uncommon trap: reason=profile_predicate action=maybe_recompile pc=0x000002214cf0b09c method=javafx.scene.CssStyleHelper.transitionToState(Ljavafx/scene/Node;)V @ 286 c2
Event: 26.011 Thread 0x000002215c6a5000 DEOPT PACKING pc=0x000002214cf0b09c sp=0x000000befcdfdc70
Event: 26.011 Thread 0x000002215c6a5000 DEOPT UNPACKING pc=0x00000221452c912f sp=0x000000befcdfdbf8 mode 2
Event: 26.011 Thread 0x000002215c6a5000 Uncommon trap: trap_request=0xffffffbe fr.pc=0x000002214cf0b09c relative=0x00000000000049fc
Event: 26.011 Thread 0x000002215c6a5000 Uncommon trap: reason=profile_predicate action=maybe_recompile pc=0x000002214cf0b09c method=javafx.scene.CssStyleHelper.transitionToState(Ljavafx/scene/Node;)V @ 286 c2
Event: 26.011 Thread 0x000002215c6a5000 DEOPT PACKING pc=0x000002214cf0b09c sp=0x000000befcdfda00
Event: 26.011 Thread 0x000002215c6a5000 DEOPT UNPACKING pc=0x00000221452c912f sp=0x000000befcdfd988 mode 2
Event: 26.012 Thread 0x000002215c6a5000 Uncommon trap: trap_request=0xffffffbe fr.pc=0x000002214cf0b09c relative=0x00000000000049fc
Event: 26.012 Thread 0x000002215c6a5000 Uncommon trap: reason=profile_predicate action=maybe_recompile pc=0x000002214cf0b09c method=javafx.scene.CssStyleHelper.transitionToState(Ljavafx/scene/Node;)V @ 286 c2
Event: 26.012 Thread 0x000002215c6a5000 DEOPT PACKING pc=0x000002214cf0b09c sp=0x000000befcdfd790
Event: 26.012 Thread 0x000002215c6a5000 DEOPT UNPACKING pc=0x00000221452c912f sp=0x000000befcdfd718 mode 2
Event: 27.983 Thread 0x000002215d395000 DEOPT PACKING pc=0x0000022145eba0c3 sp=0x000000befc7fd580
Event: 27.983 Thread 0x000002215d395000 DEOPT UNPACKING pc=0x00000221452c964e sp=0x000000befc7fca10 mode 0

Classes unloaded (0 events):
No events

Classes redefined (0 events):
No events

Internal exceptions (20 events):
Event: 2.420 Thread 0x000002215c6a5000 Implicit null exception at 0x000002214cda1825 to 0x000002214cda1bee
Event: 2.420 Thread 0x000002215c6a5000 Implicit null exception at 0x000002214cd64309 to 0x000002214cd64570
Event: 2.823 Thread 0x000002215c6a5000 Exception <a 'java/lang/NoSuchMethodError'{0x00000000878e1a78}: 'java.lang.Object java.lang.invoke.DirectMethodHandle$Holder.invokeInterface(java.lang.Object, java.lang.Object, java.lang.Object)'> (0x00000000878e1a78) 
thrown [t:/workspace/open/src/hotspot/share/interpreter/linkResolver.cpp, line 767]
Event: 2.824 Thread 0x000002215c6a5000 Exception <a 'java/lang/IncompatibleClassChangeError'{0x00000000878e4908}: Found class java.lang.Object, but interface was expected> (0x00000000878e4908) 
thrown [t:/workspace/open/src/hotspot/share/interpreter/linkResolver.cpp, line 833]
Event: 2.864 Thread 0x000002215c6a5000 Exception <a 'java/lang/NoSuchMethodError'{0x00000000877dd280}: 'java.lang.Object java.lang.invoke.Invokers$Holder.linkToTargetMethod(java.lang.Object, int, java.lang.Object)'> (0x00000000877dd280) 
thrown [t:/workspace/open/src/hotspot/share/interpreter/linkResolver.cpp, line 767]
Event: 2.879 Thread 0x000002215c6a5000 Implicit null exception at 0x000002214cdc0916 to 0x000002214cdc09be
Event: 2.960 Thread 0x000002215c6a5000 Exception <a 'java/lang/ClassNotFoundException'{0x0000000087572800}: com/sun/javafx/scene/control/skin/resources/controls> (0x0000000087572800) 
thrown [t:/workspace/open/src/hotspot/share/prims/jni.cpp, line 619]
Event: 2.962 Thread 0x000002215c6a5000 Exception <a 'java/lang/ClassNotFoundException'{0x0000000087580588}: com/sun/javafx/scene/control/skin/resources/controls_ru> (0x0000000087580588) 
thrown [t:/workspace/open/src/hotspot/share/prims/jni.cpp, line 619]
Event: 2.963 Thread 0x000002215c6a5000 Exception <a 'java/lang/ClassNotFoundException'{0x0000000087582a28}: com/sun/javafx/scene/control/skin/resources/controls_ru_RU> (0x0000000087582a28) 
thrown [t:/workspace/open/src/hotspot/share/prims/jni.cpp, line 619]
Event: 2.985 Thread 0x000002215c6a5000 Exception <a 'java/lang/NoSuchMethodError'{0x00000000875e2310}: 'void java.lang.invoke.DirectMethodHandle$Holder.invokeSpecialIFC(java.lang.Object, java.lang.Object, java.lang.Object, java.lang.Object)'> (0x00000000875e2310) 
thrown [t:/workspace/open/src/hotspot/share/interpreter/linkResolver.cpp, line 767]
Event: 3.067 Thread 0x000002215c6a5000 Exception <a 'java/lang/NoSuchMethodError'{0x000000008735c5d8}: 'void java.lang.invoke.DirectMethodHandle$Holder.invokeSpecial(java.lang.Object, java.lang.Object, java.lang.Object, java.lang.Object, java.lang.Object, java.lang.Object)'> (0x000000008735c5d8) 
thrown [t:/workspace/open/src/hotspot/share/interpreter/linkResolver.cpp, line 767]
Event: 3.332 Thread 0x000002215c6a5000 Exception <a 'java/lang/NoSuchMethodError'{0x00000000870e4740}: 'long java.lang.invoke.DirectMethodHandle$Holder.invokeStatic(java.lang.Object, java.lang.Object, java.lang.Object)'> (0x00000000870e4740) 
thrown [t:/workspace/open/src/hotspot/share/interpreter/linkResolver.cpp, line 767]
Event: 3.333 Thread 0x000002215c6a5000 Exception <a 'java/lang/NoSuchMethodError'{0x00000000870e73e8}: 'long java.lang.invoke.DirectMethodHandle$Holder.invokeStaticInit(java.lang.Object, java.lang.Object, java.lang.Object)'> (0x00000000870e73e8) 
thrown [t:/workspace/open/src/hotspot/share/interpreter/linkResolver.cpp, line 767]
Event: 3.341 Thread 0x000002215c6a5000 Exception <a 'java/lang/NoSuchMethodError'{0x00000000870fb768}: 'java.lang.Object java.lang.invoke.Invokers$Holder.linkToTargetMethod(java.lang.Object, long, java.lang.Object)'> (0x00000000870fb768) 
thrown [t:/workspace/open/src/hotspot/share/interpreter/linkResolver.cpp, line 767]
Event: 3.422 Thread 0x000002215d395000 Exception <a 'java/lang/NoSuchMethodError'{0x000000008939dd78}: 'int java.lang.invoke.DirectMethodHandle$Holder.invokeStaticInit(java.lang.Object, java.lang.Object)'> (0x000000008939dd78) 
thrown [t:/workspace/open/src/hotspot/share/interpreter/linkResolver.cpp, line 767]
Event: 3.664 Thread 0x000002215d395000 Exception <a 'java/lang/NoSuchMethodError'{0x0000000086b7d108}: 'java.lang.Object java.lang.invoke.DirectMethodHandle$Holder.invokeStaticInit(java.lang.Object, int)'> (0x0000000086b7d108) 
thrown [t:/workspace/open/src/hotspot/share/interpreter/linkResolver.cpp, line 767]
Event: 6.114 Thread 0x000002215c6a5000 Exception <a 'java/lang/NoSuchMethodError'{0x000000008691fbc8}: 'java.lang.Object java.lang.invoke.DirectMethodHandle$Holder.invokeStatic(java.lang.Object, java.lang.Object, int, int, int, int, int, java.lang.Object)'> (0x000000008691fbc8) 
thrown [t:/workspace/open/src/hotspot/share/interpreter/linkResolver.cpp, line 767]
Event: 6.117 Thread 0x000002215c6a5000 Exception <a 'java/lang/NoSuchMethodError'{0x000000008692f1b0}: 'java.lang.Object java.lang.invoke.DirectMethodHandle$Holder.invokeStatic(java.lang.Object, java.lang.Object, java.lang.Object, int, int, int, int, int)'> (0x000000008692f1b0) 
thrown [t:/workspace/open/src/hotspot/share/interpreter/linkResolver.cpp, line 767]
Event: 6.118 Thread 0x000002215c6a5000 Exception <a 'java/lang/NoSuchMethodError'{0x0000000086935040}: 'java.lang.Object java.lang.invoke.Invokers$Holder.linkToTargetMethod(java.lang.Object, java.lang.Object, int, int, int, int, int, java.lang.Object)'> (0x0000000086935040) 
thrown [t:/workspace/open/src/hotspot/share/interpreter/linkResolver.cpp, line 767]
Event: 6.508 Thread 0x000002215c6a5000 Implicit null exception at 0x000002214ce641e0 to 0x000002214ce6634e

Events (20 events):
Event: 29.653 Executing VM operation: G1CollectForAllocation done
Event: 29.679 Executing VM operation: G1CollectForAllocation
Event: 29.685 Executing VM operation: G1CollectForAllocation done
Event: 29.708 Executing VM operation: G1CollectForAllocation
Event: 29.716 Executing VM operation: G1CollectForAllocation done
Event: 29.741 Executing VM operation: G1CollectForAllocation
Event: 29.750 Executing VM operation: G1CollectForAllocation done
Event: 29.793 Executing VM operation: G1CollectForAllocation
Event: 29.813 Executing VM operation: G1CollectForAllocation done
Event: 29.864 Executing VM operation: G1CollectForAllocation
Event: 29.881 Executing VM operation: G1CollectForAllocation done
Event: 29.914 Executing VM operation: G1CollectForAllocation
Event: 29.930 Executing VM operation: G1CollectForAllocation done
Event: 29.960 Executing VM operation: G1CollectForAllocation
Event: 29.971 Executing VM operation: G1CollectForAllocation done
Event: 29.988 Executing VM operation: G1Concurrent
Event: 29.992 Executing VM operation: G1Concurrent done
Event: 29.992 Executing VM operation: G1CollectForAllocation
Event: 30.003 Executing VM operation: G1CollectForAllocation done
Event: 30.056 Executing VM operation: G1CollectForAllocation


Dynamic libraries:
0x00007ff631500000 - 0x00007ff63150f000 	C:\Program Files\Java\jdk-13\bin\java.exe
0x00007ff857060000 - 0x00007ff857250000 	C:\WINDOWS\SYSTEM32\ntdll.dll
0x00007ff8566e0000 - 0x00007ff856792000 	C:\WINDOWS\System32\KERNEL32.DLL
0x00007ff854e10000 - 0x00007ff8550b4000 	C:\WINDOWS\System32\KERNELBASE.dll
0x00007ff854440000 - 0x00007ff85453a000 	C:\WINDOWS\System32\ucrtbase.dll
0x00007ff850b20000 - 0x00007ff850b38000 	C:\Program Files\Java\jdk-13\bin\jli.dll
0x00007ff84f840000 - 0x00007ff84f855000 	C:\Program Files\Java\jdk-13\bin\VCRUNTIME140.dll
0x00007ff856480000 - 0x00007ff856523000 	C:\WINDOWS\System32\ADVAPI32.dll
0x00007ff856ed0000 - 0x00007ff856f6e000 	C:\WINDOWS\System32\msvcrt.dll
0x00007ff855110000 - 0x00007ff8551a7000 	C:\WINDOWS\System32\sechost.dll
0x00007ff855c80000 - 0x00007ff855da0000 	C:\WINDOWS\System32\RPCRT4.dll
0x00007ff855650000 - 0x00007ff8557e4000 	C:\WINDOWS\System32\USER32.dll
0x00007ff8550e0000 - 0x00007ff855101000 	C:\WINDOWS\System32\win32u.dll
0x00007ff8551b0000 - 0x00007ff8551d6000 	C:\WINDOWS\System32\GDI32.dll
0x00007ff8541f0000 - 0x00007ff854384000 	C:\WINDOWS\System32\gdi32full.dll
0x00007ff854cc0000 - 0x00007ff854d5e000 	C:\WINDOWS\System32\msvcp_win.dll
0x00007ff83fe10000 - 0x00007ff840094000 	C:\WINDOWS\WinSxS\amd64_microsoft.windows.common-controls_6595b64144ccf1df_6.0.18362.836_none_e6c4b943130f18ed\COMCTL32.dll
0x00007ff856070000 - 0x00007ff8563a6000 	C:\WINDOWS\System32\combase.dll
0x00007ff84c420000 - 0x00007ff84c42a000 	C:\WINDOWS\SYSTEM32\VERSION.dll
0x00007ff8543c0000 - 0x00007ff854440000 	C:\WINDOWS\System32\bcryptPrimitives.dll
0x00007ff855a80000 - 0x00007ff855aae000 	C:\WINDOWS\System32\IMM32.DLL
0x00007ff839200000 - 0x00007ff83929b000 	C:\Program Files\Java\jdk-13\bin\msvcp140.dll
0x00007ff826570000 - 0x00007ff8270d6000 	C:\Program Files\Java\jdk-13\bin\server\jvm.dll
0x00007ff856ea0000 - 0x00007ff856ea8000 	C:\WINDOWS\System32\PSAPI.DLL
0x00007ff83d4d0000 - 0x00007ff83d4d9000 	C:\WINDOWS\SYSTEM32\WSOCK32.dll
0x00007ff855da0000 - 0x00007ff855e0f000 	C:\WINDOWS\System32\WS2_32.dll
0x00007ff84f740000 - 0x00007ff84f764000 	C:\WINDOWS\SYSTEM32\WINMM.dll
0x00007ff84f710000 - 0x00007ff84f73d000 	C:\WINDOWS\SYSTEM32\WINMMBASE.dll
0x00007ff853ff0000 - 0x00007ff85403a000 	C:\WINDOWS\System32\cfgmgr32.dll
0x00007ff853f80000 - 0x00007ff853f91000 	C:\WINDOWS\System32\kernel.appcore.dll
0x00007ff850ab0000 - 0x00007ff850ac0000 	C:\Program Files\Java\jdk-13\bin\verify.dll
0x00007ff84bb10000 - 0x00007ff84bd04000 	C:\WINDOWS\SYSTEM32\DBGHELP.DLL
0x00007ff847450000 - 0x00007ff84747a000 	C:\WINDOWS\SYSTEM32\dbgcore.DLL
0x00007ff84f7a0000 - 0x00007ff84f7c6000 	C:\Program Files\Java\jdk-13\bin\java.dll
0x00007ff83d4e0000 - 0x00007ff83d4ee000 	C:\Program Files\Java\jdk-13\bin\instrument.dll
0x00007ff847400000 - 0x00007ff847417000 	C:\Program Files\Java\jdk-13\bin\zip.dll
0x00007ff84f790000 - 0x00007ff84f79a000 	C:\Program Files\Java\jdk-13\bin\jimage.dll
0x00007ff8567a0000 - 0x00007ff856e84000 	C:\WINDOWS\System32\SHELL32.dll
0x00007ff856f70000 - 0x00007ff857019000 	C:\WINDOWS\System32\shcore.dll
0x00007ff854540000 - 0x00007ff854cbe000 	C:\WINDOWS\System32\windows.storage.dll
0x00007ff853fc0000 - 0x00007ff853fe3000 	C:\WINDOWS\System32\profapi.dll
0x00007ff853f30000 - 0x00007ff853f7a000 	C:\WINDOWS\System32\powrprof.dll
0x00007ff853f20000 - 0x00007ff853f30000 	C:\WINDOWS\System32\UMPDC.dll
0x00007ff856530000 - 0x00007ff856582000 	C:\WINDOWS\System32\shlwapi.dll
0x00007ff8550c0000 - 0x00007ff8550d7000 	C:\WINDOWS\System32\cryptsp.dll
0x00007ff847230000 - 0x00007ff847249000 	C:\Program Files\Java\jdk-13\bin\net.dll
0x00007ff849040000 - 0x00007ff849130000 	C:\WINDOWS\SYSTEM32\WINHTTP.dll
0x00007ff847910000 - 0x00007ff847ae6000 	C:\WINDOWS\SYSTEM32\urlmon.dll
0x00007ff847660000 - 0x00007ff847906000 	C:\WINDOWS\SYSTEM32\iertutil.dll
0x00007ff853960000 - 0x00007ff85396c000 	C:\WINDOWS\SYSTEM32\CRYPTBASE.DLL
0x00007ff853790000 - 0x00007ff8537f7000 	C:\WINDOWS\system32\mswsock.dll
0x00007ff83c980000 - 0x00007ff83c993000 	C:\Program Files\Java\jdk-13\bin\nio.dll
0x00007ff8473a0000 - 0x00007ff8473ba000 	C:\Program Files\JetBrains\IntelliJ IDEA 2020.1.1\bin\breakgen64.dll
0x000002213cd30000 - 0x000002213cd33000 	C:\Users\Alusik\Desktop\javafx-sdk-11.0.2\bin\api-ms-win-core-console-l1-1-0.dll
0x000002213cd40000 - 0x000002213cd43000 	C:\Users\Alusik\Desktop\javafx-sdk-11.0.2\bin\api-ms-win-core-datetime-l1-1-0.dll
0x000002215d900000 - 0x000002215d903000 	C:\Users\Alusik\Desktop\javafx-sdk-11.0.2\bin\api-ms-win-core-debug-l1-1-0.dll
0x000002215d910000 - 0x000002215d913000 	C:\Users\Alusik\Desktop\javafx-sdk-11.0.2\bin\api-ms-win-core-errorhandling-l1-1-0.dll
0x000002215d920000 - 0x000002215d924000 	C:\Users\Alusik\Desktop\javafx-sdk-11.0.2\bin\api-ms-win-core-file-l1-1-0.dll
0x000002215d930000 - 0x000002215d933000 	C:\Users\Alusik\Desktop\javafx-sdk-11.0.2\bin\api-ms-win-core-file-l1-2-0.dll
0x000002215d940000 - 0x000002215d943000 	C:\Users\Alusik\Desktop\javafx-sdk-11.0.2\bin\api-ms-win-core-file-l2-1-0.dll
0x000002215d950000 - 0x000002215d953000 	C:\Users\Alusik\Desktop\javafx-sdk-11.0.2\bin\api-ms-win-core-handle-l1-1-0.dll
0x000002215d960000 - 0x000002215d963000 	C:\Users\Alusik\Desktop\javafx-sdk-11.0.2\bin\api-ms-win-core-heap-l1-1-0.dll
0x000002215d970000 - 0x000002215d973000 	C:\Users\Alusik\Desktop\javafx-sdk-11.0.2\bin\api-ms-win-core-interlocked-l1-1-0.dll
0x000002215d980000 - 0x000002215d983000 	C:\Users\Alusik\Desktop\javafx-sdk-11.0.2\bin\api-ms-win-core-libraryloader-l1-1-0.dll
0x000002215d990000 - 0x000002215d993000 	C:\Users\Alusik\Desktop\javafx-sdk-11.0.2\bin\api-ms-win-core-localization-l1-2-0.dll
0x000002215d9a0000 - 0x000002215d9a3000 	C:\Users\Alusik\Desktop\javafx-sdk-11.0.2\bin\api-ms-win-core-memory-l1-1-0.dll
0x000002215d9b0000 - 0x000002215d9b3000 	C:\Users\Alusik\Desktop\javafx-sdk-11.0.2\bin\api-ms-win-core-namedpipe-l1-1-0.dll
0x000002215dc10000 - 0x000002215dc13000 	C:\Users\Alusik\Desktop\javafx-sdk-11.0.2\bin\api-ms-win-core-processenvironment-l1-1-0.dll
0x000002215dc20000 - 0x000002215dc23000 	C:\Users\Alusik\Desktop\javafx-sdk-11.0.2\bin\api-ms-win-core-processthreads-l1-1-0.dll
0x000002215dc30000 - 0x000002215dc33000 	C:\Users\Alusik\Desktop\javafx-sdk-11.0.2\bin\api-ms-win-core-processthreads-l1-1-1.dll
0x000002215dc40000 - 0x000002215dc43000 	C:\Users\Alusik\Desktop\javafx-sdk-11.0.2\bin\api-ms-win-core-profile-l1-1-0.dll
0x000002215dc50000 - 0x000002215dc53000 	C:\Users\Alusik\Desktop\javafx-sdk-11.0.2\bin\api-ms-win-core-rtlsupport-l1-1-0.dll
0x000002215dc80000 - 0x000002215dc83000 	C:\Users\Alusik\Desktop\javafx-sdk-11.0.2\bin\api-ms-win-core-string-l1-1-0.dll
0x000002215dc90000 - 0x000002215dc93000 	C:\Users\Alusik\Desktop\javafx-sdk-11.0.2\bin\api-ms-win-core-synch-l1-1-0.dll
0x000002215dca0000 - 0x000002215dca3000 	C:\Users\Alusik\Desktop\javafx-sdk-11.0.2\bin\api-ms-win-core-synch-l1-2-0.dll
0x000002215daf0000 - 0x000002215daf3000 	C:\Users\Alusik\Desktop\javafx-sdk-11.0.2\bin\api-ms-win-core-sysinfo-l1-1-0.dll
0x000002215db00000 - 0x000002215db03000 	C:\Users\Alusik\Desktop\javafx-sdk-11.0.2\bin\api-ms-win-core-timezone-l1-1-0.dll
0x000002215db30000 - 0x000002215db33000 	C:\Users\Alusik\Desktop\javafx-sdk-11.0.2\bin\api-ms-win-core-util-l1-1-0.dll
0x000002215db40000 - 0x000002215db43000 	C:\Users\Alusik\Desktop\javafx-sdk-11.0.2\bin\api-ms-win-crt-conio-l1-1-0.dll
0x000002215db10000 - 0x000002215db14000 	C:\Users\Alusik\Desktop\javafx-sdk-11.0.2\bin\api-ms-win-crt-convert-l1-1-0.dll
0x000002215db20000 - 0x000002215db23000 	C:\Users\Alusik\Desktop\javafx-sdk-11.0.2\bin\api-ms-win-crt-environment-l1-1-0.dll
0x000002215db50000 - 0x000002215db53000 	C:\Users\Alusik\Desktop\javafx-sdk-11.0.2\bin\api-ms-win-crt-filesystem-l1-1-0.dll
0x000002215db60000 - 0x000002215db63000 	C:\Users\Alusik\Desktop\javafx-sdk-11.0.2\bin\api-ms-win-crt-heap-l1-1-0.dll
0x000002215db70000 - 0x000002215db73000 	C:\Users\Alusik\Desktop\javafx-sdk-11.0.2\bin\api-ms-win-crt-locale-l1-1-0.dll
0x000002215d9c0000 - 0x000002215d9c5000 	C:\Users\Alusik\Desktop\javafx-sdk-11.0.2\bin\api-ms-win-crt-math-l1-1-0.dll
0x000002215d9d0000 - 0x000002215d9d5000 	C:\Users\Alusik\Desktop\javafx-sdk-11.0.2\bin\api-ms-win-crt-multibyte-l1-1-0.dll
0x000002215d9e0000 - 0x000002215d9f0000 	C:\Users\Alusik\Desktop\javafx-sdk-11.0.2\bin\api-ms-win-crt-private-l1-1-0.dll
0x000002215d9f0000 - 0x000002215d9f3000 	C:\Users\Alusik\Desktop\javafx-sdk-11.0.2\bin\api-ms-win-crt-process-l1-1-0.dll
0x000002215da00000 - 0x000002215da04000 	C:\Users\Alusik\Desktop\javafx-sdk-11.0.2\bin\api-ms-win-crt-runtime-l1-1-0.dll
0x000002215da10000 - 0x000002215da14000 	C:\Users\Alusik\Desktop\javafx-sdk-11.0.2\bin\api-ms-win-crt-stdio-l1-1-0.dll
0x000002215da20000 - 0x000002215da24000 	C:\Users\Alusik\Desktop\javafx-sdk-11.0.2\bin\api-ms-win-crt-string-l1-1-0.dll
0x000002215da30000 - 0x000002215da33000 	C:\Users\Alusik\Desktop\javafx-sdk-11.0.2\bin\api-ms-win-crt-time-l1-1-0.dll
0x000002215da40000 - 0x000002215da43000 	C:\Users\Alusik\Desktop\javafx-sdk-11.0.2\bin\api-ms-win-crt-utility-l1-1-0.dll
0x00007ff82e360000 - 0x00007ff82e45a000 	C:\Users\Alusik\Desktop\javafx-sdk-11.0.2\bin\ucrtbase.dll
0x00007ff847380000 - 0x00007ff847396000 	C:\Users\Alusik\Desktop\javafx-sdk-11.0.2\bin\vcruntime140.dll
0x00007ff82e2b0000 - 0x00007ff82e356000 	C:\Users\Alusik\Desktop\javafx-sdk-11.0.2\bin\msvcp140.dll
0x00007ff8472f0000 - 0x00007ff847341000 	C:\Users\Alusik\Desktop\javafx-sdk-11.0.2\bin\concrt140.dll
0x00007ff83c950000 - 0x00007ff83c973000 	C:\Users\Alusik\Desktop\javafx-sdk-11.0.2\bin\prism_d3d.dll
0x00007ff81aa30000 - 0x00007ff81abf7000 	C:\WINDOWS\system32\d3d9.dll
0x00007ff852890000 - 0x00007ff8528bd000 	C:\WINDOWS\SYSTEM32\dwmapi.dll
0x00007ff852b90000 - 0x00007ff852bb0000 	C:\WINDOWS\SYSTEM32\dxcore.dll
0x00007ff852110000 - 0x00007ff8521a9000 	C:\WINDOWS\system32\uxtheme.dll
0x00007ff8184f0000 - 0x00007ff81aa2d000 	C:\WINDOWS\SYSTEM32\igdumdim64.dll
0x00007ff8563b0000 - 0x00007ff856474000 	C:\WINDOWS\System32\OLEAUT32.dll
0x00007ff855ab0000 - 0x00007ff855c07000 	C:\WINDOWS\System32\ole32.dll
0x00007ff8551e0000 - 0x00007ff855650000 	C:\WINDOWS\System32\SETUPAPI.dll
0x00007ff854390000 - 0x00007ff8543b6000 	C:\WINDOWS\System32\bcrypt.dll
0x00007ff839330000 - 0x00007ff839375000 	C:\Users\Alusik\Desktop\javafx-sdk-11.0.2\bin\glass.dll
0x00007ff8557f0000 - 0x00007ff8558c0000 	C:\WINDOWS\System32\COMDLG32.dll
0x00007ff855940000 - 0x00007ff855a76000 	C:\WINDOWS\System32\MSCTF.dll
0x00007ff849380000 - 0x00007ff849dbf000 	C:\WINDOWS\SYSTEM32\igdusc64.dll
0x00007ff847360000 - 0x00007ff847374000 	C:\Users\Alusik\Desktop\javafx-sdk-11.0.2\bin\javafx_font.dll
0x00007ff837cc0000 - 0x00007ff837fbe000 	C:\WINDOWS\SYSTEM32\dwrite.dll
0x00007ff855e10000 - 0x00007ff855eb2000 	C:\WINDOWS\System32\clbcatq.dll
0x00007ff84d0f0000 - 0x00007ff84d29f000 	C:\WINDOWS\SYSTEM32\WindowsCodecs.dll
0x00007ff834a00000 - 0x00007ff834a3a000 	C:\WINDOWS\system32\dataexchange.dll
0x00007ff851870000 - 0x00007ff851a4c000 	C:\WINDOWS\system32\dcomp.dll
0x00007ff8511b0000 - 0x00007ff85140b000 	C:\WINDOWS\system32\d3d11.dll
0x00007ff852c20000 - 0x00007ff852d0b000 	C:\WINDOWS\system32\dxgi.dll
0x00007ff852360000 - 0x00007ff8525c1000 	C:\WINDOWS\system32\twinapi.appcore.dll
0x00007ff8526c0000 - 0x00007ff8526e9000 	C:\WINDOWS\system32\RMCLIENT.dll
0x00007ff835640000 - 0x00007ff835673000 	C:\Program Files\Common Files\Microsoft Shared\Ink\rtscom.dll
0x00007ff838a50000 - 0x00007ff838aee000 	C:\WINDOWS\System32\TextInputFramework.dll
0x00007ff851dc0000 - 0x00007ff851e94000 	C:\WINDOWS\System32\CoreMessaging.dll
0x00007ff84d2a0000 - 0x00007ff84d5ca000 	C:\WINDOWS\System32\CoreUIComponents.dll
0x00007ff852f80000 - 0x00007ff852fb1000 	C:\WINDOWS\SYSTEM32\ntmarta.dll
0x00007ff84fd80000 - 0x00007ff84fed3000 	C:\WINDOWS\SYSTEM32\wintypes.dll
0x00007ff834b20000 - 0x00007ff834b85000 	C:\WINDOWS\system32\Oleacc.dll

dbghelp: loaded successfully - version: 4.0.5 - missing functions: none
symbol engine: initialized successfully - sym options: 0x614 - pdb path: .;C:\Program Files\Java\jdk-13\bin;C:\WINDOWS\SYSTEM32;C:\WINDOWS\WinSxS\amd64_microsoft.windows.common-controls_6595b64144ccf1df_6.0.18362.836_none_e6c4b943130f18ed;C:\Program Files\Java\jdk-13\bin\server;C:\Program Files\JetBrains\IntelliJ IDEA 2020.1.1\bin;C:\Users\Alusik\Desktop\javafx-sdk-11.0.2\bin;C:\Program Files\Common Files\Microsoft Shared\Ink

VM Arguments:
jvm_args: --module-path=C:\Users\Alusik\Desktop\javafx-sdk-11.0.2\lib --add-modules=javafx.controls,javafx.fxml --add-modules=javafx.base,javafx.graphics --add-reads=javafx.base=ALL-UNNAMED --add-reads=javafx.graphics=ALL-UNNAMED -javaagent:C:\Program Files\JetBrains\IntelliJ IDEA 2020.1.1\lib\idea_rt.jar=50105:C:\Program Files\JetBrains\IntelliJ IDEA 2020.1.1\bin -Dfile.encoding=UTF-8 
java_command: sample.Main
java_class_path (initial): C:\Users\Alusik\Desktop\Pract\Paint\out\production\Paint;C:\Users\Alusik\Desktop\javafx-sdk-11.0.2\lib\src.zip;C:\Users\Alusik\Desktop\javafx-sdk-11.0.2\lib\javafx-swt.jar;C:\Users\Alusik\Desktop\javafx-sdk-11.0.2\lib\javafx.web.jar;C:\Users\Alusik\Desktop\javafx-sdk-11.0.2\lib\javafx.base.jar;C:\Users\Alusik\Desktop\javafx-sdk-11.0.2\lib\javafx.fxml.jar;C:\Users\Alusik\Desktop\javafx-sdk-11.0.2\lib\javafx.media.jar;C:\Users\Alusik\Desktop\javafx-sdk-11.0.2\lib\javafx.swing.jar;C:\Users\Alusik\Desktop\javafx-sdk-11.0.2\lib\javafx.controls.jar;C:\Users\Alusik\Desktop\javafx-sdk-11.0.2\lib\javafx.graphics.jar
Launcher Type: SUN_STANDARD

[Global flags]
     intx CICompilerCount                          = 3                                         {product} {ergonomic}
     uint ConcGCThreads                            = 1                                         {product} {ergonomic}
     uint G1ConcRefinementThreads                  = 4                                         {product} {ergonomic}
   size_t G1HeapRegionSize                         = 1048576                                   {product} {ergonomic}
    uintx GCDrainStackTargetSize                   = 64                                        {product} {ergonomic}
   size_t InitialHeapSize                          = 134217728                                 {product} {ergonomic}
   size_t MarkStackSize                            = 4194304                                   {product} {ergonomic}
   size_t MaxHeapSize                              = 2124414976                                {product} {ergonomic}
   size_t MaxNewSize                               = 1274019840                                {product} {ergonomic}
   size_t MinHeapDeltaBytes                        = 1048576                                   {product} {ergonomic}
   size_t MinHeapSize                              = 8388608                                   {product} {ergonomic}
    uintx NonNMethodCodeHeapSize                   = 5830732                                {pd product} {ergonomic}
    uintx NonProfiledCodeHeapSize                  = 122913754                              {pd product} {ergonomic}
    uintx ProfiledCodeHeapSize                     = 122913754                              {pd product} {ergonomic}
    uintx ReservedCodeCacheSize                    = 251658240                              {pd product} {ergonomic}
     bool SegmentedCodeCache                       = true                                      {product} {ergonomic}
   size_t SoftMaxHeapSize                          = 2124414976                             {manageable} {ergonomic}
     bool UseCompressedClassPointers               = true                                 {lp64_product} {ergonomic}
     bool UseCompressedOops                        = true                                 {lp64_product} {ergonomic}
     bool UseG1GC                                  = true                                      {product} {ergonomic}
     bool UseLargePagesIndividualAllocation        = false                                  {pd product} {ergonomic}

Logging:
Log output configuration:
 #0: stdout all=warning uptime,level,tags
 #1: stderr all=off uptime,level,tags

Environment Variables:
PATH=C:\Program Files (x86)\Common Files\Oracle\Java\javapath;C:\Python\Python27\;C:\Python\Python27\Scripts;C:\ProgramData\Oracle\Java\javapath;C:\Program Files (x86)\Intel\iCLS Client\;C:\Program Files\Intel\iCLS Client\;C:\WINDOWS\system32;C:\WINDOWS;C:\WINDOWS\System32\Wbem;C:\WINDOWS\System32\WindowsPowerShell\v1.0\;C:\Program Files\Intel\Intel(R) Management Engine Components\DAL;C:\Program Files\Intel\Intel(R) Management Engine Components\IPT;C:\Program Files (x86)\Intel\Intel(R) Management Engine Components\DAL;C:\Program Files (x86)\Intel\Intel(R) Management Engine Components\IPT;C:\WINDOWS\SysWOW64;C:\WINDOWS\System32\OpenSSH\;C:\Program Files\dotnet\;C:\Program Files\Microsoft SQL Server\130\Tools\Binn\;C:\Program Files\Microsoft SQL Server\Client SDK\ODBC\170\Tools\Binn\;C:\Users\Alusik\AppData\Local\Microsoft\WindowsApps;
USERNAME=Alusik
OS=Windows_NT
PROCESSOR_IDENTIFIER=Intel64 Family 6 Model 69 Stepping 1, GenuineIntel



---------------  S Y S T E M  ---------------

OS: Windows 10 , 64 bit Build 18362 (10.0.18362.778)

CPU:total 4 (initial active 4) (2 cores per cpu, 2 threads per core) family 6 model 69 stepping 1, cmov, cx8, fxsr, mmx, sse, sse2, sse3, ssse3, sse4.1, sse4.2, popcnt, avx, avx2, aes, clmul, erms, lzcnt, ht, tsc, tscinvbit, bmi1, bmi2, fma

Memory: 4k page, system-wide physical 8099M (1784M free)
TotalPageFile size 11637M (AvailPageFile size 173M)
current process WorkingSet (physical memory assigned to process): 317M, peak: 317M
current process commit charge ("private bytes"): 386M, peak: 734M

vm_info: Java HotSpot(TM) 64-Bit Server VM (13+33) for windows-amd64 JRE (13+33), built on Sep 18 2019 21:38:00 by "mach5one" with unknown MS VC++:1916

END.
