#
# There is insufficient memory for the Java Runtime Environment to continue.
# Native memory allocation (malloc) failed to allocate 1524448 bytes for Chunk::new
# Possible reasons:
#   The system is out of physical RAM or swap space
#   The process is running with CompressedOops enabled, and the Java Heap may be blocking the growth of the native heap
# Possible solutions:
#   Reduce memory load on the system
#   Increase physical memory or swap space
#   Check if swap backing store is full
#   Decrease Java heap size (-Xmx/-Xms)
#   Decrease number of Java threads
#   Decrease Java thread stack sizes (-Xss)
#   Set larger code cache with -XX:ReservedCodeCacheSize=
#   JVM is running with Unscaled Compressed Oops mode in which the Java heap is
#     placed in the first 4GB address space. The Java Heap base address is the
#     maximum limit for the native heap growth. Please use -XX:HeapBaseMinAddress
#     to set the Java Heap base and to place the Java Heap above 4GB virtual address.
# This output file may be truncated or incomplete.
#
#  Out of Memory Error (t:/workspace/open/src/hotspot/share/memory/arena.cpp:196), pid=20112, tid=15212
#
# JRE version: Java(TM) SE Runtime Environment (13.0+33) (build 13+33)
# Java VM: Java HotSpot(TM) 64-Bit Server VM (13+33, mixed mode, sharing, tiered, compressed oops, g1 gc, windows-amd64)
# No core dump will be written. Minidumps are not enabled by default on client versions of Windows
#

---------------  S U M M A R Y ------------

Command Line: --module-path=C:\Users\Alusik\Desktop\javafx-sdk-11.0.2\lib --add-modules=javafx.controls,javafx.fxml --add-modules=javafx.base,javafx.graphics --add-reads=javafx.base=ALL-UNNAMED --add-reads=javafx.graphics=ALL-UNNAMED -javaagent:C:\Program Files\JetBrains\IntelliJ IDEA 2020.1.1\lib\idea_rt.jar=49989:C:\Program Files\JetBrains\IntelliJ IDEA 2020.1.1\bin -Dfile.encoding=UTF-8 sample.Main

Host: Intel(R) Core(TM) i3-4030U CPU @ 1.90GHz, 4 cores, 7G,  Windows 10 , 64 bit Build 18362 (10.0.18362.778)
Time: Thu Jun  4 19:30:15 2020 Oeieyiaey (eaoi) elapsed time: 106 seconds (0d 0h 1m 46s)

---------------  T H R E A D  ---------------

Current thread (0x0000028cb115f000):  JavaThread "C2 CompilerThread1" daemon [_thread_in_native, id=15212, stack(0x000000e7c9b00000,0x000000e7c9c00000)]


Current CompileTask:
C2: 106783 3567 %     4       com.sun.marlin.DRenderer::_endRendering @ 763 (2473 bytes)

Stack: [0x000000e7c9b00000,0x000000e7c9c00000]
Native frames: (J=compiled Java code, j=interpreted, Vv=VM code, C=native code)
V  [jvm.dll+0x626eaa]
V  [jvm.dll+0x772c4a]
V  [jvm.dll+0x7743ff]
V  [jvm.dll+0x774a03]
V  [jvm.dll+0x24da38]
V  [jvm.dll+0xc3ae7]
V  [jvm.dll+0xc406c]
V  [jvm.dll+0x35de55]
V  [jvm.dll+0x1a1000]
V  [jvm.dll+0x2079d6]
V  [jvm.dll+0x206adf]
V  [jvm.dll+0x18b94c]
V  [jvm.dll+0x2159bd]
V  [jvm.dll+0x213e6b]
V  [jvm.dll+0x738af6]
V  [jvm.dll+0x731bea]
V  [jvm.dll+0x6260a6]
C  [ucrtbase.dll+0x20e82]
C  [KERNEL32.DLL+0x17bd4]
C  [ntdll.dll+0x6ce51]


---------------  P R O C E S S  ---------------

Threads class SMR info:
_java_thread_list=0x0000028cb23fdf90, length=19, elements={
0x0000028c9216f000, 0x0000028cb07bf800, 0x0000028cb07c3000, 0x0000028cb07df800,
0x0000028cb07e0800, 0x0000028cb07e1800, 0x0000028cb07e5000, 0x0000028cb1186000,
0x0000028cb07a4000, 0x0000028cb19e6800, 0x0000028cb1a6c800, 0x0000028cb1f73800,
0x0000028cb1d34000, 0x0000028cb1737800, 0x0000028cb1946800, 0x0000028cb2176800,
0x0000028cb2cab800, 0x0000028cb7ff3000, 0x0000028cb115f000
}

Java Threads: ( => current thread )
  0x0000028c9216f000 JavaThread "main" [_thread_blocked, id=3624, stack(0x000000e7c9d00000,0x000000e7c9e00000)]
  0x0000028cb07bf800 JavaThread "Reference Handler" daemon [_thread_blocked, id=19908, stack(0x000000e7ca400000,0x000000e7ca500000)]
  0x0000028cb07c3000 JavaThread "Finalizer" daemon [_thread_blocked, id=15836, stack(0x000000e7ca500000,0x000000e7ca600000)]
  0x0000028cb07df800 JavaThread "Signal Dispatcher" daemon [_thread_blocked, id=15776, stack(0x000000e7ca700000,0x000000e7ca800000)]
  0x0000028cb07e0800 JavaThread "Attach Listener" daemon [_thread_blocked, id=15864, stack(0x000000e7ca800000,0x000000e7ca900000)]
  0x0000028cb07e1800 JavaThread "C2 CompilerThread0" daemon [_thread_blocked, id=15228, stack(0x000000e7ca900000,0x000000e7caa00000)]
  0x0000028cb07e5000 JavaThread "C1 CompilerThread0" daemon [_thread_blocked, id=13968, stack(0x000000e7caa00000,0x000000e7cab00000)]
  0x0000028cb1186000 JavaThread "Sweeper thread" daemon [_thread_blocked, id=20492, stack(0x000000e7cab00000,0x000000e7cac00000)]
  0x0000028cb07a4000 JavaThread "Common-Cleaner" daemon [_thread_blocked, id=10908, stack(0x000000e7cac00000,0x000000e7cad00000)]
  0x0000028cb19e6800 JavaThread "Monitor Ctrl-Break" daemon [_thread_in_native, id=17640, stack(0x000000e7cae00000,0x000000e7caf00000)]
  0x0000028cb1a6c800 JavaThread "Service Thread" daemon [_thread_blocked, id=116, stack(0x000000e7caf00000,0x000000e7cb000000)]
  0x0000028cb1f73800 JavaThread "QuantumRenderer-0" daemon [_thread_blocked, id=9604, stack(0x000000e7cad00000,0x000000e7cae00000)]
  0x0000028cb1d34000 JavaThread "InvokeLaterDispatcher" daemon [_thread_blocked, id=13304, stack(0x000000e7cb100000,0x000000e7cb200000)]
  0x0000028cb1737800 JavaThread "JavaFX Application Thread" [_thread_in_native, id=3328, stack(0x000000e7cb200000,0x000000e7cb300000)]
  0x0000028cb1946800 JavaThread "Thread-1" daemon [_thread_in_native, id=2592, stack(0x000000e7cb900000,0x000000e7cba00000)]
  0x0000028cb2176800 JavaThread "JavaFX-Launcher" [_thread_blocked, id=15780, stack(0x000000e7cba00000,0x000000e7cbb00000)]
  0x0000028cb2cab800 JavaThread "Prism Font Disposer" daemon [_thread_blocked, id=14252, stack(0x000000e7cbf00000,0x000000e7cc000000)]
  0x0000028cb7ff3000 JavaThread "Cleaner-0" daemon [_thread_blocked, id=4872, stack(0x000000e7cc000000,0x000000e7cc100000)]
=>0x0000028cb115f000 JavaThread "C2 CompilerThread1" daemon [_thread_in_native, id=15212, stack(0x000000e7c9b00000,0x000000e7c9c00000)]

Other Threads:
  0x0000028cb07bb800 VMThread "VM Thread" [stack: 0x000000e7ca300000,0x000000e7ca400000] [id=20592]
  0x0000028cb1e11800 WatcherThread [stack: 0x000000e7cb000000,0x000000e7cb100000] [id=15760]
  0x0000028c921b3000 GCTaskThread "GC Thread#0" [stack: 0x000000e7c9e00000,0x000000e7c9f00000] [id=19816]
  0x0000028cb1739800 GCTaskThread "GC Thread#1" [stack: 0x000000e7cb300000,0x000000e7cb400000] [id=17596]
  0x0000028cb173a000 GCTaskThread "GC Thread#2" [stack: 0x000000e7cb400000,0x000000e7cb500000] [id=20368]
  0x0000028cb173b000 GCTaskThread "GC Thread#3" [stack: 0x000000e7cb500000,0x000000e7cb600000] [id=19516]
  0x0000028c921c4800 ConcurrentGCThread "G1 Main Marker" [stack: 0x000000e7c9f00000,0x000000e7ca000000] [id=4068]
  0x0000028c921c6800 ConcurrentGCThread "G1 Conc#0" [stack: 0x000000e7ca000000,0x000000e7ca100000] [id=19316]
  0x0000028c9223e800 ConcurrentGCThread "G1 Refine#0" [stack: 0x000000e7ca100000,0x000000e7ca200000] [id=4616]
  0x0000028cb0638800 ConcurrentGCThread "G1 Young RemSet Sampling" [stack: 0x000000e7ca200000,0x000000e7ca300000] [id=15420]

Threads with active compile tasks:
C2 CompilerThread1   106858 3567 %     4       com.sun.marlin.DRenderer::_endRendering @ 763 (2473 bytes)

VM state:not at safepoint (normal execution)

VM Mutex/Monitor currently owned by a thread: None

Heap address: 0x0000000081600000, size: 2026 MB, Compressed Oops mode: 32-bit
Narrow klass base: 0x0000000800000000, Narrow klass shift: 3
Compressed class space size: 1073741824 Address: 0x0000000800b40000

Heap:
 garbage-first heap   total 131072K, used 65197K [0x0000000081600000, 0x0000000100000000)
  region size 1024K, 56 young (57344K), 2 survivors (2048K)
 Metaspace       used 16804K, capacity 18503K, committed 18688K, reserved 1064960K
  class space    used 2320K, capacity 2709K, committed 2816K, reserved 1048576K
Heap Regions: E=young(eden), S=young(survivor), O=old, HS=humongous(starts), HC=humongous(continues), CS=collection set, F=free, A=archive, TAMS=top-at-mark-start (previous, next)
|   0|0x0000000081600000, 0x00000000816ab400, 0x0000000081700000| 66%| O|  |TAMS 0x0000000081600000, 0x0000000081600000| Untracked 
|   1|0x0000000081700000, 0x0000000081800000, 0x0000000081800000|100%|HS|  |TAMS 0x0000000081700000, 0x0000000081700000| Complete 
|   2|0x0000000081800000, 0x0000000081900000, 0x0000000081900000|100%|HC|  |TAMS 0x0000000081800000, 0x0000000081800000| Complete 
|   3|0x0000000081900000, 0x0000000081a00000, 0x0000000081a00000|100%|HS|  |TAMS 0x0000000081900000, 0x0000000081900000| Complete 
|   4|0x0000000081a00000, 0x0000000081b00000, 0x0000000081b00000|100%|HS|  |TAMS 0x0000000081a00000, 0x0000000081a00000| Complete 
|   5|0x0000000081b00000, 0x0000000081c00000, 0x0000000081c00000|100%|HS|  |TAMS 0x0000000081b00000, 0x0000000081b00000| Complete 
|   6|0x0000000081c00000, 0x0000000081d00000, 0x0000000081d00000|100%|HS|  |TAMS 0x0000000081c00000, 0x0000000081c00000| Complete 
|   7|0x0000000081d00000, 0x0000000081e00000, 0x0000000081e00000|100%|HC|  |TAMS 0x0000000081d00000, 0x0000000081d00000| Complete 
|   8|0x0000000081e00000, 0x0000000081f00000, 0x0000000081f00000|100%|HS|  |TAMS 0x0000000081e00000, 0x0000000081e00000| Complete 
|   9|0x0000000081f00000, 0x0000000082000000, 0x0000000082000000|100%|HC|  |TAMS 0x0000000081f00000, 0x0000000081f00000| Complete 
|  10|0x0000000082000000, 0x0000000082000000, 0x0000000082100000|  0%| F|  |TAMS 0x0000000082000000, 0x0000000082000000| Untracked 
|  11|0x0000000082100000, 0x0000000082100000, 0x0000000082200000|  0%| F|  |TAMS 0x0000000082100000, 0x0000000082100000| Untracked 
|  12|0x0000000082200000, 0x0000000082200000, 0x0000000082300000|  0%| F|  |TAMS 0x0000000082200000, 0x0000000082200000| Untracked 
|  13|0x0000000082300000, 0x0000000082300000, 0x0000000082400000|  0%| F|  |TAMS 0x0000000082300000, 0x0000000082300000| Untracked 
|  14|0x0000000082400000, 0x0000000082400000, 0x0000000082500000|  0%| F|  |TAMS 0x0000000082400000, 0x0000000082400000| Untracked 
|  15|0x0000000082500000, 0x0000000082500000, 0x0000000082600000|  0%| F|  |TAMS 0x0000000082500000, 0x0000000082500000| Untracked 
|  16|0x0000000082600000, 0x0000000082600000, 0x0000000082700000|  0%| F|  |TAMS 0x0000000082600000, 0x0000000082600000| Untracked 
|  17|0x0000000082700000, 0x0000000082700000, 0x0000000082800000|  0%| F|  |TAMS 0x0000000082700000, 0x0000000082700000| Untracked 
|  18|0x0000000082800000, 0x0000000082800000, 0x0000000082900000|  0%| F|  |TAMS 0x0000000082800000, 0x0000000082800000| Untracked 
|  19|0x0000000082900000, 0x0000000082900000, 0x0000000082a00000|  0%| F|  |TAMS 0x0000000082900000, 0x0000000082900000| Untracked 
|  20|0x0000000082a00000, 0x0000000082a00000, 0x0000000082b00000|  0%| F|  |TAMS 0x0000000082a00000, 0x0000000082a00000| Untracked 
|  21|0x0000000082b00000, 0x0000000082b00000, 0x0000000082c00000|  0%| F|  |TAMS 0x0000000082b00000, 0x0000000082b00000| Untracked 
|  22|0x0000000082c00000, 0x0000000082c00000, 0x0000000082d00000|  0%| F|  |TAMS 0x0000000082c00000, 0x0000000082c00000| Untracked 
|  23|0x0000000082d00000, 0x0000000082d00000, 0x0000000082e00000|  0%| F|  |TAMS 0x0000000082d00000, 0x0000000082d00000| Untracked 
|  24|0x0000000082e00000, 0x0000000082e00000, 0x0000000082f00000|  0%| F|  |TAMS 0x0000000082e00000, 0x0000000082e00000| Untracked 
|  25|0x0000000082f00000, 0x0000000082f00000, 0x0000000083000000|  0%| F|  |TAMS 0x0000000082f00000, 0x0000000082f00000| Untracked 
|  26|0x0000000083000000, 0x0000000083000000, 0x0000000083100000|  0%| F|  |TAMS 0x0000000083000000, 0x0000000083000000| Untracked 
|  27|0x0000000083100000, 0x0000000083100000, 0x0000000083200000|  0%| F|  |TAMS 0x0000000083100000, 0x0000000083100000| Untracked 
|  28|0x0000000083200000, 0x0000000083200000, 0x0000000083300000|  0%| F|  |TAMS 0x0000000083200000, 0x0000000083200000| Untracked 
|  29|0x0000000083300000, 0x0000000083300000, 0x0000000083400000|  0%| F|  |TAMS 0x0000000083300000, 0x0000000083300000| Untracked 
|  30|0x0000000083400000, 0x0000000083400000, 0x0000000083500000|  0%| F|  |TAMS 0x0000000083400000, 0x0000000083400000| Untracked 
|  31|0x0000000083500000, 0x0000000083500000, 0x0000000083600000|  0%| F|  |TAMS 0x0000000083500000, 0x0000000083500000| Untracked 
|  32|0x0000000083600000, 0x0000000083600000, 0x0000000083700000|  0%| F|  |TAMS 0x0000000083600000, 0x0000000083600000| Untracked 
|  33|0x0000000083700000, 0x0000000083700000, 0x0000000083800000|  0%| F|  |TAMS 0x0000000083700000, 0x0000000083700000| Untracked 
|  34|0x0000000083800000, 0x0000000083800000, 0x0000000083900000|  0%| F|  |TAMS 0x0000000083800000, 0x0000000083800000| Untracked 
|  35|0x0000000083900000, 0x0000000083900000, 0x0000000083a00000|  0%| F|  |TAMS 0x0000000083900000, 0x0000000083900000| Untracked 
|  36|0x0000000083a00000, 0x0000000083a00000, 0x0000000083b00000|  0%| F|  |TAMS 0x0000000083a00000, 0x0000000083a00000| Untracked 
|  37|0x0000000083b00000, 0x0000000083b00000, 0x0000000083c00000|  0%| F|  |TAMS 0x0000000083b00000, 0x0000000083b00000| Untracked 
|  38|0x0000000083c00000, 0x0000000083c00000, 0x0000000083d00000|  0%| F|  |TAMS 0x0000000083c00000, 0x0000000083c00000| Untracked 
|  39|0x0000000083d00000, 0x0000000083d00000, 0x0000000083e00000|  0%| F|  |TAMS 0x0000000083d00000, 0x0000000083d00000| Untracked 
|  40|0x0000000083e00000, 0x0000000083e00000, 0x0000000083f00000|  0%| F|  |TAMS 0x0000000083e00000, 0x0000000083e00000| Untracked 
|  41|0x0000000083f00000, 0x0000000083f00000, 0x0000000084000000|  0%| F|  |TAMS 0x0000000083f00000, 0x0000000083f00000| Untracked 
|  42|0x0000000084000000, 0x0000000084000000, 0x0000000084100000|  0%| F|  |TAMS 0x0000000084000000, 0x0000000084000000| Untracked 
|  43|0x0000000084100000, 0x0000000084100000, 0x0000000084200000|  0%| F|  |TAMS 0x0000000084100000, 0x0000000084100000| Untracked 
|  44|0x0000000084200000, 0x0000000084200000, 0x0000000084300000|  0%| F|  |TAMS 0x0000000084200000, 0x0000000084200000| Untracked 
|  45|0x0000000084300000, 0x0000000084300000, 0x0000000084400000|  0%| F|  |TAMS 0x0000000084300000, 0x0000000084300000| Untracked 
|  46|0x0000000084400000, 0x0000000084400000, 0x0000000084500000|  0%| F|  |TAMS 0x0000000084400000, 0x0000000084400000| Untracked 
|  47|0x0000000084500000, 0x0000000084500000, 0x0000000084600000|  0%| F|  |TAMS 0x0000000084500000, 0x0000000084500000| Untracked 
|  48|0x0000000084600000, 0x0000000084600000, 0x0000000084700000|  0%| F|  |TAMS 0x0000000084600000, 0x0000000084600000| Untracked 
|  49|0x0000000084700000, 0x0000000084700000, 0x0000000084800000|  0%| F|  |TAMS 0x0000000084700000, 0x0000000084700000| Untracked 
|  50|0x0000000084800000, 0x0000000084800000, 0x0000000084900000|  0%| F|  |TAMS 0x0000000084800000, 0x0000000084800000| Untracked 
|  51|0x0000000084900000, 0x0000000084900000, 0x0000000084a00000|  0%| F|  |TAMS 0x0000000084900000, 0x0000000084900000| Untracked 
|  52|0x0000000084a00000, 0x0000000084a00000, 0x0000000084b00000|  0%| F|  |TAMS 0x0000000084a00000, 0x0000000084a00000| Untracked 
|  53|0x0000000084b00000, 0x0000000084b00000, 0x0000000084c00000|  0%| F|  |TAMS 0x0000000084b00000, 0x0000000084b00000| Untracked 
|  54|0x0000000084c00000, 0x0000000084c00000, 0x0000000084d00000|  0%| F|  |TAMS 0x0000000084c00000, 0x0000000084c00000| Untracked 
|  55|0x0000000084d00000, 0x0000000084d00000, 0x0000000084e00000|  0%| F|  |TAMS 0x0000000084d00000, 0x0000000084d00000| Untracked 
|  56|0x0000000084e00000, 0x0000000084e00000, 0x0000000084f00000|  0%| F|  |TAMS 0x0000000084e00000, 0x0000000084e00000| Untracked 
|  57|0x0000000084f00000, 0x0000000084f00000, 0x0000000085000000|  0%| F|  |TAMS 0x0000000084f00000, 0x0000000084f00000| Untracked 
|  58|0x0000000085000000, 0x0000000085000000, 0x0000000085100000|  0%| F|  |TAMS 0x0000000085000000, 0x0000000085000000| Untracked 
|  59|0x0000000085100000, 0x0000000085100000, 0x0000000085200000|  0%| F|  |TAMS 0x0000000085100000, 0x0000000085100000| Untracked 
|  60|0x0000000085200000, 0x0000000085200000, 0x0000000085300000|  0%| F|  |TAMS 0x0000000085200000, 0x0000000085200000| Untracked 
|  61|0x0000000085300000, 0x0000000085300000, 0x0000000085400000|  0%| F|  |TAMS 0x0000000085300000, 0x0000000085300000| Untracked 
|  62|0x0000000085400000, 0x0000000085400000, 0x0000000085500000|  0%| F|  |TAMS 0x0000000085400000, 0x0000000085400000| Untracked 
|  63|0x0000000085500000, 0x0000000085500000, 0x0000000085600000|  0%| F|  |TAMS 0x0000000085500000, 0x0000000085500000| Untracked 
|  64|0x0000000085600000, 0x0000000085600000, 0x0000000085700000|  0%| F|  |TAMS 0x0000000085600000, 0x0000000085600000| Untracked 
|  65|0x0000000085700000, 0x0000000085700000, 0x0000000085800000|  0%| F|  |TAMS 0x0000000085700000, 0x0000000085700000| Untracked 
|  66|0x0000000085800000, 0x0000000085800000, 0x0000000085900000|  0%| F|  |TAMS 0x0000000085800000, 0x0000000085800000| Untracked 
|  67|0x0000000085900000, 0x0000000085900000, 0x0000000085a00000|  0%| F|  |TAMS 0x0000000085900000, 0x0000000085900000| Untracked 
|  68|0x0000000085a00000, 0x0000000085a00000, 0x0000000085b00000|  0%| F|  |TAMS 0x0000000085a00000, 0x0000000085a00000| Untracked 
|  69|0x0000000085b00000, 0x0000000085b00000, 0x0000000085c00000|  0%| F|  |TAMS 0x0000000085b00000, 0x0000000085b00000| Untracked 
|  70|0x0000000085c00000, 0x0000000085c00000, 0x0000000085d00000|  0%| F|  |TAMS 0x0000000085c00000, 0x0000000085c00000| Untracked 
|  71|0x0000000085d00000, 0x0000000085d00000, 0x0000000085e00000|  0%| F|  |TAMS 0x0000000085d00000, 0x0000000085d00000| Untracked 
|  72|0x0000000085e00000, 0x0000000085f00000, 0x0000000085f00000|100%| E|  |TAMS 0x0000000085e00000, 0x0000000085e00000| Complete 
|  73|0x0000000085f00000, 0x0000000086000000, 0x0000000086000000|100%| E|CS|TAMS 0x0000000085f00000, 0x0000000085f00000| Complete 
|  74|0x0000000086000000, 0x0000000086100000, 0x0000000086100000|100%| E|CS|TAMS 0x0000000086000000, 0x0000000086000000| Complete 
|  75|0x0000000086100000, 0x0000000086200000, 0x0000000086200000|100%| E|CS|TAMS 0x0000000086100000, 0x0000000086100000| Complete 
|  76|0x0000000086200000, 0x0000000086300000, 0x0000000086300000|100%| E|CS|TAMS 0x0000000086200000, 0x0000000086200000| Complete 
|  77|0x0000000086300000, 0x0000000086400000, 0x0000000086400000|100%| E|CS|TAMS 0x0000000086300000, 0x0000000086300000| Complete 
|  78|0x0000000086400000, 0x0000000086500000, 0x0000000086500000|100%| E|CS|TAMS 0x0000000086400000, 0x0000000086400000| Complete 
|  79|0x0000000086500000, 0x0000000086600000, 0x0000000086600000|100%| E|CS|TAMS 0x0000000086500000, 0x0000000086500000| Complete 
|  80|0x0000000086600000, 0x0000000086700000, 0x0000000086700000|100%| E|CS|TAMS 0x0000000086600000, 0x0000000086600000| Complete 
|  81|0x0000000086700000, 0x0000000086800000, 0x0000000086800000|100%| E|CS|TAMS 0x0000000086700000, 0x0000000086700000| Complete 
|  82|0x0000000086800000, 0x0000000086900000, 0x0000000086900000|100%| E|CS|TAMS 0x0000000086800000, 0x0000000086800000| Complete 
|  83|0x0000000086900000, 0x0000000086a00000, 0x0000000086a00000|100%| E|CS|TAMS 0x0000000086900000, 0x0000000086900000| Complete 
|  84|0x0000000086a00000, 0x0000000086b00000, 0x0000000086b00000|100%| E|CS|TAMS 0x0000000086a00000, 0x0000000086a00000| Complete 
|  85|0x0000000086b00000, 0x0000000086c00000, 0x0000000086c00000|100%| E|CS|TAMS 0x0000000086b00000, 0x0000000086b00000| Complete 
|  86|0x0000000086c00000, 0x0000000086d00000, 0x0000000086d00000|100%| E|CS|TAMS 0x0000000086c00000, 0x0000000086c00000| Complete 
|  87|0x0000000086d00000, 0x0000000086e00000, 0x0000000086e00000|100%| E|CS|TAMS 0x0000000086d00000, 0x0000000086d00000| Complete 
|  88|0x0000000086e00000, 0x0000000086f00000, 0x0000000086f00000|100%| E|CS|TAMS 0x0000000086e00000, 0x0000000086e00000| Complete 
|  89|0x0000000086f00000, 0x0000000087000000, 0x0000000087000000|100%| E|CS|TAMS 0x0000000086f00000, 0x0000000086f00000| Complete 
|  90|0x0000000087000000, 0x0000000087100000, 0x0000000087100000|100%| E|CS|TAMS 0x0000000087000000, 0x0000000087000000| Complete 
|  91|0x0000000087100000, 0x0000000087200000, 0x0000000087200000|100%| E|CS|TAMS 0x0000000087100000, 0x0000000087100000| Complete 
|  92|0x0000000087200000, 0x0000000087300000, 0x0000000087300000|100%| E|CS|TAMS 0x0000000087200000, 0x0000000087200000| Complete 
|  93|0x0000000087300000, 0x0000000087400000, 0x0000000087400000|100%| E|CS|TAMS 0x0000000087300000, 0x0000000087300000| Complete 
|  94|0x0000000087400000, 0x0000000087500000, 0x0000000087500000|100%| E|CS|TAMS 0x0000000087400000, 0x0000000087400000| Complete 
|  95|0x0000000087500000, 0x0000000087600000, 0x0000000087600000|100%| E|CS|TAMS 0x0000000087500000, 0x0000000087500000| Complete 
|  96|0x0000000087600000, 0x0000000087700000, 0x0000000087700000|100%| E|CS|TAMS 0x0000000087600000, 0x0000000087600000| Complete 
|  97|0x0000000087700000, 0x0000000087800000, 0x0000000087800000|100%| E|CS|TAMS 0x0000000087700000, 0x0000000087700000| Complete 
|  98|0x0000000087800000, 0x0000000087900000, 0x0000000087900000|100%| E|CS|TAMS 0x0000000087800000, 0x0000000087800000| Complete 
|  99|0x0000000087900000, 0x0000000087a00000, 0x0000000087a00000|100%| E|CS|TAMS 0x0000000087900000, 0x0000000087900000| Complete 
| 100|0x0000000087a00000, 0x0000000087b00000, 0x0000000087b00000|100%| E|CS|TAMS 0x0000000087a00000, 0x0000000087a00000| Complete 
| 101|0x0000000087b00000, 0x0000000087c00000, 0x0000000087c00000|100%| E|CS|TAMS 0x0000000087b00000, 0x0000000087b00000| Complete 
| 102|0x0000000087c00000, 0x0000000087d00000, 0x0000000087d00000|100%| E|CS|TAMS 0x0000000087c00000, 0x0000000087c00000| Complete 
| 103|0x0000000087d00000, 0x0000000087e00000, 0x0000000087e00000|100%| E|CS|TAMS 0x0000000087d00000, 0x0000000087d00000| Complete 
| 104|0x0000000087e00000, 0x0000000087f00000, 0x0000000087f00000|100%| E|CS|TAMS 0x0000000087e00000, 0x0000000087e00000| Complete 
| 105|0x0000000087f00000, 0x0000000088000000, 0x0000000088000000|100%| E|CS|TAMS 0x0000000087f00000, 0x0000000087f00000| Complete 
| 106|0x0000000088000000, 0x0000000088100000, 0x0000000088100000|100%| E|CS|TAMS 0x0000000088000000, 0x0000000088000000| Complete 
| 107|0x0000000088100000, 0x0000000088200000, 0x0000000088200000|100%| E|CS|TAMS 0x0000000088100000, 0x0000000088100000| Complete 
| 108|0x0000000088200000, 0x0000000088300000, 0x0000000088300000|100%| E|CS|TAMS 0x0000000088200000, 0x0000000088200000| Complete 
| 109|0x0000000088300000, 0x0000000088400000, 0x0000000088400000|100%| E|CS|TAMS 0x0000000088300000, 0x0000000088300000| Complete 
| 110|0x0000000088400000, 0x0000000088500000, 0x0000000088500000|100%| E|CS|TAMS 0x0000000088400000, 0x0000000088400000| Complete 
| 111|0x0000000088500000, 0x0000000088600000, 0x0000000088600000|100%| E|CS|TAMS 0x0000000088500000, 0x0000000088500000| Complete 
| 112|0x0000000088600000, 0x0000000088700000, 0x0000000088700000|100%| S|CS|TAMS 0x0000000088600000, 0x0000000088600000| Complete 
| 113|0x0000000088700000, 0x0000000088800000, 0x0000000088800000|100%| S|CS|TAMS 0x0000000088700000, 0x0000000088700000| Complete 
| 114|0x0000000088800000, 0x0000000088900000, 0x0000000088900000|100%| E|CS|TAMS 0x0000000088800000, 0x0000000088800000| Complete 
| 115|0x0000000088900000, 0x0000000088a00000, 0x0000000088a00000|100%| E|CS|TAMS 0x0000000088900000, 0x0000000088900000| Complete 
| 116|0x0000000088a00000, 0x0000000088b00000, 0x0000000088b00000|100%| E|CS|TAMS 0x0000000088a00000, 0x0000000088a00000| Complete 
| 117|0x0000000088b00000, 0x0000000088c00000, 0x0000000088c00000|100%| E|CS|TAMS 0x0000000088b00000, 0x0000000088b00000| Complete 
| 118|0x0000000088c00000, 0x0000000088d00000, 0x0000000088d00000|100%| E|CS|TAMS 0x0000000088c00000, 0x0000000088c00000| Complete 
| 119|0x0000000088d00000, 0x0000000088e00000, 0x0000000088e00000|100%| E|CS|TAMS 0x0000000088d00000, 0x0000000088d00000| Complete 
| 120|0x0000000088e00000, 0x0000000088f00000, 0x0000000088f00000|100%| E|CS|TAMS 0x0000000088e00000, 0x0000000088e00000| Complete 
| 121|0x0000000088f00000, 0x0000000089000000, 0x0000000089000000|100%| E|CS|TAMS 0x0000000088f00000, 0x0000000088f00000| Complete 
| 122|0x0000000089000000, 0x0000000089100000, 0x0000000089100000|100%| E|CS|TAMS 0x0000000089000000, 0x0000000089000000| Complete 
| 123|0x0000000089100000, 0x0000000089200000, 0x0000000089200000|100%| E|CS|TAMS 0x0000000089100000, 0x0000000089100000| Complete 
| 124|0x0000000089200000, 0x0000000089300000, 0x0000000089300000|100%| E|CS|TAMS 0x0000000089200000, 0x0000000089200000| Complete 
| 125|0x0000000089300000, 0x0000000089400000, 0x0000000089400000|100%| E|CS|TAMS 0x0000000089300000, 0x0000000089300000| Complete 
| 126|0x0000000089400000, 0x0000000089500000, 0x0000000089500000|100%| E|  |TAMS 0x0000000089400000, 0x0000000089400000| Complete 
| 127|0x0000000089500000, 0x0000000089600000, 0x0000000089600000|100%| E|CS|TAMS 0x0000000089500000, 0x0000000089500000| Complete 

Card table byte_map: [0x0000028ca9a70000,0x0000028ca9e70000] _byte_map_base: 0x0000028ca9665000

Marking Bits (Prev, Next): (CMBitMap*) 0x0000028c921b4018, (CMBitMap*) 0x0000028c921b4058
 Prev Bits: [0x0000028caa270000, 0x0000028cac218000)
 Next Bits: [0x0000028cac220000, 0x0000028cae1c8000)

Polling page: 0x0000028c91940000

Metaspace:

Usage:
  Non-class:     15.42 MB capacity,    14.14 MB ( 92%) used,     1.21 MB (  8%) free+waste,    76.06 KB ( <1%) overhead. 
      Class:      2.65 MB capacity,     2.27 MB ( 86%) used,   347.73 KB ( 13%) free+waste,    40.38 KB (  1%) overhead. 
       Both:     18.07 MB capacity,    16.41 MB ( 91%) used,     1.54 MB (  9%) free+waste,   116.44 KB ( <1%) overhead. 

Virtual space:
  Non-class space:       16.00 MB reserved,      15.50 MB ( 97%) committed 
      Class space:        1.00 GB reserved,       2.75 MB ( <1%) committed 
             Both:        1.02 GB reserved,      18.25 MB (  2%) committed 

Chunk freelists:
   Non-Class:  14.00 KB
       Class:  11.00 KB
        Both:  25.00 KB

MaxMetaspaceSize: 17179869184.00 GB
CompressedClassSpaceSize: 1.00 GB

CodeHeap 'non-profiled nmethods': size=120064Kb used=1793Kb max_used=1793Kb free=118270Kb
 bounds [0x0000028ca2130000, 0x0000028ca23a0000, 0x0000028ca9670000]
CodeHeap 'profiled nmethods': size=120000Kb used=7530Kb max_used=7530Kb free=112469Kb
 bounds [0x0000028c9ac00000, 0x0000028c9b360000, 0x0000028ca2130000]
CodeHeap 'non-nmethods': size=5696Kb used=1481Kb max_used=1516Kb free=4214Kb
 bounds [0x0000028c9a670000, 0x0000028c9a8e0000, 0x0000028c9ac00000]
 total_blobs=5369 nmethods=3578 adapters=720
 compilation: enabled
              stopped_count=0, restarted_count=0
 full_count=0

Compilation events (20 events):
Event: 106.708 Thread 0x0000028cb07e5000 nmethod 3588 0x0000028ca22ee290 code [0x0000028ca22ee420, 0x0000028ca22ee518]
Event: 106.708 Thread 0x0000028cb07e5000 3589       1       com.sun.prism.impl.ps.CachingShapeRepState$MaskTexData::access$700 (5 bytes)
Event: 106.708 Thread 0x0000028cb07e5000 nmethod 3589 0x0000028ca22ee590 code [0x0000028ca22ee720, 0x0000028ca22ee818]
Event: 106.708 Thread 0x0000028cb07e5000 3590       1       com.sun.prism.impl.ps.CachingShapeRepState$MaskTexData::access$400 (5 bytes)
Event: 106.708 Thread 0x0000028cb07e5000 nmethod 3590 0x0000028ca22ee890 code [0x0000028ca22eea20, 0x0000028ca22eeb18]
Event: 106.708 Thread 0x0000028cb07e5000 3591       1       com.sun.prism.impl.ps.CachingShapeRepState$MaskTexData::access$500 (5 bytes)
Event: 106.708 Thread 0x0000028cb07e5000 nmethod 3591 0x0000028ca22eeb90 code [0x0000028ca22eed20, 0x0000028ca22eee18]
Event: 106.708 Thread 0x0000028cb07e5000 3592       3       com.sun.prism.impl.shape.DMarlinPrismUtils::feedConsumer (874 bytes)
Event: 106.710 Thread 0x0000028cb07e1800 nmethod 3575 0x0000028ca22eee90 code [0x0000028ca22ef060, 0x0000028ca22ef468]
Event: 106.710 Thread 0x0000028cb07e1800 3558       4       java.util.ArrayList$Itr::next (66 bytes)
Event: 106.712 Thread 0x0000028cb07e5000 nmethod 3592 0x0000028c9b356610 code [0x0000028c9b356ae0, 0x0000028c9b359370]
Event: 106.713 Thread 0x0000028cb07e1800 nmethod 3558 0x0000028ca22ef790 code [0x0000028ca22ef920, 0x0000028ca22efa58]
Event: 106.713 Thread 0x0000028cb07e1800 3562       4       com.sun.javafx.sg.prism.NGNode::clearDirty (26 bytes)
Event: 106.715 Thread 0x0000028cb07e1800 nmethod 3562 0x0000028ca22efb90 code [0x0000028ca22efd20, 0x0000028ca22efeb8]
Event: 106.715 Thread 0x0000028cb07e1800 3566       4       com.sun.prism.impl.BaseContext::flushVertexBuffer (8 bytes)
Event: 106.722 Thread 0x0000028cb07e1800 nmethod 3566 0x0000028ca22eff90 code [0x0000028ca22f0140, 0x0000028ca22f03b8]
Event: 106.745 Thread 0x0000028cb07e5000 3593       3       javafx.scene.input.MouseEvent::copyFor (17 bytes)
Event: 106.745 Thread 0x0000028cb07e5000 nmethod 3593 0x0000028c9b359f90 code [0x0000028c9b35a140, 0x0000028c9b35a3f0]
Event: 106.777 Thread 0x0000028cb07e5000 3594       3       com.sun.javafx.util.Logging::getInputLogger (18 bytes)
Event: 106.777 Thread 0x0000028cb07e5000 nmethod 3594 0x0000028c9b35a510 code [0x0000028c9b35a6c0, 0x0000028c9b35a8f0]

GC Heap History (2 events):
Event: 1.423 GC heap before
{Heap before GC invocations=0 (full 0):
 garbage-first heap   total 131072K, used 13312K [0x0000000081600000, 0x0000000100000000)
  region size 1024K, 14 young (14336K), 0 survivors (0K)
 Metaspace       used 3475K, capacity 6035K, committed 6400K, reserved 1056768K
  class space    used 380K, capacity 656K, committed 768K, reserved 1048576K
}
Event: 1.433 GC heap after
{Heap after GC invocations=1 (full 0):
 garbage-first heap   total 131072K, used 2733K [0x0000000081600000, 0x0000000100000000)
  region size 1024K, 2 young (2048K), 2 survivors (2048K)
 Metaspace       used 3475K, capacity 6035K, committed 6400K, reserved 1056768K
  class space    used 380K, capacity 656K, committed 768K, reserved 1048576K
}

Deoptimization events (20 events):
Event: 105.756 Thread 0x0000028cb1f73800 DEOPT PACKING pc=0x0000028c9b319416 sp=0x000000e7cadfc6f0
Event: 105.756 Thread 0x0000028cb1f73800 DEOPT UNPACKING pc=0x0000028c9a6b964e sp=0x000000e7cadfbe88 mode 0
Event: 106.586 Thread 0x0000028cb1f73800 DEOPT PACKING pc=0x0000028c9b3428df sp=0x000000e7cadfd690
Event: 106.586 Thread 0x0000028cb1f73800 DEOPT UNPACKING pc=0x0000028c9a6b964e sp=0x000000e7cadfcaa8 mode 0
Event: 106.588 Thread 0x0000028cb1f73800 DEOPT PACKING pc=0x0000028c9b336fe6 sp=0x000000e7cadfd250
Event: 106.588 Thread 0x0000028cb1f73800 DEOPT UNPACKING pc=0x0000028c9a6b964e sp=0x000000e7cadfcaa8 mode 0
Event: 106.588 Thread 0x0000028cb1f73800 DEOPT PACKING pc=0x0000028c9b32959d sp=0x000000e7cadfd510
Event: 106.588 Thread 0x0000028cb1f73800 DEOPT UNPACKING pc=0x0000028c9a6b964e sp=0x000000e7cadfcaa8 mode 0
Event: 106.591 Thread 0x0000028cb1f73800 DEOPT PACKING pc=0x0000028c9b3428df sp=0x000000e7cadfd690
Event: 106.591 Thread 0x0000028cb1f73800 DEOPT UNPACKING pc=0x0000028c9a6b964e sp=0x000000e7cadfcaa8 mode 0
Event: 106.593 Thread 0x0000028cb1f73800 DEOPT PACKING pc=0x0000028c9b32959d sp=0x000000e7cadfd510
Event: 106.593 Thread 0x0000028cb1f73800 DEOPT UNPACKING pc=0x0000028c9a6b964e sp=0x000000e7cadfcaa8 mode 0
Event: 106.595 Thread 0x0000028cb1f73800 DEOPT PACKING pc=0x0000028c9b319416 sp=0x000000e7cadfd310
Event: 106.595 Thread 0x0000028cb1f73800 DEOPT UNPACKING pc=0x0000028c9a6b964e sp=0x000000e7cadfcaa8 mode 0
Event: 106.596 Thread 0x0000028cb1f73800 DEOPT PACKING pc=0x0000028c9b342e0f sp=0x000000e7cadfd690
Event: 106.596 Thread 0x0000028cb1f73800 DEOPT UNPACKING pc=0x0000028c9a6b964e sp=0x000000e7cadfcaa8 mode 0
Event: 106.597 Thread 0x0000028cb1f73800 DEOPT PACKING pc=0x0000028c9b319416 sp=0x000000e7cadfd310
Event: 106.597 Thread 0x0000028cb1f73800 DEOPT UNPACKING pc=0x0000028c9a6b964e sp=0x000000e7cadfcaa8 mode 0
Event: 106.597 Thread 0x0000028cb1f73800 DEOPT PACKING pc=0x0000028c9b336fe6 sp=0x000000e7cadfd250
Event: 106.597 Thread 0x0000028cb1f73800 DEOPT UNPACKING pc=0x0000028c9a6b964e sp=0x000000e7cadfcaa8 mode 0

Classes unloaded (0 events):
No events

Classes redefined (0 events):
No events

Internal exceptions (20 events):
Event: 2.847 Thread 0x0000028cb1737800 Exception <a 'java/lang/NoSuchMethodError'{0x0000000087761258}: 'java.lang.Object java.lang.invoke.DirectMethodHandle$Holder.invokeInterface(java.lang.Object, java.lang.Object, java.lang.Object)'> (0x0000000087761258) 
thrown [t:/workspace/open/src/hotspot/share/interpreter/linkResolver.cpp, line 767]
Event: 2.847 Thread 0x0000028cb1737800 Exception <a 'java/lang/IncompatibleClassChangeError'{0x00000000877640e8}: Found class java.lang.Object, but interface was expected> (0x00000000877640e8) 
thrown [t:/workspace/open/src/hotspot/share/interpreter/linkResolver.cpp, line 833]
Event: 2.894 Thread 0x0000028cb1737800 Exception <a 'java/lang/NoSuchMethodError'{0x000000008765ca00}: 'java.lang.Object java.lang.invoke.Invokers$Holder.linkToTargetMethod(java.lang.Object, int, java.lang.Object)'> (0x000000008765ca00) 
thrown [t:/workspace/open/src/hotspot/share/interpreter/linkResolver.cpp, line 767]
Event: 2.916 Thread 0x0000028cb1737800 Implicit null exception at 0x0000028ca21aec16 to 0x0000028ca21aecbe
Event: 2.992 Thread 0x0000028cb1737800 Exception <a 'java/lang/ClassNotFoundException'{0x00000000875f1b68}: com/sun/javafx/scene/control/skin/resources/controls> (0x00000000875f1b68) 
thrown [t:/workspace/open/src/hotspot/share/prims/jni.cpp, line 619]
Event: 2.995 Thread 0x0000028cb1737800 Exception <a 'java/lang/ClassNotFoundException'{0x00000000875ff8f0}: com/sun/javafx/scene/control/skin/resources/controls_ru> (0x00000000875ff8f0) 
thrown [t:/workspace/open/src/hotspot/share/prims/jni.cpp, line 619]
Event: 2.995 Thread 0x0000028cb1737800 Exception <a 'java/lang/ClassNotFoundException'{0x0000000087402028}: com/sun/javafx/scene/control/skin/resources/controls_ru_RU> (0x0000000087402028) 
thrown [t:/workspace/open/src/hotspot/share/prims/jni.cpp, line 619]
Event: 3.017 Thread 0x0000028cb1737800 Exception <a 'java/lang/NoSuchMethodError'{0x0000000087461910}: 'void java.lang.invoke.DirectMethodHandle$Holder.invokeSpecialIFC(java.lang.Object, java.lang.Object, java.lang.Object, java.lang.Object)'> (0x0000000087461910) 
thrown [t:/workspace/open/src/hotspot/share/interpreter/linkResolver.cpp, line 767]
Event: 3.103 Thread 0x0000028cb1737800 Exception <a 'java/lang/NoSuchMethodError'{0x00000000873dcdd8}: 'void java.lang.invoke.DirectMethodHandle$Holder.invokeSpecial(java.lang.Object, java.lang.Object, java.lang.Object, java.lang.Object, java.lang.Object, java.lang.Object)'> (0x00000000873dcdd8) 
thrown [t:/workspace/open/src/hotspot/share/interpreter/linkResolver.cpp, line 767]
Event: 3.372 Thread 0x0000028cb1737800 Exception <a 'java/lang/NoSuchMethodError'{0x0000000086f642a0}: 'long java.lang.invoke.DirectMethodHandle$Holder.invokeStatic(java.lang.Object, java.lang.Object, java.lang.Object)'> (0x0000000086f642a0) 
thrown [t:/workspace/open/src/hotspot/share/interpreter/linkResolver.cpp, line 767]
Event: 3.372 Thread 0x0000028cb1737800 Exception <a 'java/lang/NoSuchMethodError'{0x0000000086f66f48}: 'long java.lang.invoke.DirectMethodHandle$Holder.invokeStaticInit(java.lang.Object, java.lang.Object, java.lang.Object)'> (0x0000000086f66f48) 
thrown [t:/workspace/open/src/hotspot/share/interpreter/linkResolver.cpp, line 767]
Event: 3.378 Thread 0x0000028cb1737800 Exception <a 'java/lang/NoSuchMethodError'{0x0000000086f7b2c8}: 'java.lang.Object java.lang.invoke.Invokers$Holder.linkToTargetMethod(java.lang.Object, long, java.lang.Object)'> (0x0000000086f7b2c8) 
thrown [t:/workspace/open/src/hotspot/share/interpreter/linkResolver.cpp, line 767]
Event: 3.453 Thread 0x0000028cb1f73800 Exception <a 'java/lang/NoSuchMethodError'{0x00000000894afe00}: 'int java.lang.invoke.DirectMethodHandle$Holder.invokeStaticInit(java.lang.Object, java.lang.Object)'> (0x00000000894afe00) 
thrown [t:/workspace/open/src/hotspot/share/interpreter/linkResolver.cpp, line 767]
Event: 3.714 Thread 0x0000028cb1f73800 Exception <a 'java/lang/NoSuchMethodError'{0x0000000086a0def0}: 'java.lang.Object java.lang.invoke.DirectMethodHandle$Holder.invokeStaticInit(java.lang.Object, int)'> (0x0000000086a0def0) 
thrown [t:/workspace/open/src/hotspot/share/interpreter/linkResolver.cpp, line 767]
Event: 8.330 Thread 0x0000028cb1737800 Exception <a 'java/lang/NoSuchMethodError'{0x000000008692dc80}: 'java.lang.Object java.lang.invoke.DirectMethodHandle$Holder.invokeStatic(java.lang.Object, java.lang.Object, int, int, int, int, int, java.lang.Object)'> (0x000000008692dc80) 
thrown [t:/workspace/open/src/hotspot/share/interpreter/linkResolver.cpp, line 767]
Event: 8.332 Thread 0x0000028cb1737800 Exception <a 'java/lang/NoSuchMethodError'{0x000000008693d268}: 'java.lang.Object java.lang.invoke.DirectMethodHandle$Holder.invokeStatic(java.lang.Object, java.lang.Object, java.lang.Object, int, int, int, int, int)'> (0x000000008693d268) 
thrown [t:/workspace/open/src/hotspot/share/interpreter/linkResolver.cpp, line 767]
Event: 8.333 Thread 0x0000028cb1737800 Exception <a 'java/lang/NoSuchMethodError'{0x00000000869430f8}: 'java.lang.Object java.lang.invoke.Invokers$Holder.linkToTargetMethod(java.lang.Object, java.lang.Object, int, int, int, int, int, java.lang.Object)'> (0x00000000869430f8) 
thrown [t:/workspace/open/src/hotspot/share/interpreter/linkResolver.cpp, line 767]
Event: 100.139 Thread 0x0000028cb1737800 Implicit null exception at 0x0000028ca222ac2a to 0x0000028ca222b93a
Event: 100.962 Thread 0x0000028cb1737800 Implicit null exception at 0x0000028ca228df34 to 0x0000028ca228f512
Event: 101.010 Thread 0x0000028cb1737800 Implicit null exception at 0x0000028ca22a5734 to 0x0000028ca22aa21a

Events (20 events):
Event: 100.569 loading class com/sun/javafx/tk/quantum/WindowStage
Event: 100.569 loading class com/sun/javafx/tk/quantum/WindowStage done
Event: 100.807 Thread 0x0000028cb7f80800 Thread exited: 0x0000028cb7f80800
Event: 100.968 Thread 0x0000028cb7f9b000 Thread added: 0x0000028cb7f9b000
Event: 101.050 Executing VM operation: RevokeBias
Event: 101.050 Executing VM operation: RevokeBias done
Event: 101.062 Executing VM operation: RevokeBias
Event: 101.073 Loaded shared library C:\Users\Alusik\Desktop\javafx-sdk-11.0.2\bin\prism_d3d.dll
Event: 101.090 Loaded shared library C:\Users\Alusik\Desktop\javafx-sdk-11.0.2\bin\prism_d3d.dll
Event: 101.101 Loaded shared library C:\Users\Alusik\Desktop\javafx-sdk-11.0.2\bin\prism_d3d.dll
Event: 101.113 Loaded shared library C:\Users\Alusik\Desktop\javafx-sdk-11.0.2\bin\prism_d3d.dll
Event: 101.115 Executing VM operation: RevokeBias done
Event: 101.153 loading class com/sun/javafx/tk/quantum/QuantumToolkit
Event: 101.153 loading class com/sun/javafx/tk/quantum/QuantumToolkit done
Event: 101.154 loading class com/sun/javafx/tk/quantum/QuantumToolkit
Event: 101.154 loading class com/sun/javafx/tk/quantum/QuantumToolkit done
Event: 101.154 loading class com/sun/javafx/tk/RenderJob
Event: 101.154 loading class com/sun/javafx/tk/RenderJob done
Event: 101.398 Thread 0x0000028cb7f9b000 Thread exited: 0x0000028cb7f9b000
Event: 106.600 Thread 0x0000028cb115f000 Thread added: 0x0000028cb115f000


Dynamic libraries:
0x00007ff631500000 - 0x00007ff63150f000 	C:\Program Files\Java\jdk-13\bin\java.exe
0x00007ff857060000 - 0x00007ff857250000 	C:\WINDOWS\SYSTEM32\ntdll.dll
0x00007ff8566e0000 - 0x00007ff856792000 	C:\WINDOWS\System32\KERNEL32.DLL
0x00007ff854e10000 - 0x00007ff8550b4000 	C:\WINDOWS\System32\KERNELBASE.dll
0x00007ff854440000 - 0x00007ff85453a000 	C:\WINDOWS\System32\ucrtbase.dll
0x00007ff850b20000 - 0x00007ff850b38000 	C:\Program Files\Java\jdk-13\bin\jli.dll
0x00007ff856480000 - 0x00007ff856523000 	C:\WINDOWS\System32\ADVAPI32.dll
0x00007ff856ed0000 - 0x00007ff856f6e000 	C:\WINDOWS\System32\msvcrt.dll
0x00007ff855110000 - 0x00007ff8551a7000 	C:\WINDOWS\System32\sechost.dll
0x00007ff855c80000 - 0x00007ff855da0000 	C:\WINDOWS\System32\RPCRT4.dll
0x00007ff855650000 - 0x00007ff8557e4000 	C:\WINDOWS\System32\USER32.dll
0x00007ff8550e0000 - 0x00007ff855101000 	C:\WINDOWS\System32\win32u.dll
0x00007ff8551b0000 - 0x00007ff8551d6000 	C:\WINDOWS\System32\GDI32.dll
0x00007ff8541f0000 - 0x00007ff854384000 	C:\WINDOWS\System32\gdi32full.dll
0x00007ff854cc0000 - 0x00007ff854d5e000 	C:\WINDOWS\System32\msvcp_win.dll
0x00007ff84f840000 - 0x00007ff84f855000 	C:\Program Files\Java\jdk-13\bin\VCRUNTIME140.dll
0x00007ff83fe10000 - 0x00007ff840094000 	C:\WINDOWS\WinSxS\amd64_microsoft.windows.common-controls_6595b64144ccf1df_6.0.18362.836_none_e6c4b943130f18ed\COMCTL32.dll
0x00007ff856070000 - 0x00007ff8563a6000 	C:\WINDOWS\System32\combase.dll
0x00007ff8543c0000 - 0x00007ff854440000 	C:\WINDOWS\System32\bcryptPrimitives.dll
0x00007ff84c420000 - 0x00007ff84c42a000 	C:\WINDOWS\SYSTEM32\VERSION.dll
0x00007ff855a80000 - 0x00007ff855aae000 	C:\WINDOWS\System32\IMM32.DLL
0x00007ff839200000 - 0x00007ff83929b000 	C:\Program Files\Java\jdk-13\bin\msvcp140.dll
0x00007ff826570000 - 0x00007ff8270d6000 	C:\Program Files\Java\jdk-13\bin\server\jvm.dll
0x00007ff856ea0000 - 0x00007ff856ea8000 	C:\WINDOWS\System32\PSAPI.DLL
0x00007ff83d4d0000 - 0x00007ff83d4d9000 	C:\WINDOWS\SYSTEM32\WSOCK32.dll
0x00007ff855da0000 - 0x00007ff855e0f000 	C:\WINDOWS\System32\WS2_32.dll
0x00007ff84f740000 - 0x00007ff84f764000 	C:\WINDOWS\SYSTEM32\WINMM.dll
0x00007ff84f710000 - 0x00007ff84f73d000 	C:\WINDOWS\SYSTEM32\WINMMBASE.dll
0x00007ff853ff0000 - 0x00007ff85403a000 	C:\WINDOWS\System32\cfgmgr32.dll
0x00007ff853f80000 - 0x00007ff853f91000 	C:\WINDOWS\System32\kernel.appcore.dll
0x00007ff850ab0000 - 0x00007ff850ac0000 	C:\Program Files\Java\jdk-13\bin\verify.dll
0x00007ff84bb10000 - 0x00007ff84bd04000 	C:\WINDOWS\SYSTEM32\DBGHELP.DLL
0x00007ff847450000 - 0x00007ff84747a000 	C:\WINDOWS\SYSTEM32\dbgcore.DLL
0x00007ff84f7a0000 - 0x00007ff84f7c6000 	C:\Program Files\Java\jdk-13\bin\java.dll
0x00007ff83c9c0000 - 0x00007ff83c9ce000 	C:\Program Files\Java\jdk-13\bin\instrument.dll
0x00007ff847400000 - 0x00007ff847417000 	C:\Program Files\Java\jdk-13\bin\zip.dll
0x00007ff84f790000 - 0x00007ff84f79a000 	C:\Program Files\Java\jdk-13\bin\jimage.dll
0x00007ff8567a0000 - 0x00007ff856e84000 	C:\WINDOWS\System32\SHELL32.dll
0x00007ff856f70000 - 0x00007ff857019000 	C:\WINDOWS\System32\shcore.dll
0x00007ff854540000 - 0x00007ff854cbe000 	C:\WINDOWS\System32\windows.storage.dll
0x00007ff853fc0000 - 0x00007ff853fe3000 	C:\WINDOWS\System32\profapi.dll
0x00007ff853f30000 - 0x00007ff853f7a000 	C:\WINDOWS\System32\powrprof.dll
0x00007ff853f20000 - 0x00007ff853f30000 	C:\WINDOWS\System32\UMPDC.dll
0x00007ff856530000 - 0x00007ff856582000 	C:\WINDOWS\System32\shlwapi.dll
0x00007ff8550c0000 - 0x00007ff8550d7000 	C:\WINDOWS\System32\cryptsp.dll
0x00007ff847230000 - 0x00007ff847249000 	C:\Program Files\Java\jdk-13\bin\net.dll
0x00007ff849040000 - 0x00007ff849130000 	C:\WINDOWS\SYSTEM32\WINHTTP.dll
0x00007ff847910000 - 0x00007ff847ae6000 	C:\WINDOWS\SYSTEM32\urlmon.dll
0x00007ff847660000 - 0x00007ff847906000 	C:\WINDOWS\SYSTEM32\iertutil.dll
0x00007ff853960000 - 0x00007ff85396c000 	C:\WINDOWS\SYSTEM32\CRYPTBASE.DLL
0x00007ff853790000 - 0x00007ff8537f7000 	C:\WINDOWS\system32\mswsock.dll
0x00007ff83c980000 - 0x00007ff83c993000 	C:\Program Files\Java\jdk-13\bin\nio.dll
0x00007ff835660000 - 0x00007ff83567a000 	C:\Program Files\JetBrains\IntelliJ IDEA 2020.1.1\bin\breakgen64.dll
0x0000028cb2e50000 - 0x0000028cb2e53000 	C:\Users\Alusik\Desktop\javafx-sdk-11.0.2\bin\api-ms-win-core-console-l1-1-0.dll
0x0000028cb2e80000 - 0x0000028cb2e83000 	C:\Users\Alusik\Desktop\javafx-sdk-11.0.2\bin\api-ms-win-core-datetime-l1-1-0.dll
0x0000028cb2e90000 - 0x0000028cb2e93000 	C:\Users\Alusik\Desktop\javafx-sdk-11.0.2\bin\api-ms-win-core-debug-l1-1-0.dll
0x0000028cb2ea0000 - 0x0000028cb2ea3000 	C:\Users\Alusik\Desktop\javafx-sdk-11.0.2\bin\api-ms-win-core-errorhandling-l1-1-0.dll
0x0000028cb2eb0000 - 0x0000028cb2eb4000 	C:\Users\Alusik\Desktop\javafx-sdk-11.0.2\bin\api-ms-win-core-file-l1-1-0.dll
0x0000028cb2ec0000 - 0x0000028cb2ec3000 	C:\Users\Alusik\Desktop\javafx-sdk-11.0.2\bin\api-ms-win-core-file-l1-2-0.dll
0x0000028cb2ed0000 - 0x0000028cb2ed3000 	C:\Users\Alusik\Desktop\javafx-sdk-11.0.2\bin\api-ms-win-core-file-l2-1-0.dll
0x0000028cb2e60000 - 0x0000028cb2e63000 	C:\Users\Alusik\Desktop\javafx-sdk-11.0.2\bin\api-ms-win-core-handle-l1-1-0.dll
0x0000028cb2e70000 - 0x0000028cb2e73000 	C:\Users\Alusik\Desktop\javafx-sdk-11.0.2\bin\api-ms-win-core-heap-l1-1-0.dll
0x0000028cb2f00000 - 0x0000028cb2f03000 	C:\Users\Alusik\Desktop\javafx-sdk-11.0.2\bin\api-ms-win-core-interlocked-l1-1-0.dll
0x0000028cb2f10000 - 0x0000028cb2f13000 	C:\Users\Alusik\Desktop\javafx-sdk-11.0.2\bin\api-ms-win-core-libraryloader-l1-1-0.dll
0x0000028cb2d20000 - 0x0000028cb2d23000 	C:\Users\Alusik\Desktop\javafx-sdk-11.0.2\bin\api-ms-win-core-localization-l1-2-0.dll
0x0000028cb2d30000 - 0x0000028cb2d33000 	C:\Users\Alusik\Desktop\javafx-sdk-11.0.2\bin\api-ms-win-core-memory-l1-1-0.dll
0x0000028cb2d40000 - 0x0000028cb2d43000 	C:\Users\Alusik\Desktop\javafx-sdk-11.0.2\bin\api-ms-win-core-namedpipe-l1-1-0.dll
0x0000028cb2d50000 - 0x0000028cb2d53000 	C:\Users\Alusik\Desktop\javafx-sdk-11.0.2\bin\api-ms-win-core-processenvironment-l1-1-0.dll
0x0000028cb2d60000 - 0x0000028cb2d63000 	C:\Users\Alusik\Desktop\javafx-sdk-11.0.2\bin\api-ms-win-core-processthreads-l1-1-0.dll
0x0000028cb2d70000 - 0x0000028cb2d73000 	C:\Users\Alusik\Desktop\javafx-sdk-11.0.2\bin\api-ms-win-core-processthreads-l1-1-1.dll
0x0000028cb2d80000 - 0x0000028cb2d83000 	C:\Users\Alusik\Desktop\javafx-sdk-11.0.2\bin\api-ms-win-core-profile-l1-1-0.dll
0x0000028cb2d90000 - 0x0000028cb2d93000 	C:\Users\Alusik\Desktop\javafx-sdk-11.0.2\bin\api-ms-win-core-rtlsupport-l1-1-0.dll
0x0000028cb2da0000 - 0x0000028cb2da3000 	C:\Users\Alusik\Desktop\javafx-sdk-11.0.2\bin\api-ms-win-core-string-l1-1-0.dll
0x0000028cb2db0000 - 0x0000028cb2db3000 	C:\Users\Alusik\Desktop\javafx-sdk-11.0.2\bin\api-ms-win-core-synch-l1-1-0.dll
0x0000028cb2dc0000 - 0x0000028cb2dc3000 	C:\Users\Alusik\Desktop\javafx-sdk-11.0.2\bin\api-ms-win-core-synch-l1-2-0.dll
0x0000028cb2dd0000 - 0x0000028cb2dd3000 	C:\Users\Alusik\Desktop\javafx-sdk-11.0.2\bin\api-ms-win-core-sysinfo-l1-1-0.dll
0x0000028cb2de0000 - 0x0000028cb2de3000 	C:\Users\Alusik\Desktop\javafx-sdk-11.0.2\bin\api-ms-win-core-timezone-l1-1-0.dll
0x0000028cb2df0000 - 0x0000028cb2df3000 	C:\Users\Alusik\Desktop\javafx-sdk-11.0.2\bin\api-ms-win-core-util-l1-1-0.dll
0x0000028cb2e00000 - 0x0000028cb2e03000 	C:\Users\Alusik\Desktop\javafx-sdk-11.0.2\bin\api-ms-win-crt-conio-l1-1-0.dll
0x0000028cb2e10000 - 0x0000028cb2e14000 	C:\Users\Alusik\Desktop\javafx-sdk-11.0.2\bin\api-ms-win-crt-convert-l1-1-0.dll
0x0000028cb2e20000 - 0x0000028cb2e23000 	C:\Users\Alusik\Desktop\javafx-sdk-11.0.2\bin\api-ms-win-crt-environment-l1-1-0.dll
0x0000028cb2e30000 - 0x0000028cb2e33000 	C:\Users\Alusik\Desktop\javafx-sdk-11.0.2\bin\api-ms-win-crt-filesystem-l1-1-0.dll
0x0000028cb2e40000 - 0x0000028cb2e43000 	C:\Users\Alusik\Desktop\javafx-sdk-11.0.2\bin\api-ms-win-crt-heap-l1-1-0.dll
0x0000028cb2ee0000 - 0x0000028cb2ee3000 	C:\Users\Alusik\Desktop\javafx-sdk-11.0.2\bin\api-ms-win-crt-locale-l1-1-0.dll
0x0000028cb2ef0000 - 0x0000028cb2ef5000 	C:\Users\Alusik\Desktop\javafx-sdk-11.0.2\bin\api-ms-win-crt-math-l1-1-0.dll
0x0000028cb2f20000 - 0x0000028cb2f25000 	C:\Users\Alusik\Desktop\javafx-sdk-11.0.2\bin\api-ms-win-crt-multibyte-l1-1-0.dll
0x0000028cb2f30000 - 0x0000028cb2f40000 	C:\Users\Alusik\Desktop\javafx-sdk-11.0.2\bin\api-ms-win-crt-private-l1-1-0.dll
0x0000028cb2f40000 - 0x0000028cb2f43000 	C:\Users\Alusik\Desktop\javafx-sdk-11.0.2\bin\api-ms-win-crt-process-l1-1-0.dll
0x0000028cb2f50000 - 0x0000028cb2f54000 	C:\Users\Alusik\Desktop\javafx-sdk-11.0.2\bin\api-ms-win-crt-runtime-l1-1-0.dll
0x0000028cb2f60000 - 0x0000028cb2f64000 	C:\Users\Alusik\Desktop\javafx-sdk-11.0.2\bin\api-ms-win-crt-stdio-l1-1-0.dll
0x0000028cb2f70000 - 0x0000028cb2f74000 	C:\Users\Alusik\Desktop\javafx-sdk-11.0.2\bin\api-ms-win-crt-string-l1-1-0.dll
0x0000028cb2f80000 - 0x0000028cb2f83000 	C:\Users\Alusik\Desktop\javafx-sdk-11.0.2\bin\api-ms-win-crt-time-l1-1-0.dll
0x0000028cb2f90000 - 0x0000028cb2f93000 	C:\Users\Alusik\Desktop\javafx-sdk-11.0.2\bin\api-ms-win-crt-utility-l1-1-0.dll
0x00007ff82bb00000 - 0x00007ff82bbfa000 	C:\Users\Alusik\Desktop\javafx-sdk-11.0.2\bin\ucrtbase.dll
0x00007ff835640000 - 0x00007ff835656000 	C:\Users\Alusik\Desktop\javafx-sdk-11.0.2\bin\vcruntime140.dll
0x00007ff82dd40000 - 0x00007ff82dde6000 	C:\Users\Alusik\Desktop\javafx-sdk-11.0.2\bin\msvcp140.dll
0x00007ff831990000 - 0x00007ff8319e1000 	C:\Users\Alusik\Desktop\javafx-sdk-11.0.2\bin\concrt140.dll
0x00007ff8321a0000 - 0x00007ff8321c3000 	C:\Users\Alusik\Desktop\javafx-sdk-11.0.2\bin\prism_d3d.dll
0x00007ff81aa30000 - 0x00007ff81abf7000 	C:\WINDOWS\system32\d3d9.dll
0x00007ff852890000 - 0x00007ff8528bd000 	C:\WINDOWS\SYSTEM32\dwmapi.dll
0x00007ff852b90000 - 0x00007ff852bb0000 	C:\WINDOWS\SYSTEM32\dxcore.dll
0x00007ff852110000 - 0x00007ff8521a9000 	C:\WINDOWS\system32\uxtheme.dll
0x00007ff8184f0000 - 0x00007ff81aa2d000 	C:\WINDOWS\SYSTEM32\igdumdim64.dll
0x00007ff8563b0000 - 0x00007ff856474000 	C:\WINDOWS\System32\OLEAUT32.dll
0x00007ff855ab0000 - 0x00007ff855c07000 	C:\WINDOWS\System32\ole32.dll
0x00007ff8551e0000 - 0x00007ff855650000 	C:\WINDOWS\System32\SETUPAPI.dll
0x00007ff854390000 - 0x00007ff8543b6000 	C:\WINDOWS\System32\bcrypt.dll
0x00007ff831720000 - 0x00007ff831765000 	C:\Users\Alusik\Desktop\javafx-sdk-11.0.2\bin\glass.dll
0x00007ff8557f0000 - 0x00007ff8558c0000 	C:\WINDOWS\System32\COMDLG32.dll
0x00007ff855940000 - 0x00007ff855a76000 	C:\WINDOWS\System32\MSCTF.dll
0x00007ff849380000 - 0x00007ff849dbf000 	C:\WINDOWS\SYSTEM32\igdusc64.dll
0x00007ff835370000 - 0x00007ff835384000 	C:\Users\Alusik\Desktop\javafx-sdk-11.0.2\bin\javafx_font.dll
0x00007ff837cc0000 - 0x00007ff837fbe000 	C:\WINDOWS\SYSTEM32\dwrite.dll
0x00007ff855e10000 - 0x00007ff855eb2000 	C:\WINDOWS\System32\clbcatq.dll
0x00007ff84d0f0000 - 0x00007ff84d29f000 	C:\WINDOWS\SYSTEM32\WindowsCodecs.dll
0x00007ff834a00000 - 0x00007ff834a3a000 	C:\WINDOWS\system32\dataexchange.dll
0x00007ff851870000 - 0x00007ff851a4c000 	C:\WINDOWS\system32\dcomp.dll
0x00007ff8511b0000 - 0x00007ff85140b000 	C:\WINDOWS\system32\d3d11.dll
0x00007ff852c20000 - 0x00007ff852d0b000 	C:\WINDOWS\system32\dxgi.dll
0x00007ff852360000 - 0x00007ff8525c1000 	C:\WINDOWS\system32\twinapi.appcore.dll
0x00007ff8526c0000 - 0x00007ff8526e9000 	C:\WINDOWS\system32\RMCLIENT.dll
0x00007ff831330000 - 0x00007ff831363000 	C:\Program Files\Common Files\Microsoft Shared\Ink\rtscom.dll
0x00007ff838a50000 - 0x00007ff838aee000 	C:\WINDOWS\System32\TextInputFramework.dll
0x00007ff84d2a0000 - 0x00007ff84d5ca000 	C:\WINDOWS\System32\CoreUIComponents.dll
0x00007ff851dc0000 - 0x00007ff851e94000 	C:\WINDOWS\System32\CoreMessaging.dll
0x00007ff852f80000 - 0x00007ff852fb1000 	C:\WINDOWS\SYSTEM32\ntmarta.dll
0x00007ff84fd80000 - 0x00007ff84fed3000 	C:\WINDOWS\SYSTEM32\wintypes.dll
0x00007ff834b20000 - 0x00007ff834b85000 	C:\WINDOWS\system32\Oleacc.dll

dbghelp: loaded successfully - version: 4.0.5 - missing functions: none
symbol engine: initialized successfully - sym options: 0x614 - pdb path: .;C:\Program Files\Java\jdk-13\bin;C:\WINDOWS\SYSTEM32;C:\WINDOWS\WinSxS\amd64_microsoft.windows.common-controls_6595b64144ccf1df_6.0.18362.836_none_e6c4b943130f18ed;C:\Program Files\Java\jdk-13\bin\server;C:\Program Files\JetBrains\IntelliJ IDEA 2020.1.1\bin;C:\Users\Alusik\Desktop\javafx-sdk-11.0.2\bin;C:\Program Files\Common Files\Microsoft Shared\Ink

VM Arguments:
jvm_args: --module-path=C:\Users\Alusik\Desktop\javafx-sdk-11.0.2\lib --add-modules=javafx.controls,javafx.fxml --add-modules=javafx.base,javafx.graphics --add-reads=javafx.base=ALL-UNNAMED --add-reads=javafx.graphics=ALL-UNNAMED -javaagent:C:\Program Files\JetBrains\IntelliJ IDEA 2020.1.1\lib\idea_rt.jar=49989:C:\Program Files\JetBrains\IntelliJ IDEA 2020.1.1\bin -Dfile.encoding=UTF-8 
java_command: sample.Main
java_class_path (initial): C:\Users\Alusik\Desktop\Pract\Paint\out\production\Paint;C:\Users\Alusik\Desktop\javafx-sdk-11.0.2\lib\src.zip;C:\Users\Alusik\Desktop\javafx-sdk-11.0.2\lib\javafx-swt.jar;C:\Users\Alusik\Desktop\javafx-sdk-11.0.2\lib\javafx.web.jar;C:\Users\Alusik\Desktop\javafx-sdk-11.0.2\lib\javafx.base.jar;C:\Users\Alusik\Desktop\javafx-sdk-11.0.2\lib\javafx.fxml.jar;C:\Users\Alusik\Desktop\javafx-sdk-11.0.2\lib\javafx.media.jar;C:\Users\Alusik\Desktop\javafx-sdk-11.0.2\lib\javafx.swing.jar;C:\Users\Alusik\Desktop\javafx-sdk-11.0.2\lib\javafx.controls.jar;C:\Users\Alusik\Desktop\javafx-sdk-11.0.2\lib\javafx.graphics.jar
Launcher Type: SUN_STANDARD

[Global flags]
     intx CICompilerCount                          = 3                                         {product} {ergonomic}
     uint ConcGCThreads                            = 1                                         {product} {ergonomic}
     uint G1ConcRefinementThreads                  = 4                                         {product} {ergonomic}
   size_t G1HeapRegionSize                         = 1048576                                   {product} {ergonomic}
    uintx GCDrainStackTargetSize                   = 64                                        {product} {ergonomic}
   size_t InitialHeapSize                          = 134217728                                 {product} {ergonomic}
   size_t MarkStackSize                            = 4194304                                   {product} {ergonomic}
   size_t MaxHeapSize                              = 2124414976                                {product} {ergonomic}
   size_t MaxNewSize                               = 1274019840                                {product} {ergonomic}
   size_t MinHeapDeltaBytes                        = 1048576                                   {product} {ergonomic}
   size_t MinHeapSize                              = 8388608                                   {product} {ergonomic}
    uintx NonNMethodCodeHeapSize                   = 5830732                                {pd product} {ergonomic}
    uintx NonProfiledCodeHeapSize                  = 122913754                              {pd product} {ergonomic}
    uintx ProfiledCodeHeapSize                     = 122913754                              {pd product} {ergonomic}
    uintx ReservedCodeCacheSize                    = 251658240                              {pd product} {ergonomic}
     bool SegmentedCodeCache                       = true                                      {product} {ergonomic}
   size_t SoftMaxHeapSize                          = 2124414976                             {manageable} {ergonomic}
     bool UseCompressedClassPointers               = true                                 {lp64_product} {ergonomic}
     bool UseCompressedOops                        = true                                 {lp64_product} {ergonomic}
     bool UseG1GC                                  = true                                      {product} {ergonomic}
     bool UseLargePagesIndividualAllocation        = false                                  {pd product} {ergonomic}

Logging:
Log output configuration:
 #0: stdout all=warning uptime,level,tags
 #1: stderr all=off uptime,level,tags

Environment Variables:
PATH=C:\Program Files (x86)\Common Files\Oracle\Java\javapath;C:\Python\Python27\;C:\Python\Python27\Scripts;C:\ProgramData\Oracle\Java\javapath;C:\Program Files (x86)\Intel\iCLS Client\;C:\Program Files\Intel\iCLS Client\;C:\WINDOWS\system32;C:\WINDOWS;C:\WINDOWS\System32\Wbem;C:\WINDOWS\System32\WindowsPowerShell\v1.0\;C:\Program Files\Intel\Intel(R) Management Engine Components\DAL;C:\Program Files\Intel\Intel(R) Management Engine Components\IPT;C:\Program Files (x86)\Intel\Intel(R) Management Engine Components\DAL;C:\Program Files (x86)\Intel\Intel(R) Management Engine Components\IPT;C:\WINDOWS\SysWOW64;C:\WINDOWS\System32\OpenSSH\;C:\Program Files\dotnet\;C:\Program Files\Microsoft SQL Server\130\Tools\Binn\;C:\Program Files\Microsoft SQL Server\Client SDK\ODBC\170\Tools\Binn\;C:\Users\Alusik\AppData\Local\Microsoft\WindowsApps;
USERNAME=Alusik
OS=Windows_NT
PROCESSOR_IDENTIFIER=Intel64 Family 6 Model 69 Stepping 1, GenuineIntel



---------------  S Y S T E M  ---------------

OS: Windows 10 , 64 bit Build 18362 (10.0.18362.778)

CPU:total 4 (initial active 4) (2 cores per cpu, 2 threads per core) family 6 model 69 stepping 1, cmov, cx8, fxsr, mmx, sse, sse2, sse3, ssse3, sse4.1, sse4.2, popcnt, avx, avx2, aes, clmul, erms, lzcnt, ht, tsc, tscinvbit, bmi1, bmi2, fma

Memory: 4k page, system-wide physical 8099M (1509M free)
TotalPageFile size 11637M (AvailPageFile size 6M)
current process WorkingSet (physical memory assigned to process): 203M, peak: 205M
current process commit charge ("private bytes"): 314M, peak: 317M

vm_info: Java HotSpot(TM) 64-Bit Server VM (13+33) for windows-amd64 JRE (13+33), built on Sep 18 2019 21:38:00 by "mach5one" with unknown MS VC++:1916

END.
